2025-09-25 19:53:08,357 - INFO - Migration log initialized: data\logs\batch_migration_20250925_195308.log
2025-09-25 19:53:08,400 - INFO - Entity normalizer initialized successfully
2025-09-25 19:53:08,400 - INFO - ================================================================================
2025-09-25 19:53:08,400 - INFO - STARTING BATCH MIGRATION FOR NORMALIZATION
2025-09-25 19:53:08,400 - INFO - ================================================================================
2025-09-25 19:53:08,404 - INFO - Created migration-specific backup: data/processed/intervention_research_batch_migration_backup_20250925_195308.db
2025-09-25 19:53:08,410 - INFO - Found 871 records to migrate
2025-09-25 19:53:08,410 - INFO - Processing 871 records in batches of 100
2025-09-25 19:53:08,410 - INFO - Total batches to process: 9
2025-09-25 19:53:08,410 - INFO - Processing batch 1/9 (100 records)
2025-09-25 19:53:08,420 - ERROR - Error processing record 17: no such column: ce.metadata
2025-09-25 19:53:08,427 - ERROR - Error processing record 18: no such column: ce.metadata
2025-09-25 19:53:08,436 - ERROR - Error processing record 19: no such column: ce.metadata
2025-09-25 19:53:08,445 - ERROR - Error processing record 20: no such column: ce.metadata
2025-09-25 19:53:08,453 - ERROR - Error processing record 21: no such column: ce.metadata
2025-09-25 19:53:08,463 - ERROR - Error processing record 22: no such column: ce.metadata
2025-09-25 19:53:08,472 - ERROR - Error processing record 23: no such column: ce.metadata
2025-09-25 19:53:08,481 - ERROR - Error processing record 24: no such column: ce.metadata
2025-09-25 19:53:08,491 - ERROR - Error processing record 25: no such column: ce.metadata
2025-09-25 19:53:08,499 - ERROR - Error processing record 26: no such column: ce.metadata
2025-09-25 19:53:08,508 - ERROR - Error processing record 27: no such column: ce.metadata
2025-09-25 19:53:08,516 - ERROR - Error processing record 28: no such column: ce.metadata
2025-09-25 19:53:08,526 - ERROR - Error processing record 29: no such column: ce.metadata
2025-09-25 19:53:08,534 - ERROR - Error processing record 30: no such column: ce.metadata
2025-09-25 19:53:08,544 - ERROR - Error processing record 31: no such column: ce.metadata
2025-09-25 19:53:08,552 - ERROR - Error processing record 32: no such column: ce.metadata
2025-09-25 19:53:08,560 - ERROR - Error processing record 33: no such column: ce.metadata
2025-09-25 19:53:08,568 - ERROR - Error processing record 34: no such column: ce.metadata
2025-09-25 19:53:08,577 - ERROR - Error processing record 36: no such column: ce.metadata
2025-09-25 19:53:08,585 - ERROR - Error processing record 37: no such column: ce.metadata
2025-09-25 19:53:08,593 - ERROR - Error processing record 38: no such column: ce.metadata
2025-09-25 19:53:08,601 - ERROR - Error processing record 39: no such column: ce.metadata
2025-09-25 19:53:08,609 - ERROR - Error processing record 40: no such column: ce.metadata
2025-09-25 19:53:08,617 - ERROR - Error processing record 41: no such column: ce.metadata
2025-09-25 19:53:08,625 - ERROR - Error processing record 42: no such column: ce.metadata
2025-09-25 19:53:08,633 - ERROR - Error processing record 43: no such column: ce.metadata
2025-09-25 19:53:08,642 - ERROR - Error processing record 44: no such column: ce.metadata
2025-09-25 19:53:08,650 - ERROR - Error processing record 45: no such column: ce.metadata
2025-09-25 19:53:08,658 - ERROR - Error processing record 46: no such column: ce.metadata
2025-09-25 19:53:08,670 - ERROR - Error processing record 47: no such column: ce.metadata
2025-09-25 19:53:08,678 - ERROR - Error processing record 48: no such column: ce.metadata
2025-09-25 19:53:08,688 - ERROR - Error processing record 49: no such column: ce.metadata
2025-09-25 19:53:08,696 - ERROR - Error processing record 50: no such column: ce.metadata
2025-09-25 19:53:08,704 - ERROR - Error processing record 51: no such column: ce.metadata
2025-09-25 19:53:08,713 - ERROR - Error processing record 52: no such column: ce.metadata
2025-09-25 19:53:08,722 - ERROR - Error processing record 53: no such column: ce.metadata
2025-09-25 19:53:08,730 - ERROR - Error processing record 54: no such column: ce.metadata
2025-09-25 19:53:08,738 - ERROR - Error processing record 55: no such column: ce.metadata
2025-09-25 19:53:08,745 - ERROR - Error processing record 56: no such column: ce.metadata
2025-09-25 19:53:08,754 - ERROR - Error processing record 57: no such column: ce.metadata
2025-09-25 19:53:08,762 - ERROR - Error processing record 58: no such column: ce.metadata
2025-09-25 19:53:08,772 - ERROR - Error processing record 59: no such column: ce.metadata
2025-09-25 19:53:08,781 - ERROR - Error processing record 60: no such column: ce.metadata
2025-09-25 19:53:08,789 - ERROR - Error processing record 61: no such column: ce.metadata
2025-09-25 19:53:08,797 - ERROR - Error processing record 62: no such column: ce.metadata
2025-09-25 19:53:08,806 - ERROR - Error processing record 63: no such column: ce.metadata
2025-09-25 19:53:08,814 - ERROR - Error processing record 64: no such column: ce.metadata
2025-09-25 19:53:08,824 - ERROR - Error processing record 65: no such column: ce.metadata
2025-09-25 19:53:08,833 - ERROR - Error processing record 66: no such column: ce.metadata
2025-09-25 19:53:08,843 - ERROR - Error processing record 67: no such column: ce.metadata
2025-09-25 19:53:08,849 - ERROR - Error processing record 68: no such column: ce.metadata
2025-09-25 19:53:08,858 - ERROR - Error processing record 69: no such column: ce.metadata
2025-09-25 19:53:08,866 - ERROR - Error processing record 70: no such column: ce.metadata
2025-09-25 19:53:08,876 - ERROR - Error processing record 71: no such column: ce.metadata
2025-09-25 19:53:08,884 - ERROR - Error processing record 72: no such column: ce.metadata
2025-09-25 19:53:08,892 - ERROR - Error processing record 73: no such column: ce.metadata
2025-09-25 19:53:08,900 - ERROR - Error processing record 74: no such column: ce.metadata
2025-09-25 19:53:08,908 - ERROR - Error processing record 75: no such column: ce.metadata
2025-09-25 19:53:08,916 - ERROR - Error processing record 76: no such column: ce.metadata
2025-09-25 19:53:08,926 - ERROR - Error processing record 77: no such column: ce.metadata
2025-09-25 19:53:08,933 - ERROR - Error processing record 78: no such column: ce.metadata
2025-09-25 19:53:08,942 - ERROR - Error processing record 79: no such column: ce.metadata
2025-09-25 19:53:08,950 - ERROR - Error processing record 80: no such column: ce.metadata
2025-09-25 19:53:08,958 - ERROR - Error processing record 81: no such column: ce.metadata
2025-09-25 19:53:08,968 - ERROR - Error processing record 82: no such column: ce.metadata
2025-09-25 19:53:08,977 - ERROR - Error processing record 83: no such column: ce.metadata
2025-09-25 19:53:08,985 - ERROR - Error processing record 84: no such column: ce.metadata
2025-09-25 19:53:08,994 - ERROR - Error processing record 85: no such column: ce.metadata
2025-09-25 19:53:09,002 - ERROR - Error processing record 86: no such column: ce.metadata
2025-09-25 19:53:09,012 - ERROR - Error processing record 87: no such column: ce.metadata
2025-09-25 19:53:09,020 - ERROR - Error processing record 88: no such column: ce.metadata
2025-09-25 19:53:09,028 - ERROR - Error processing record 89: no such column: ce.metadata
2025-09-25 19:53:09,036 - ERROR - Error processing record 90: no such column: ce.metadata
2025-09-25 19:53:09,045 - ERROR - Error processing record 91: no such column: ce.metadata
2025-09-25 19:53:09,055 - ERROR - Error processing record 92: no such column: ce.metadata
2025-09-25 19:53:09,063 - ERROR - Error processing record 93: no such column: ce.metadata
2025-09-25 19:53:09,072 - ERROR - Error processing record 94: no such column: ce.metadata
2025-09-25 19:53:09,081 - ERROR - Error processing record 95: no such column: ce.metadata
2025-09-25 19:53:09,088 - ERROR - Error processing record 96: no such column: ce.metadata
2025-09-25 19:53:09,096 - ERROR - Error processing record 97: no such column: ce.metadata
2025-09-25 19:53:09,108 - ERROR - Error processing record 98: no such column: ce.metadata
2025-09-25 19:53:09,116 - ERROR - Error processing record 99: no such column: ce.metadata
2025-09-25 19:53:09,125 - ERROR - Error processing record 100: no such column: ce.metadata
2025-09-25 19:53:09,134 - ERROR - Error processing record 101: no such column: ce.metadata
2025-09-25 19:53:09,142 - ERROR - Error processing record 102: no such column: ce.metadata
2025-09-25 19:53:09,150 - ERROR - Error processing record 103: no such column: ce.metadata
2025-09-25 19:53:09,162 - ERROR - Error processing record 104: no such column: ce.metadata
2025-09-25 19:53:09,170 - ERROR - Error processing record 105: no such column: ce.metadata
2025-09-25 19:53:09,179 - ERROR - Error processing record 106: no such column: ce.metadata
2025-09-25 19:53:09,188 - ERROR - Error processing record 107: no such column: ce.metadata
2025-09-25 19:53:09,197 - ERROR - Error processing record 108: no such column: ce.metadata
2025-09-25 19:53:09,206 - ERROR - Error processing record 109: no such column: ce.metadata
2025-09-25 19:53:09,214 - ERROR - Error processing record 110: no such column: ce.metadata
2025-09-25 19:53:09,224 - ERROR - Error processing record 111: no such column: ce.metadata
2025-09-25 19:53:09,232 - ERROR - Error processing record 112: no such column: ce.metadata
2025-09-25 19:53:09,243 - ERROR - Error processing record 113: no such column: ce.metadata
2025-09-25 19:53:09,252 - ERROR - Error processing record 114: no such column: ce.metadata
2025-09-25 19:53:09,260 - ERROR - Error processing record 115: no such column: ce.metadata
2025-09-25 19:53:09,270 - ERROR - Error processing record 116: no such column: ce.metadata
2025-09-25 19:53:09,279 - ERROR - Error processing record 117: no such column: ce.metadata
2025-09-25 19:53:09,279 - INFO - Batch 1 completed in 0.87s: 0 successful, 100 failed
2025-09-25 19:53:09,387 - INFO - Processing batch 2/9 (100 records)
2025-09-25 19:53:09,396 - ERROR - Error processing record 118: no such column: ce.metadata
2025-09-25 19:53:09,407 - ERROR - Error processing record 119: no such column: ce.metadata
2025-09-25 19:53:09,417 - ERROR - Error processing record 120: no such column: ce.metadata
2025-09-25 19:53:09,426 - ERROR - Error processing record 121: no such column: ce.metadata
2025-09-25 19:53:09,434 - ERROR - Error processing record 122: no such column: ce.metadata
2025-09-25 19:53:09,443 - ERROR - Error processing record 123: no such column: ce.metadata
2025-09-25 19:53:09,451 - ERROR - Error processing record 124: no such column: ce.metadata
2025-09-25 19:53:09,461 - ERROR - Error processing record 125: no such column: ce.metadata
2025-09-25 19:53:09,471 - ERROR - Error processing record 126: no such column: ce.metadata
2025-09-25 19:53:09,478 - ERROR - Error processing record 127: no such column: ce.metadata
2025-09-25 19:53:09,489 - ERROR - Error processing record 128: no such column: ce.metadata
2025-09-25 19:53:09,497 - ERROR - Error processing record 129: no such column: ce.metadata
2025-09-25 19:53:09,506 - ERROR - Error processing record 130: no such column: ce.metadata
2025-09-25 19:53:09,514 - ERROR - Error processing record 131: no such column: ce.metadata
2025-09-25 19:53:09,522 - ERROR - Error processing record 132: no such column: ce.metadata
2025-09-25 19:53:09,531 - ERROR - Error processing record 133: no such column: ce.metadata
2025-09-25 19:53:09,539 - ERROR - Error processing record 134: no such column: ce.metadata
2025-09-25 19:53:09,547 - ERROR - Error processing record 135: no such column: ce.metadata
2025-09-25 19:53:09,555 - ERROR - Error processing record 136: no such column: ce.metadata
2025-09-25 19:53:09,564 - ERROR - Error processing record 137: no such column: ce.metadata
2025-09-25 19:53:09,574 - ERROR - Error processing record 138: no such column: ce.metadata
2025-09-25 19:53:09,583 - ERROR - Error processing record 139: no such column: ce.metadata
2025-09-25 19:53:09,591 - ERROR - Error processing record 140: no such column: ce.metadata
2025-09-25 19:53:09,599 - ERROR - Error processing record 141: no such column: ce.metadata
2025-09-25 19:53:09,607 - ERROR - Error processing record 142: no such column: ce.metadata
2025-09-25 19:53:09,615 - ERROR - Error processing record 143: no such column: ce.metadata
2025-09-25 19:53:09,624 - ERROR - Error processing record 144: no such column: ce.metadata
2025-09-25 19:53:09,632 - ERROR - Error processing record 145: no such column: ce.metadata
2025-09-25 19:53:09,642 - ERROR - Error processing record 146: no such column: ce.metadata
2025-09-25 19:53:09,650 - ERROR - Error processing record 147: no such column: ce.metadata
2025-09-25 19:53:09,660 - ERROR - Error processing record 148: no such column: ce.metadata
2025-09-25 19:53:09,668 - ERROR - Error processing record 149: no such column: ce.metadata
2025-09-25 19:53:09,676 - ERROR - Error processing record 150: no such column: ce.metadata
2025-09-25 19:53:09,684 - ERROR - Error processing record 151: no such column: ce.metadata
2025-09-25 19:53:09,695 - ERROR - Error processing record 152: no such column: ce.metadata
2025-09-25 19:53:09,703 - ERROR - Error processing record 153: no such column: ce.metadata
2025-09-25 19:53:09,711 - ERROR - Error processing record 154: no such column: ce.metadata
2025-09-25 19:53:09,720 - ERROR - Error processing record 155: no such column: ce.metadata
2025-09-25 19:53:09,729 - ERROR - Error processing record 156: no such column: ce.metadata
2025-09-25 19:53:09,737 - ERROR - Error processing record 157: no such column: ce.metadata
2025-09-25 19:53:09,744 - ERROR - Error processing record 158: no such column: ce.metadata
2025-09-25 19:53:09,752 - ERROR - Error processing record 159: no such column: ce.metadata
2025-09-25 19:53:09,761 - ERROR - Error processing record 160: no such column: ce.metadata
2025-09-25 19:53:09,769 - ERROR - Error processing record 161: no such column: ce.metadata
2025-09-25 19:53:09,780 - ERROR - Error processing record 162: no such column: ce.metadata
2025-09-25 19:53:09,788 - ERROR - Error processing record 163: no such column: ce.metadata
2025-09-25 19:53:09,795 - ERROR - Error processing record 164: no such column: ce.metadata
2025-09-25 19:53:09,805 - ERROR - Error processing record 165: no such column: ce.metadata
2025-09-25 19:53:09,813 - ERROR - Error processing record 166: no such column: ce.metadata
2025-09-25 19:53:09,823 - ERROR - Error processing record 167: no such column: ce.metadata
2025-09-25 19:53:09,831 - ERROR - Error processing record 168: no such column: ce.metadata
2025-09-25 19:53:09,839 - ERROR - Error processing record 169: no such column: ce.metadata
2025-09-25 19:53:09,847 - ERROR - Error processing record 170: no such column: ce.metadata
2025-09-25 19:53:09,857 - ERROR - Error processing record 171: no such column: ce.metadata
2025-09-25 19:53:09,865 - ERROR - Error processing record 172: no such column: ce.metadata
2025-09-25 19:53:09,874 - ERROR - Error processing record 173: no such column: ce.metadata
2025-09-25 19:53:09,882 - ERROR - Error processing record 174: no such column: ce.metadata
2025-09-25 19:53:09,893 - ERROR - Error processing record 175: no such column: ce.metadata
2025-09-25 19:53:09,901 - ERROR - Error processing record 176: no such column: ce.metadata
2025-09-25 19:53:09,914 - ERROR - Error processing record 177: no such column: ce.metadata
2025-09-25 19:53:09,922 - ERROR - Error processing record 178: no such column: ce.metadata
2025-09-25 19:53:09,932 - ERROR - Error processing record 179: no such column: ce.metadata
2025-09-25 19:53:09,943 - ERROR - Error processing record 180: no such column: ce.metadata
2025-09-25 19:53:09,951 - ERROR - Error processing record 181: no such column: ce.metadata
2025-09-25 19:53:09,959 - ERROR - Error processing record 182: no such column: ce.metadata
2025-09-25 19:53:09,967 - ERROR - Error processing record 183: no such column: ce.metadata
2025-09-25 19:53:09,976 - ERROR - Error processing record 184: no such column: ce.metadata
2025-09-25 19:53:09,984 - ERROR - Error processing record 185: no such column: ce.metadata
2025-09-25 19:53:09,993 - ERROR - Error processing record 186: no such column: ce.metadata
2025-09-25 19:53:10,001 - ERROR - Error processing record 187: no such column: ce.metadata
2025-09-25 19:53:10,009 - ERROR - Error processing record 188: no such column: ce.metadata
2025-09-25 19:53:10,017 - ERROR - Error processing record 189: no such column: ce.metadata
2025-09-25 19:53:10,030 - ERROR - Error processing record 190: no such column: ce.metadata
2025-09-25 19:53:10,038 - ERROR - Error processing record 191: no such column: ce.metadata
2025-09-25 19:53:10,046 - ERROR - Error processing record 192: no such column: ce.metadata
2025-09-25 19:53:10,055 - ERROR - Error processing record 193: no such column: ce.metadata
2025-09-25 19:53:10,064 - ERROR - Error processing record 194: no such column: ce.metadata
2025-09-25 19:53:10,071 - ERROR - Error processing record 195: no such column: ce.metadata
2025-09-25 19:53:10,082 - ERROR - Error processing record 196: no such column: ce.metadata
2025-09-25 19:53:10,089 - ERROR - Error processing record 197: no such column: ce.metadata
2025-09-25 19:53:10,097 - ERROR - Error processing record 198: no such column: ce.metadata
2025-09-25 19:53:10,106 - ERROR - Error processing record 199: no such column: ce.metadata
2025-09-25 19:53:10,114 - ERROR - Error processing record 200: no such column: ce.metadata
2025-09-25 19:53:10,122 - ERROR - Error processing record 201: no such column: ce.metadata
2025-09-25 19:53:10,130 - ERROR - Error processing record 202: no such column: ce.metadata
2025-09-25 19:53:10,138 - ERROR - Error processing record 203: no such column: ce.metadata
2025-09-25 19:53:10,146 - ERROR - Error processing record 204: no such column: ce.metadata
2025-09-25 19:53:10,159 - ERROR - Error processing record 205: no such column: ce.metadata
2025-09-25 19:53:10,167 - ERROR - Error processing record 206: no such column: ce.metadata
2025-09-25 19:53:10,177 - ERROR - Error processing record 207: no such column: ce.metadata
2025-09-25 19:53:10,185 - ERROR - Error processing record 208: no such column: ce.metadata
2025-09-25 19:53:10,197 - ERROR - Error processing record 209: no such column: ce.metadata
2025-09-25 19:53:10,205 - ERROR - Error processing record 211: no such column: ce.metadata
2025-09-25 19:53:10,213 - ERROR - Error processing record 212: no such column: ce.metadata
2025-09-25 19:53:10,222 - ERROR - Error processing record 213: no such column: ce.metadata
2025-09-25 19:53:10,230 - ERROR - Error processing record 214: no such column: ce.metadata
2025-09-25 19:53:10,240 - ERROR - Error processing record 215: no such column: ce.metadata
2025-09-25 19:53:10,248 - ERROR - Error processing record 216: no such column: ce.metadata
2025-09-25 19:53:10,256 - ERROR - Error processing record 217: no such column: ce.metadata
2025-09-25 19:53:10,264 - ERROR - Error processing record 218: no such column: ce.metadata
2025-09-25 19:53:10,266 - INFO - Batch 2 completed in 0.88s: 0 successful, 100 failed
2025-09-25 19:53:10,369 - INFO - Processing batch 3/9 (100 records)
2025-09-25 19:53:10,379 - ERROR - Error processing record 219: no such column: ce.metadata
2025-09-25 19:53:10,387 - ERROR - Error processing record 220: no such column: ce.metadata
2025-09-25 19:53:10,397 - ERROR - Error processing record 221: no such column: ce.metadata
2025-09-25 19:53:10,408 - ERROR - Error processing record 222: no such column: ce.metadata
2025-09-25 19:53:10,418 - ERROR - Error processing record 223: no such column: ce.metadata
2025-09-25 19:53:10,426 - ERROR - Error processing record 224: no such column: ce.metadata
2025-09-25 19:53:10,434 - ERROR - Error processing record 225: no such column: ce.metadata
2025-09-25 19:53:10,443 - ERROR - Error processing record 226: no such column: ce.metadata
2025-09-25 19:53:10,451 - ERROR - Error processing record 227: no such column: ce.metadata
2025-09-25 19:53:10,462 - ERROR - Error processing record 228: no such column: ce.metadata
2025-09-25 19:53:10,471 - ERROR - Error processing record 229: no such column: ce.metadata
2025-09-25 19:53:10,480 - ERROR - Error processing record 230: no such column: ce.metadata
2025-09-25 19:53:10,493 - ERROR - Error processing record 231: no such column: ce.metadata
2025-09-25 19:53:10,501 - ERROR - Error processing record 232: no such column: ce.metadata
2025-09-25 19:53:10,510 - ERROR - Error processing record 233: no such column: ce.metadata
2025-09-25 19:53:10,518 - ERROR - Error processing record 234: no such column: ce.metadata
2025-09-25 19:53:10,526 - ERROR - Error processing record 235: no such column: ce.metadata
2025-09-25 19:53:10,534 - ERROR - Error processing record 236: no such column: ce.metadata
2025-09-25 19:53:10,544 - ERROR - Error processing record 237: no such column: ce.metadata
2025-09-25 19:53:10,553 - ERROR - Error processing record 238: no such column: ce.metadata
2025-09-25 19:53:10,561 - ERROR - Error processing record 239: no such column: ce.metadata
2025-09-25 19:53:10,569 - ERROR - Error processing record 240: no such column: ce.metadata
2025-09-25 19:53:10,576 - ERROR - Error processing record 241: no such column: ce.metadata
2025-09-25 19:53:10,584 - ERROR - Error processing record 242: no such column: ce.metadata
2025-09-25 19:53:10,594 - ERROR - Error processing record 243: no such column: ce.metadata
2025-09-25 19:53:10,602 - ERROR - Error processing record 244: no such column: ce.metadata
2025-09-25 19:53:10,611 - ERROR - Error processing record 245: no such column: ce.metadata
2025-09-25 19:53:10,619 - ERROR - Error processing record 246: no such column: ce.metadata
2025-09-25 19:53:10,630 - ERROR - Error processing record 247: no such column: ce.metadata
2025-09-25 19:53:10,638 - ERROR - Error processing record 248: no such column: ce.metadata
2025-09-25 19:53:10,646 - ERROR - Error processing record 250: no such column: ce.metadata
2025-09-25 19:53:10,656 - ERROR - Error processing record 251: no such column: ce.metadata
2025-09-25 19:53:10,664 - ERROR - Error processing record 252: no such column: ce.metadata
2025-09-25 19:53:10,674 - ERROR - Error processing record 253: no such column: ce.metadata
2025-09-25 19:53:10,680 - ERROR - Error processing record 254: no such column: ce.metadata
2025-09-25 19:53:10,691 - ERROR - Error processing record 255: no such column: ce.metadata
2025-09-25 19:53:10,700 - ERROR - Error processing record 256: no such column: ce.metadata
2025-09-25 19:53:10,709 - ERROR - Error processing record 257: no such column: ce.metadata
2025-09-25 19:53:10,717 - ERROR - Error processing record 258: no such column: ce.metadata
2025-09-25 19:53:10,724 - ERROR - Error processing record 259: no such column: ce.metadata
2025-09-25 19:53:10,733 - ERROR - Error processing record 260: no such column: ce.metadata
2025-09-25 19:53:10,741 - ERROR - Error processing record 261: no such column: ce.metadata
2025-09-25 19:53:10,749 - ERROR - Error processing record 262: no such column: ce.metadata
2025-09-25 19:53:10,757 - ERROR - Error processing record 263: no such column: ce.metadata
2025-09-25 19:53:10,765 - ERROR - Error processing record 264: no such column: ce.metadata
2025-09-25 19:53:10,776 - ERROR - Error processing record 265: no such column: ce.metadata
2025-09-25 19:53:10,784 - ERROR - Error processing record 266: no such column: ce.metadata
2025-09-25 19:53:10,793 - ERROR - Error processing record 267: no such column: ce.metadata
2025-09-25 19:53:10,803 - ERROR - Error processing record 268: no such column: ce.metadata
2025-09-25 19:53:10,814 - ERROR - Error processing record 269: no such column: ce.metadata
2025-09-25 19:53:10,822 - ERROR - Error processing record 270: no such column: ce.metadata
2025-09-25 19:53:10,830 - ERROR - Error processing record 271: no such column: ce.metadata
2025-09-25 19:53:10,839 - ERROR - Error processing record 272: no such column: ce.metadata
2025-09-25 19:53:10,846 - ERROR - Error processing record 273: no such column: ce.metadata
2025-09-25 19:53:10,856 - ERROR - Error processing record 274: no such column: ce.metadata
2025-09-25 19:53:10,864 - ERROR - Error processing record 275: no such column: ce.metadata
2025-09-25 19:53:10,872 - ERROR - Error processing record 276: no such column: ce.metadata
2025-09-25 19:53:10,880 - ERROR - Error processing record 277: no such column: ce.metadata
2025-09-25 19:53:10,888 - ERROR - Error processing record 278: no such column: ce.metadata
2025-09-25 19:53:10,896 - ERROR - Error processing record 279: no such column: ce.metadata
2025-09-25 19:53:10,905 - ERROR - Error processing record 280: no such column: ce.metadata
2025-09-25 19:53:10,914 - ERROR - Error processing record 281: no such column: ce.metadata
2025-09-25 19:53:10,922 - ERROR - Error processing record 282: no such column: ce.metadata
2025-09-25 19:53:10,930 - ERROR - Error processing record 283: no such column: ce.metadata
2025-09-25 19:53:10,941 - ERROR - Error processing record 284: no such column: ce.metadata
2025-09-25 19:53:10,949 - ERROR - Error processing record 285: no such column: ce.metadata
2025-09-25 19:53:10,959 - ERROR - Error processing record 286: no such column: ce.metadata
2025-09-25 19:53:10,967 - ERROR - Error processing record 287: no such column: ce.metadata
2025-09-25 19:53:10,977 - ERROR - Error processing record 288: no such column: ce.metadata
2025-09-25 19:53:10,985 - ERROR - Error processing record 289: no such column: ce.metadata
2025-09-25 19:53:10,992 - ERROR - Error processing record 290: no such column: ce.metadata
2025-09-25 19:53:11,000 - ERROR - Error processing record 291: no such column: ce.metadata
2025-09-25 19:53:11,012 - ERROR - Error processing record 292: no such column: ce.metadata
2025-09-25 19:53:11,020 - ERROR - Error processing record 293: no such column: ce.metadata
2025-09-25 19:53:11,029 - ERROR - Error processing record 294: no such column: ce.metadata
2025-09-25 19:53:11,038 - ERROR - Error processing record 295: no such column: ce.metadata
2025-09-25 19:53:11,047 - ERROR - Error processing record 296: no such column: ce.metadata
2025-09-25 19:53:11,055 - ERROR - Error processing record 297: no such column: ce.metadata
2025-09-25 19:53:11,063 - ERROR - Error processing record 298: no such column: ce.metadata
2025-09-25 19:53:11,072 - ERROR - Error processing record 299: no such column: ce.metadata
2025-09-25 19:53:11,081 - ERROR - Error processing record 300: no such column: ce.metadata
2025-09-25 19:53:11,088 - ERROR - Error processing record 301: no such column: ce.metadata
2025-09-25 19:53:11,096 - ERROR - Error processing record 302: no such column: ce.metadata
2025-09-25 19:53:11,105 - ERROR - Error processing record 303: no such column: ce.metadata
2025-09-25 19:53:11,113 - ERROR - Error processing record 304: no such column: ce.metadata
2025-09-25 19:53:11,123 - ERROR - Error processing record 305: no such column: ce.metadata
2025-09-25 19:53:11,130 - ERROR - Error processing record 306: no such column: ce.metadata
2025-09-25 19:53:11,142 - ERROR - Error processing record 307: no such column: ce.metadata
2025-09-25 19:53:11,150 - ERROR - Error processing record 308: no such column: ce.metadata
2025-09-25 19:53:11,158 - ERROR - Error processing record 309: no such column: ce.metadata
2025-09-25 19:53:11,167 - ERROR - Error processing record 310: no such column: ce.metadata
2025-09-25 19:53:11,176 - ERROR - Error processing record 311: no such column: ce.metadata
2025-09-25 19:53:11,184 - ERROR - Error processing record 312: no such column: ce.metadata
2025-09-25 19:53:11,192 - ERROR - Error processing record 313: no such column: ce.metadata
2025-09-25 19:53:11,200 - ERROR - Error processing record 314: no such column: ce.metadata
2025-09-25 19:53:11,209 - ERROR - Error processing record 315: no such column: ce.metadata
2025-09-25 19:53:11,217 - ERROR - Error processing record 316: no such column: ce.metadata
2025-09-25 19:53:11,227 - ERROR - Error processing record 317: no such column: ce.metadata
2025-09-25 19:53:11,235 - ERROR - Error processing record 318: no such column: ce.metadata
2025-09-25 19:53:11,244 - ERROR - Error processing record 319: no such column: ce.metadata
2025-09-25 19:53:11,244 - INFO - Batch 3 completed in 0.88s: 0 successful, 100 failed
2025-09-25 19:53:11,352 - INFO - Processing batch 4/9 (100 records)
2025-09-25 19:53:11,364 - ERROR - Error processing record 320: no such column: ce.metadata
2025-09-25 19:53:11,374 - ERROR - Error processing record 321: no such column: ce.metadata
2025-09-25 19:53:11,381 - ERROR - Error processing record 322: no such column: ce.metadata
2025-09-25 19:53:11,391 - ERROR - Error processing record 323: no such column: ce.metadata
2025-09-25 19:53:11,399 - ERROR - Error processing record 324: no such column: ce.metadata
2025-09-25 19:53:11,407 - ERROR - Error processing record 325: no such column: ce.metadata
2025-09-25 19:53:11,415 - ERROR - Error processing record 326: no such column: ce.metadata
2025-09-25 19:53:11,425 - ERROR - Error processing record 327: no such column: ce.metadata
2025-09-25 19:53:11,433 - ERROR - Error processing record 328: no such column: ce.metadata
2025-09-25 19:53:11,441 - ERROR - Error processing record 329: no such column: ce.metadata
2025-09-25 19:53:11,449 - ERROR - Error processing record 330: no such column: ce.metadata
2025-09-25 19:53:11,458 - ERROR - Error processing record 331: no such column: ce.metadata
2025-09-25 19:53:11,469 - ERROR - Error processing record 333: no such column: ce.metadata
2025-09-25 19:53:11,479 - ERROR - Error processing record 334: no such column: ce.metadata
2025-09-25 19:53:11,487 - ERROR - Error processing record 335: no such column: ce.metadata
2025-09-25 19:53:11,497 - ERROR - Error processing record 336: no such column: ce.metadata
2025-09-25 19:53:11,505 - ERROR - Error processing record 337: no such column: ce.metadata
2025-09-25 19:53:11,513 - ERROR - Error processing record 338: no such column: ce.metadata
2025-09-25 19:53:11,522 - ERROR - Error processing record 339: no such column: ce.metadata
2025-09-25 19:53:11,530 - ERROR - Error processing record 340: no such column: ce.metadata
2025-09-25 19:53:11,538 - ERROR - Error processing record 341: no such column: ce.metadata
2025-09-25 19:53:11,546 - ERROR - Error processing record 342: no such column: ce.metadata
2025-09-25 19:53:11,554 - ERROR - Error processing record 343: no such column: ce.metadata
2025-09-25 19:53:11,562 - ERROR - Error processing record 344: no such column: ce.metadata
2025-09-25 19:53:11,571 - ERROR - Error processing record 345: no such column: ce.metadata
2025-09-25 19:53:11,582 - ERROR - Error processing record 346: no such column: ce.metadata
2025-09-25 19:53:11,590 - ERROR - Error processing record 347: no such column: ce.metadata
2025-09-25 19:53:11,598 - ERROR - Error processing record 348: no such column: ce.metadata
2025-09-25 19:53:11,606 - ERROR - Error processing record 349: no such column: ce.metadata
2025-09-25 19:53:11,614 - ERROR - Error processing record 350: no such column: ce.metadata
2025-09-25 19:53:11,622 - ERROR - Error processing record 351: no such column: ce.metadata
2025-09-25 19:53:11,630 - ERROR - Error processing record 352: no such column: ce.metadata
2025-09-25 19:53:11,639 - ERROR - Error processing record 353: no such column: ce.metadata
2025-09-25 19:53:11,647 - ERROR - Error processing record 354: no such column: ce.metadata
2025-09-25 19:53:11,655 - ERROR - Error processing record 355: no such column: ce.metadata
2025-09-25 19:53:11,663 - ERROR - Error processing record 356: no such column: ce.metadata
2025-09-25 19:53:11,671 - ERROR - Error processing record 357: no such column: ce.metadata
2025-09-25 19:53:11,679 - ERROR - Error processing record 358: no such column: ce.metadata
2025-09-25 19:53:11,690 - ERROR - Error processing record 359: no such column: ce.metadata
2025-09-25 19:53:11,700 - ERROR - Error processing record 360: no such column: ce.metadata
2025-09-25 19:53:11,710 - ERROR - Error processing record 361: no such column: ce.metadata
2025-09-25 19:53:11,720 - ERROR - Error processing record 362: no such column: ce.metadata
2025-09-25 19:53:11,727 - ERROR - Error processing record 363: no such column: ce.metadata
2025-09-25 19:53:11,737 - ERROR - Error processing record 364: no such column: ce.metadata
2025-09-25 19:53:11,745 - ERROR - Error processing record 365: no such column: ce.metadata
2025-09-25 19:53:11,753 - ERROR - Error processing record 366: no such column: ce.metadata
2025-09-25 19:53:11,761 - ERROR - Error processing record 367: no such column: ce.metadata
2025-09-25 19:53:11,771 - ERROR - Error processing record 368: no such column: ce.metadata
2025-09-25 19:53:11,779 - ERROR - Error processing record 369: no such column: ce.metadata
2025-09-25 19:53:11,791 - ERROR - Error processing record 370: no such column: ce.metadata
2025-09-25 19:53:11,799 - ERROR - Error processing record 371: no such column: ce.metadata
2025-09-25 19:53:11,807 - ERROR - Error processing record 372: no such column: ce.metadata
2025-09-25 19:53:11,817 - ERROR - Error processing record 373: no such column: ce.metadata
2025-09-25 19:53:11,825 - ERROR - Error processing record 374: no such column: ce.metadata
2025-09-25 19:53:11,833 - ERROR - Error processing record 375: no such column: ce.metadata
2025-09-25 19:53:11,843 - ERROR - Error processing record 376: no such column: ce.metadata
2025-09-25 19:53:11,851 - ERROR - Error processing record 377: no such column: ce.metadata
2025-09-25 19:53:11,861 - ERROR - Error processing record 378: no such column: ce.metadata
2025-09-25 19:53:11,870 - ERROR - Error processing record 379: no such column: ce.metadata
2025-09-25 19:53:11,879 - ERROR - Error processing record 380: no such column: ce.metadata
2025-09-25 19:53:11,889 - ERROR - Error processing record 381: no such column: ce.metadata
2025-09-25 19:53:11,897 - ERROR - Error processing record 382: no such column: ce.metadata
2025-09-25 19:53:11,904 - ERROR - Error processing record 383: no such column: ce.metadata
2025-09-25 19:53:11,914 - ERROR - Error processing record 384: no such column: ce.metadata
2025-09-25 19:53:11,926 - ERROR - Error processing record 385: no such column: ce.metadata
2025-09-25 19:53:11,934 - ERROR - Error processing record 386: no such column: ce.metadata
2025-09-25 19:53:11,944 - ERROR - Error processing record 387: no such column: ce.metadata
2025-09-25 19:53:11,952 - ERROR - Error processing record 388: no such column: ce.metadata
2025-09-25 19:53:11,961 - ERROR - Error processing record 389: no such column: ce.metadata
2025-09-25 19:53:11,971 - ERROR - Error processing record 390: no such column: ce.metadata
2025-09-25 19:53:11,979 - ERROR - Error processing record 391: no such column: ce.metadata
2025-09-25 19:53:11,987 - ERROR - Error processing record 392: no such column: ce.metadata
2025-09-25 19:53:11,996 - ERROR - Error processing record 393: no such column: ce.metadata
2025-09-25 19:53:12,005 - ERROR - Error processing record 394: no such column: ce.metadata
2025-09-25 19:53:12,013 - ERROR - Error processing record 395: no such column: ce.metadata
2025-09-25 19:53:12,023 - ERROR - Error processing record 396: no such column: ce.metadata
2025-09-25 19:53:12,031 - ERROR - Error processing record 397: no such column: ce.metadata
2025-09-25 19:53:12,040 - ERROR - Error processing record 398: no such column: ce.metadata
2025-09-25 19:53:12,050 - ERROR - Error processing record 399: no such column: ce.metadata
2025-09-25 19:53:12,059 - ERROR - Error processing record 400: no such column: ce.metadata
2025-09-25 19:53:12,068 - ERROR - Error processing record 401: no such column: ce.metadata
2025-09-25 19:53:12,079 - ERROR - Error processing record 402: no such column: ce.metadata
2025-09-25 19:53:12,087 - ERROR - Error processing record 403: no such column: ce.metadata
2025-09-25 19:53:12,095 - ERROR - Error processing record 404: no such column: ce.metadata
2025-09-25 19:53:12,104 - ERROR - Error processing record 405: no such column: ce.metadata
2025-09-25 19:53:12,113 - ERROR - Error processing record 406: no such column: ce.metadata
2025-09-25 19:53:12,122 - ERROR - Error processing record 407: no such column: ce.metadata
2025-09-25 19:53:12,128 - ERROR - Error processing record 408: no such column: ce.metadata
2025-09-25 19:53:12,138 - ERROR - Error processing record 409: no such column: ce.metadata
2025-09-25 19:53:12,148 - ERROR - Error processing record 410: no such column: ce.metadata
2025-09-25 19:53:12,158 - ERROR - Error processing record 411: no such column: ce.metadata
2025-09-25 19:53:12,168 - ERROR - Error processing record 412: no such column: ce.metadata
2025-09-25 19:53:12,178 - ERROR - Error processing record 413: no such column: ce.metadata
2025-09-25 19:53:12,187 - ERROR - Error processing record 414: no such column: ce.metadata
2025-09-25 19:53:12,196 - ERROR - Error processing record 415: no such column: ce.metadata
2025-09-25 19:53:12,204 - ERROR - Error processing record 416: no such column: ce.metadata
2025-09-25 19:53:12,214 - ERROR - Error processing record 417: no such column: ce.metadata
2025-09-25 19:53:12,223 - ERROR - Error processing record 418: no such column: ce.metadata
2025-09-25 19:53:12,231 - ERROR - Error processing record 419: no such column: ce.metadata
2025-09-25 19:53:12,240 - ERROR - Error processing record 420: no such column: ce.metadata
2025-09-25 19:53:12,242 - INFO - Batch 4 completed in 0.89s: 0 successful, 100 failed
2025-09-25 19:53:12,353 - INFO - Processing batch 5/9 (100 records)
2025-09-25 19:53:12,363 - ERROR - Error processing record 421: no such column: ce.metadata
2025-09-25 19:53:12,372 - ERROR - Error processing record 422: no such column: ce.metadata
2025-09-25 19:53:12,380 - ERROR - Error processing record 423: no such column: ce.metadata
2025-09-25 19:53:12,390 - ERROR - Error processing record 424: no such column: ce.metadata
2025-09-25 19:53:12,398 - ERROR - Error processing record 425: no such column: ce.metadata
2025-09-25 19:53:12,407 - ERROR - Error processing record 426: no such column: ce.metadata
2025-09-25 19:53:12,415 - ERROR - Error processing record 427: no such column: ce.metadata
2025-09-25 19:53:12,426 - ERROR - Error processing record 428: no such column: ce.metadata
2025-09-25 19:53:12,435 - ERROR - Error processing record 429: no such column: ce.metadata
2025-09-25 19:53:12,444 - ERROR - Error processing record 430: no such column: ce.metadata
2025-09-25 19:53:12,455 - ERROR - Error processing record 431: no such column: ce.metadata
2025-09-25 19:53:12,465 - ERROR - Error processing record 432: no such column: ce.metadata
2025-09-25 19:53:12,475 - ERROR - Error processing record 433: no such column: ce.metadata
2025-09-25 19:53:12,484 - ERROR - Error processing record 434: no such column: ce.metadata
2025-09-25 19:53:12,494 - ERROR - Error processing record 435: no such column: ce.metadata
2025-09-25 19:53:12,503 - ERROR - Error processing record 436: no such column: ce.metadata
2025-09-25 19:53:12,511 - ERROR - Error processing record 437: no such column: ce.metadata
2025-09-25 19:53:12,520 - ERROR - Error processing record 438: no such column: ce.metadata
2025-09-25 19:53:12,529 - ERROR - Error processing record 439: no such column: ce.metadata
2025-09-25 19:53:12,537 - ERROR - Error processing record 440: no such column: ce.metadata
2025-09-25 19:53:12,546 - ERROR - Error processing record 441: no such column: ce.metadata
2025-09-25 19:53:12,555 - ERROR - Error processing record 442: no such column: ce.metadata
2025-09-25 19:53:12,563 - ERROR - Error processing record 443: no such column: ce.metadata
2025-09-25 19:53:12,571 - ERROR - Error processing record 444: no such column: ce.metadata
2025-09-25 19:53:12,581 - ERROR - Error processing record 445: no such column: ce.metadata
2025-09-25 19:53:12,590 - ERROR - Error processing record 446: no such column: ce.metadata
2025-09-25 19:53:12,598 - ERROR - Error processing record 447: no such column: ce.metadata
2025-09-25 19:53:12,607 - ERROR - Error processing record 448: no such column: ce.metadata
2025-09-25 19:53:12,615 - ERROR - Error processing record 449: no such column: ce.metadata
2025-09-25 19:53:12,625 - ERROR - Error processing record 450: no such column: ce.metadata
2025-09-25 19:53:12,633 - ERROR - Error processing record 451: no such column: ce.metadata
2025-09-25 19:53:12,640 - ERROR - Error processing record 452: no such column: ce.metadata
2025-09-25 19:53:12,650 - ERROR - Error processing record 453: no such column: ce.metadata
2025-09-25 19:53:12,657 - ERROR - Error processing record 454: no such column: ce.metadata
2025-09-25 19:53:12,668 - ERROR - Error processing record 455: no such column: ce.metadata
2025-09-25 19:53:12,679 - ERROR - Error processing record 456: no such column: ce.metadata
2025-09-25 19:53:12,687 - ERROR - Error processing record 457: no such column: ce.metadata
2025-09-25 19:53:12,694 - ERROR - Error processing record 458: no such column: ce.metadata
2025-09-25 19:53:12,704 - ERROR - Error processing record 459: no such column: ce.metadata
2025-09-25 19:53:12,712 - ERROR - Error processing record 460: no such column: ce.metadata
2025-09-25 19:53:12,720 - ERROR - Error processing record 461: no such column: ce.metadata
2025-09-25 19:53:12,730 - ERROR - Error processing record 462: no such column: ce.metadata
2025-09-25 19:53:12,741 - ERROR - Error processing record 463: no such column: ce.metadata
2025-09-25 19:53:12,749 - ERROR - Error processing record 464: no such column: ce.metadata
2025-09-25 19:53:12,758 - ERROR - Error processing record 465: no such column: ce.metadata
2025-09-25 19:53:12,766 - ERROR - Error processing record 466: no such column: ce.metadata
2025-09-25 19:53:12,776 - ERROR - Error processing record 467: no such column: ce.metadata
2025-09-25 19:53:12,785 - ERROR - Error processing record 468: no such column: ce.metadata
2025-09-25 19:53:12,793 - ERROR - Error processing record 469: no such column: ce.metadata
2025-09-25 19:53:12,801 - ERROR - Error processing record 470: no such column: ce.metadata
2025-09-25 19:53:12,810 - ERROR - Error processing record 471: no such column: ce.metadata
2025-09-25 19:53:12,818 - ERROR - Error processing record 472: no such column: ce.metadata
2025-09-25 19:53:12,826 - ERROR - Error processing record 473: no such column: ce.metadata
2025-09-25 19:53:12,835 - ERROR - Error processing record 474: no such column: ce.metadata
2025-09-25 19:53:12,844 - ERROR - Error processing record 475: no such column: ce.metadata
2025-09-25 19:53:12,852 - ERROR - Error processing record 476: no such column: ce.metadata
2025-09-25 19:53:12,862 - ERROR - Error processing record 477: no such column: ce.metadata
2025-09-25 19:53:12,870 - ERROR - Error processing record 479: no such column: ce.metadata
2025-09-25 19:53:12,880 - ERROR - Error processing record 480: no such column: ce.metadata
2025-09-25 19:53:12,892 - ERROR - Error processing record 481: no such column: ce.metadata
2025-09-25 19:53:12,900 - ERROR - Error processing record 482: no such column: ce.metadata
2025-09-25 19:53:12,909 - ERROR - Error processing record 483: no such column: ce.metadata
2025-09-25 19:53:12,917 - ERROR - Error processing record 484: no such column: ce.metadata
2025-09-25 19:53:12,926 - ERROR - Error processing record 485: no such column: ce.metadata
2025-09-25 19:53:12,934 - ERROR - Error processing record 486: no such column: ce.metadata
2025-09-25 19:53:12,945 - ERROR - Error processing record 487: no such column: ce.metadata
2025-09-25 19:53:12,953 - ERROR - Error processing record 488: no such column: ce.metadata
2025-09-25 19:53:12,962 - ERROR - Error processing record 489: no such column: ce.metadata
2025-09-25 19:53:12,973 - ERROR - Error processing record 490: no such column: ce.metadata
2025-09-25 19:53:12,981 - ERROR - Error processing record 491: no such column: ce.metadata
2025-09-25 19:53:12,991 - ERROR - Error processing record 492: no such column: ce.metadata
2025-09-25 19:53:12,998 - ERROR - Error processing record 493: no such column: ce.metadata
2025-09-25 19:53:13,006 - ERROR - Error processing record 494: no such column: ce.metadata
2025-09-25 19:53:13,016 - ERROR - Error processing record 495: no such column: ce.metadata
2025-09-25 19:53:13,025 - ERROR - Error processing record 496: no such column: ce.metadata
2025-09-25 19:53:13,032 - ERROR - Error processing record 497: no such column: ce.metadata
2025-09-25 19:53:13,041 - ERROR - Error processing record 498: no such column: ce.metadata
2025-09-25 19:53:13,048 - ERROR - Error processing record 499: no such column: ce.metadata
2025-09-25 19:53:13,058 - ERROR - Error processing record 500: no such column: ce.metadata
2025-09-25 19:53:13,066 - ERROR - Error processing record 501: no such column: ce.metadata
2025-09-25 19:53:13,077 - ERROR - Error processing record 502: no such column: ce.metadata
2025-09-25 19:53:13,085 - ERROR - Error processing record 503: no such column: ce.metadata
2025-09-25 19:53:13,096 - ERROR - Error processing record 505: no such column: ce.metadata
2025-09-25 19:53:13,105 - ERROR - Error processing record 506: no such column: ce.metadata
2025-09-25 19:53:13,112 - ERROR - Error processing record 507: no such column: ce.metadata
2025-09-25 19:53:13,121 - ERROR - Error processing record 508: no such column: ce.metadata
2025-09-25 19:53:13,129 - ERROR - Error processing record 509: no such column: ce.metadata
2025-09-25 19:53:13,138 - ERROR - Error processing record 510: no such column: ce.metadata
2025-09-25 19:53:13,146 - ERROR - Error processing record 511: no such column: ce.metadata
2025-09-25 19:53:13,156 - ERROR - Error processing record 512: no such column: ce.metadata
2025-09-25 19:53:13,164 - ERROR - Error processing record 513: no such column: ce.metadata
2025-09-25 19:53:13,172 - ERROR - Error processing record 514: no such column: ce.metadata
2025-09-25 19:53:13,180 - ERROR - Error processing record 515: no such column: ce.metadata
2025-09-25 19:53:13,189 - ERROR - Error processing record 516: no such column: ce.metadata
2025-09-25 19:53:13,197 - ERROR - Error processing record 517: no such column: ce.metadata
2025-09-25 19:53:13,204 - ERROR - Error processing record 518: no such column: ce.metadata
2025-09-25 19:53:13,212 - ERROR - Error processing record 519: no such column: ce.metadata
2025-09-25 19:53:13,221 - ERROR - Error processing record 520: no such column: ce.metadata
2025-09-25 19:53:13,229 - ERROR - Error processing record 521: no such column: ce.metadata
2025-09-25 19:53:13,240 - ERROR - Error processing record 522: no such column: ce.metadata
2025-09-25 19:53:13,241 - INFO - Batch 5 completed in 0.89s: 0 successful, 100 failed
2025-09-25 19:53:13,352 - INFO - Processing batch 6/9 (100 records)
2025-09-25 19:53:13,363 - ERROR - Error processing record 523: no such column: ce.metadata
2025-09-25 19:53:13,372 - ERROR - Error processing record 524: no such column: ce.metadata
2025-09-25 19:53:13,381 - ERROR - Error processing record 525: no such column: ce.metadata
2025-09-25 19:53:13,391 - ERROR - Error processing record 526: no such column: ce.metadata
2025-09-25 19:53:13,399 - ERROR - Error processing record 527: no such column: ce.metadata
2025-09-25 19:53:13,409 - ERROR - Error processing record 528: no such column: ce.metadata
2025-09-25 19:53:13,417 - ERROR - Error processing record 529: no such column: ce.metadata
2025-09-25 19:53:13,427 - ERROR - Error processing record 530: no such column: ce.metadata
2025-09-25 19:53:13,433 - ERROR - Error processing record 531: no such column: ce.metadata
2025-09-25 19:53:13,443 - ERROR - Error processing record 532: no such column: ce.metadata
2025-09-25 19:53:13,451 - ERROR - Error processing record 533: no such column: ce.metadata
2025-09-25 19:53:13,462 - ERROR - Error processing record 535: no such column: ce.metadata
2025-09-25 19:53:13,473 - ERROR - Error processing record 536: no such column: ce.metadata
2025-09-25 19:53:13,483 - ERROR - Error processing record 537: no such column: ce.metadata
2025-09-25 19:53:13,492 - ERROR - Error processing record 538: no such column: ce.metadata
2025-09-25 19:53:13,502 - ERROR - Error processing record 539: no such column: ce.metadata
2025-09-25 19:53:13,510 - ERROR - Error processing record 540: no such column: ce.metadata
2025-09-25 19:53:13,518 - ERROR - Error processing record 541: no such column: ce.metadata
2025-09-25 19:53:13,526 - ERROR - Error processing record 542: no such column: ce.metadata
2025-09-25 19:53:13,537 - ERROR - Error processing record 543: no such column: ce.metadata
2025-09-25 19:53:13,544 - ERROR - Error processing record 544: no such column: ce.metadata
2025-09-25 19:53:13,553 - ERROR - Error processing record 545: no such column: ce.metadata
2025-09-25 19:53:13,564 - ERROR - Error processing record 546: no such column: ce.metadata
2025-09-25 19:53:13,572 - ERROR - Error processing record 547: no such column: ce.metadata
2025-09-25 19:53:13,580 - ERROR - Error processing record 548: no such column: ce.metadata
2025-09-25 19:53:13,588 - ERROR - Error processing record 549: no such column: ce.metadata
2025-09-25 19:53:13,597 - ERROR - Error processing record 550: no such column: ce.metadata
2025-09-25 19:53:13,605 - ERROR - Error processing record 551: no such column: ce.metadata
2025-09-25 19:53:13,613 - ERROR - Error processing record 552: no such column: ce.metadata
2025-09-25 19:53:13,623 - ERROR - Error processing record 553: no such column: ce.metadata
2025-09-25 19:53:13,631 - ERROR - Error processing record 554: no such column: ce.metadata
2025-09-25 19:53:13,641 - ERROR - Error processing record 555: no such column: ce.metadata
2025-09-25 19:53:13,649 - ERROR - Error processing record 556: no such column: ce.metadata
2025-09-25 19:53:13,658 - ERROR - Error processing record 557: no such column: ce.metadata
2025-09-25 19:53:13,666 - ERROR - Error processing record 559: no such column: ce.metadata
2025-09-25 19:53:13,676 - ERROR - Error processing record 560: no such column: ce.metadata
2025-09-25 19:53:13,684 - ERROR - Error processing record 561: no such column: ce.metadata
2025-09-25 19:53:13,694 - ERROR - Error processing record 562: no such column: ce.metadata
2025-09-25 19:53:13,702 - ERROR - Error processing record 563: no such column: ce.metadata
2025-09-25 19:53:13,712 - ERROR - Error processing record 564: no such column: ce.metadata
2025-09-25 19:53:13,721 - ERROR - Error processing record 565: no such column: ce.metadata
2025-09-25 19:53:13,729 - ERROR - Error processing record 566: no such column: ce.metadata
2025-09-25 19:53:13,739 - ERROR - Error processing record 567: no such column: ce.metadata
2025-09-25 19:53:13,747 - ERROR - Error processing record 568: no such column: ce.metadata
2025-09-25 19:53:13,756 - ERROR - Error processing record 569: no such column: ce.metadata
2025-09-25 19:53:13,765 - ERROR - Error processing record 570: no such column: ce.metadata
2025-09-25 19:53:13,775 - ERROR - Error processing record 571: no such column: ce.metadata
2025-09-25 19:53:13,783 - ERROR - Error processing record 572: no such column: ce.metadata
2025-09-25 19:53:13,793 - ERROR - Error processing record 573: no such column: ce.metadata
2025-09-25 19:53:13,801 - ERROR - Error processing record 574: no such column: ce.metadata
2025-09-25 19:53:13,812 - ERROR - Error processing record 575: no such column: ce.metadata
2025-09-25 19:53:13,820 - ERROR - Error processing record 576: no such column: ce.metadata
2025-09-25 19:53:13,828 - ERROR - Error processing record 577: no such column: ce.metadata
2025-09-25 19:53:13,837 - ERROR - Error processing record 578: no such column: ce.metadata
2025-09-25 19:53:13,845 - ERROR - Error processing record 579: no such column: ce.metadata
2025-09-25 19:53:13,853 - ERROR - Error processing record 580: no such column: ce.metadata
2025-09-25 19:53:13,861 - ERROR - Error processing record 581: no such column: ce.metadata
2025-09-25 19:53:13,870 - ERROR - Error processing record 582: no such column: ce.metadata
2025-09-25 19:53:13,879 - ERROR - Error processing record 583: no such column: ce.metadata
2025-09-25 19:53:13,887 - ERROR - Error processing record 584: no such column: ce.metadata
2025-09-25 19:53:13,897 - ERROR - Error processing record 585: no such column: ce.metadata
2025-09-25 19:53:13,906 - ERROR - Error processing record 586: no such column: ce.metadata
2025-09-25 19:53:13,914 - ERROR - Error processing record 587: no such column: ce.metadata
2025-09-25 19:53:13,923 - ERROR - Error processing record 588: no such column: ce.metadata
2025-09-25 19:53:13,931 - ERROR - Error processing record 589: no such column: ce.metadata
2025-09-25 19:53:13,939 - ERROR - Error processing record 590: no such column: ce.metadata
2025-09-25 19:53:13,947 - ERROR - Error processing record 591: no such column: ce.metadata
2025-09-25 19:53:13,957 - ERROR - Error processing record 592: no such column: ce.metadata
2025-09-25 19:53:13,966 - ERROR - Error processing record 593: no such column: ce.metadata
2025-09-25 19:53:13,977 - ERROR - Error processing record 594: no such column: ce.metadata
2025-09-25 19:53:13,985 - ERROR - Error processing record 595: no such column: ce.metadata
2025-09-25 19:53:13,994 - ERROR - Error processing record 596: no such column: ce.metadata
2025-09-25 19:53:14,005 - ERROR - Error processing record 597: no such column: ce.metadata
2025-09-25 19:53:14,012 - ERROR - Error processing record 598: no such column: ce.metadata
2025-09-25 19:53:14,020 - ERROR - Error processing record 599: no such column: ce.metadata
2025-09-25 19:53:14,030 - ERROR - Error processing record 600: no such column: ce.metadata
2025-09-25 19:53:14,039 - ERROR - Error processing record 601: no such column: ce.metadata
2025-09-25 19:53:14,047 - ERROR - Error processing record 602: no such column: ce.metadata
2025-09-25 19:53:14,056 - ERROR - Error processing record 603: no such column: ce.metadata
2025-09-25 19:53:14,065 - ERROR - Error processing record 604: no such column: ce.metadata
2025-09-25 19:53:14,074 - ERROR - Error processing record 605: no such column: ce.metadata
2025-09-25 19:53:14,081 - ERROR - Error processing record 606: no such column: ce.metadata
2025-09-25 19:53:14,091 - ERROR - Error processing record 607: no such column: ce.metadata
2025-09-25 19:53:14,099 - ERROR - Error processing record 608: no such column: ce.metadata
2025-09-25 19:53:14,108 - ERROR - Error processing record 609: no such column: ce.metadata
2025-09-25 19:53:14,117 - ERROR - Error processing record 610: no such column: ce.metadata
2025-09-25 19:53:14,127 - ERROR - Error processing record 611: no such column: ce.metadata
2025-09-25 19:53:14,137 - ERROR - Error processing record 612: no such column: ce.metadata
2025-09-25 19:53:14,143 - ERROR - Error processing record 613: no such column: ce.metadata
2025-09-25 19:53:14,153 - ERROR - Error processing record 614: no such column: ce.metadata
2025-09-25 19:53:14,162 - ERROR - Error processing record 615: no such column: ce.metadata
2025-09-25 19:53:14,172 - ERROR - Error processing record 616: no such column: ce.metadata
2025-09-25 19:53:14,179 - ERROR - Error processing record 617: no such column: ce.metadata
2025-09-25 19:53:14,188 - ERROR - Error processing record 618: no such column: ce.metadata
2025-09-25 19:53:14,196 - ERROR - Error processing record 619: no such column: ce.metadata
2025-09-25 19:53:14,205 - ERROR - Error processing record 620: no such column: ce.metadata
2025-09-25 19:53:14,213 - ERROR - Error processing record 621: no such column: ce.metadata
2025-09-25 19:53:14,223 - ERROR - Error processing record 622: no such column: ce.metadata
2025-09-25 19:53:14,231 - ERROR - Error processing record 623: no such column: ce.metadata
2025-09-25 19:53:14,242 - ERROR - Error processing record 624: no such column: ce.metadata
2025-09-25 19:53:14,242 - INFO - Batch 6 completed in 0.89s: 0 successful, 100 failed
2025-09-25 19:53:14,353 - INFO - Processing batch 7/9 (100 records)
2025-09-25 19:53:14,362 - ERROR - Error processing record 625: no such column: ce.metadata
2025-09-25 19:53:14,371 - ERROR - Error processing record 626: no such column: ce.metadata
2025-09-25 19:53:14,379 - ERROR - Error processing record 627: no such column: ce.metadata
2025-09-25 19:53:14,387 - ERROR - Error processing record 628: no such column: ce.metadata
2025-09-25 19:53:14,396 - ERROR - Error processing record 629: no such column: ce.metadata
2025-09-25 19:53:14,405 - ERROR - Error processing record 630: no such column: ce.metadata
2025-09-25 19:53:14,413 - ERROR - Error processing record 631: no such column: ce.metadata
2025-09-25 19:53:14,420 - ERROR - Error processing record 632: no such column: ce.metadata
2025-09-25 19:53:14,428 - ERROR - Error processing record 633: no such column: ce.metadata
2025-09-25 19:53:14,438 - ERROR - Error processing record 634: no such column: ce.metadata
2025-09-25 19:53:14,446 - ERROR - Error processing record 635: no such column: ce.metadata
2025-09-25 19:53:14,455 - ERROR - Error processing record 636: no such column: ce.metadata
2025-09-25 19:53:14,464 - ERROR - Error processing record 637: no such column: ce.metadata
2025-09-25 19:53:14,472 - ERROR - Error processing record 638: no such column: ce.metadata
2025-09-25 19:53:14,482 - ERROR - Error processing record 639: no such column: ce.metadata
2025-09-25 19:53:14,491 - ERROR - Error processing record 640: no such column: ce.metadata
2025-09-25 19:53:14,500 - ERROR - Error processing record 641: no such column: ce.metadata
2025-09-25 19:53:14,510 - ERROR - Error processing record 642: no such column: ce.metadata
2025-09-25 19:53:14,519 - ERROR - Error processing record 643: no such column: ce.metadata
2025-09-25 19:53:14,527 - ERROR - Error processing record 644: no such column: ce.metadata
2025-09-25 19:53:14,536 - ERROR - Error processing record 645: no such column: ce.metadata
2025-09-25 19:53:14,543 - ERROR - Error processing record 646: no such column: ce.metadata
2025-09-25 19:53:14,552 - ERROR - Error processing record 647: no such column: ce.metadata
2025-09-25 19:53:14,560 - ERROR - Error processing record 648: no such column: ce.metadata
2025-09-25 19:53:14,568 - ERROR - Error processing record 649: no such column: ce.metadata
2025-09-25 19:53:14,576 - ERROR - Error processing record 651: no such column: ce.metadata
2025-09-25 19:53:14,585 - ERROR - Error processing record 652: no such column: ce.metadata
2025-09-25 19:53:14,593 - ERROR - Error processing record 653: no such column: ce.metadata
2025-09-25 19:53:14,603 - ERROR - Error processing record 654: no such column: ce.metadata
2025-09-25 19:53:14,612 - ERROR - Error processing record 655: no such column: ce.metadata
2025-09-25 19:53:14,620 - ERROR - Error processing record 656: no such column: ce.metadata
2025-09-25 19:53:14,630 - ERROR - Error processing record 657: no such column: ce.metadata
2025-09-25 19:53:14,637 - ERROR - Error processing record 658: no such column: ce.metadata
2025-09-25 19:53:14,647 - ERROR - Error processing record 659: no such column: ce.metadata
2025-09-25 19:53:14,657 - ERROR - Error processing record 660: no such column: ce.metadata
2025-09-25 19:53:14,667 - ERROR - Error processing record 661: no such column: ce.metadata
2025-09-25 19:53:14,676 - ERROR - Error processing record 662: no such column: ce.metadata
2025-09-25 19:53:14,684 - ERROR - Error processing record 663: no such column: ce.metadata
2025-09-25 19:53:14,694 - ERROR - Error processing record 664: no such column: ce.metadata
2025-09-25 19:53:14,703 - ERROR - Error processing record 665: no such column: ce.metadata
2025-09-25 19:53:14,710 - ERROR - Error processing record 666: no such column: ce.metadata
2025-09-25 19:53:14,718 - ERROR - Error processing record 667: no such column: ce.metadata
2025-09-25 19:53:14,727 - ERROR - Error processing record 668: no such column: ce.metadata
2025-09-25 19:53:14,735 - ERROR - Error processing record 669: no such column: ce.metadata
2025-09-25 19:53:14,744 - ERROR - Error processing record 670: no such column: ce.metadata
2025-09-25 19:53:14,752 - ERROR - Error processing record 671: no such column: ce.metadata
2025-09-25 19:53:14,763 - ERROR - Error processing record 672: no such column: ce.metadata
2025-09-25 19:53:14,772 - ERROR - Error processing record 673: no such column: ce.metadata
2025-09-25 19:53:14,780 - ERROR - Error processing record 674: no such column: ce.metadata
2025-09-25 19:53:14,789 - ERROR - Error processing record 675: no such column: ce.metadata
2025-09-25 19:53:14,797 - ERROR - Error processing record 676: no such column: ce.metadata
2025-09-25 19:53:14,805 - ERROR - Error processing record 677: no such column: ce.metadata
2025-09-25 19:53:14,813 - ERROR - Error processing record 678: no such column: ce.metadata
2025-09-25 19:53:14,822 - ERROR - Error processing record 679: no such column: ce.metadata
2025-09-25 19:53:14,830 - ERROR - Error processing record 680: no such column: ce.metadata
2025-09-25 19:53:14,839 - ERROR - Error processing record 681: no such column: ce.metadata
2025-09-25 19:53:14,847 - ERROR - Error processing record 682: no such column: ce.metadata
2025-09-25 19:53:14,855 - ERROR - Error processing record 683: no such column: ce.metadata
2025-09-25 19:53:14,863 - ERROR - Error processing record 684: no such column: ce.metadata
2025-09-25 19:53:14,876 - ERROR - Error processing record 685: no such column: ce.metadata
2025-09-25 19:53:14,884 - ERROR - Error processing record 686: no such column: ce.metadata
2025-09-25 19:53:14,893 - ERROR - Error processing record 687: no such column: ce.metadata
2025-09-25 19:53:14,902 - ERROR - Error processing record 688: no such column: ce.metadata
2025-09-25 19:53:14,910 - ERROR - Error processing record 689: no such column: ce.metadata
2025-09-25 19:53:14,920 - ERROR - Error processing record 690: no such column: ce.metadata
2025-09-25 19:53:14,928 - ERROR - Error processing record 691: no such column: ce.metadata
2025-09-25 19:53:14,939 - ERROR - Error processing record 692: no such column: ce.metadata
2025-09-25 19:53:14,947 - ERROR - Error processing record 693: no such column: ce.metadata
2025-09-25 19:53:14,958 - ERROR - Error processing record 694: no such column: ce.metadata
2025-09-25 19:53:14,966 - ERROR - Error processing record 695: no such column: ce.metadata
2025-09-25 19:53:14,976 - ERROR - Error processing record 696: no such column: ce.metadata
2025-09-25 19:53:14,984 - ERROR - Error processing record 697: no such column: ce.metadata
2025-09-25 19:53:14,992 - ERROR - Error processing record 698: no such column: ce.metadata
2025-09-25 19:53:15,000 - ERROR - Error processing record 699: no such column: ce.metadata
2025-09-25 19:53:15,011 - ERROR - Error processing record 700: no such column: ce.metadata
2025-09-25 19:53:15,022 - ERROR - Error processing record 701: no such column: ce.metadata
2025-09-25 19:53:15,029 - ERROR - Error processing record 702: no such column: ce.metadata
2025-09-25 19:53:15,039 - ERROR - Error processing record 703: no such column: ce.metadata
2025-09-25 19:53:15,046 - ERROR - Error processing record 704: no such column: ce.metadata
2025-09-25 19:53:15,058 - ERROR - Error processing record 705: no such column: ce.metadata
2025-09-25 19:53:15,066 - ERROR - Error processing record 706: no such column: ce.metadata
2025-09-25 19:53:15,075 - ERROR - Error processing record 707: no such column: ce.metadata
2025-09-25 19:53:15,082 - ERROR - Error processing record 709: no such column: ce.metadata
2025-09-25 19:53:15,091 - ERROR - Error processing record 710: no such column: ce.metadata
2025-09-25 19:53:15,099 - ERROR - Error processing record 711: no such column: ce.metadata
2025-09-25 19:53:15,110 - ERROR - Error processing record 712: no such column: ce.metadata
2025-09-25 19:53:15,119 - ERROR - Error processing record 713: no such column: ce.metadata
2025-09-25 19:53:15,127 - ERROR - Error processing record 714: no such column: ce.metadata
2025-09-25 19:53:15,136 - ERROR - Error processing record 715: no such column: ce.metadata
2025-09-25 19:53:15,143 - ERROR - Error processing record 716: no such column: ce.metadata
2025-09-25 19:53:15,151 - ERROR - Error processing record 717: no such column: ce.metadata
2025-09-25 19:53:15,161 - ERROR - Error processing record 718: no such column: ce.metadata
2025-09-25 19:53:15,169 - ERROR - Error processing record 719: no such column: ce.metadata
2025-09-25 19:53:15,177 - ERROR - Error processing record 720: no such column: ce.metadata
2025-09-25 19:53:15,185 - ERROR - Error processing record 721: no such column: ce.metadata
2025-09-25 19:53:15,195 - ERROR - Error processing record 722: no such column: ce.metadata
2025-09-25 19:53:15,203 - ERROR - Error processing record 723: no such column: ce.metadata
2025-09-25 19:53:15,211 - ERROR - Error processing record 724: no such column: ce.metadata
2025-09-25 19:53:15,220 - ERROR - Error processing record 725: no such column: ce.metadata
2025-09-25 19:53:15,228 - ERROR - Error processing record 726: no such column: ce.metadata
2025-09-25 19:53:15,229 - INFO - Batch 7 completed in 0.88s: 0 successful, 100 failed
2025-09-25 19:53:15,335 - INFO - Processing batch 8/9 (100 records)
2025-09-25 19:53:15,344 - ERROR - Error processing record 727: no such column: ce.metadata
2025-09-25 19:53:15,354 - ERROR - Error processing record 728: no such column: ce.metadata
2025-09-25 19:53:15,362 - ERROR - Error processing record 729: no such column: ce.metadata
2025-09-25 19:53:15,374 - ERROR - Error processing record 730: no such column: ce.metadata
2025-09-25 19:53:15,382 - ERROR - Error processing record 731: no such column: ce.metadata
2025-09-25 19:53:15,389 - ERROR - Error processing record 732: no such column: ce.metadata
2025-09-25 19:53:15,398 - ERROR - Error processing record 733: no such column: ce.metadata
2025-09-25 19:53:15,408 - ERROR - Error processing record 734: no such column: ce.metadata
2025-09-25 19:53:15,416 - ERROR - Error processing record 735: no such column: ce.metadata
2025-09-25 19:53:15,426 - ERROR - Error processing record 736: no such column: ce.metadata
2025-09-25 19:53:15,436 - ERROR - Error processing record 737: no such column: ce.metadata
2025-09-25 19:53:15,444 - ERROR - Error processing record 738: no such column: ce.metadata
2025-09-25 19:53:15,454 - ERROR - Error processing record 739: no such column: ce.metadata
2025-09-25 19:53:15,464 - ERROR - Error processing record 740: no such column: ce.metadata
2025-09-25 19:53:15,472 - ERROR - Error processing record 741: no such column: ce.metadata
2025-09-25 19:53:15,482 - ERROR - Error processing record 742: no such column: ce.metadata
2025-09-25 19:53:15,494 - ERROR - Error processing record 743: no such column: ce.metadata
2025-09-25 19:53:15,504 - ERROR - Error processing record 744: no such column: ce.metadata
2025-09-25 19:53:15,512 - ERROR - Error processing record 745: no such column: ce.metadata
2025-09-25 19:53:15,522 - ERROR - Error processing record 746: no such column: ce.metadata
2025-09-25 19:53:15,531 - ERROR - Error processing record 747: no such column: ce.metadata
2025-09-25 19:53:15,538 - ERROR - Error processing record 748: no such column: ce.metadata
2025-09-25 19:53:15,547 - ERROR - Error processing record 749: no such column: ce.metadata
2025-09-25 19:53:15,555 - ERROR - Error processing record 750: no such column: ce.metadata
2025-09-25 19:53:15,564 - ERROR - Error processing record 751: no such column: ce.metadata
2025-09-25 19:53:15,572 - ERROR - Error processing record 752: no such column: ce.metadata
2025-09-25 19:53:15,580 - ERROR - Error processing record 753: no such column: ce.metadata
2025-09-25 19:53:15,590 - ERROR - Error processing record 754: no such column: ce.metadata
2025-09-25 19:53:15,600 - ERROR - Error processing record 755: no such column: ce.metadata
2025-09-25 19:53:15,608 - ERROR - Error processing record 756: no such column: ce.metadata
2025-09-25 19:53:15,616 - ERROR - Error processing record 757: no such column: ce.metadata
2025-09-25 19:53:15,624 - ERROR - Error processing record 758: no such column: ce.metadata
2025-09-25 19:53:15,632 - ERROR - Error processing record 759: no such column: ce.metadata
2025-09-25 19:53:15,640 - ERROR - Error processing record 760: no such column: ce.metadata
2025-09-25 19:53:15,648 - ERROR - Error processing record 761: no such column: ce.metadata
2025-09-25 19:53:15,660 - ERROR - Error processing record 762: no such column: ce.metadata
2025-09-25 19:53:15,668 - ERROR - Error processing record 763: no such column: ce.metadata
2025-09-25 19:53:15,679 - ERROR - Error processing record 764: no such column: ce.metadata
2025-09-25 19:53:15,686 - ERROR - Error processing record 765: no such column: ce.metadata
2025-09-25 19:53:15,694 - ERROR - Error processing record 766: no such column: ce.metadata
2025-09-25 19:53:15,705 - ERROR - Error processing record 767: no such column: ce.metadata
2025-09-25 19:53:15,714 - ERROR - Error processing record 768: no such column: ce.metadata
2025-09-25 19:53:15,722 - ERROR - Error processing record 769: no such column: ce.metadata
2025-09-25 19:53:15,730 - ERROR - Error processing record 770: no such column: ce.metadata
2025-09-25 19:53:15,740 - ERROR - Error processing record 771: no such column: ce.metadata
2025-09-25 19:53:15,748 - ERROR - Error processing record 772: no such column: ce.metadata
2025-09-25 19:53:15,758 - ERROR - Error processing record 773: no such column: ce.metadata
2025-09-25 19:53:15,766 - ERROR - Error processing record 774: no such column: ce.metadata
2025-09-25 19:53:15,773 - ERROR - Error processing record 775: no such column: ce.metadata
2025-09-25 19:53:15,781 - ERROR - Error processing record 776: no such column: ce.metadata
2025-09-25 19:53:15,790 - ERROR - Error processing record 777: no such column: ce.metadata
2025-09-25 19:53:15,798 - ERROR - Error processing record 778: no such column: ce.metadata
2025-09-25 19:53:15,805 - ERROR - Error processing record 779: no such column: ce.metadata
2025-09-25 19:53:15,813 - ERROR - Error processing record 780: no such column: ce.metadata
2025-09-25 19:53:15,825 - ERROR - Error processing record 781: no such column: ce.metadata
2025-09-25 19:53:15,833 - ERROR - Error processing record 782: no such column: ce.metadata
2025-09-25 19:53:15,842 - ERROR - Error processing record 783: no such column: ce.metadata
2025-09-25 19:53:15,850 - ERROR - Error processing record 784: no such column: ce.metadata
2025-09-25 19:53:15,860 - ERROR - Error processing record 785: no such column: ce.metadata
2025-09-25 19:53:15,869 - ERROR - Error processing record 786: no such column: ce.metadata
2025-09-25 19:53:15,880 - ERROR - Error processing record 787: no such column: ce.metadata
2025-09-25 19:53:15,887 - ERROR - Error processing record 788: no such column: ce.metadata
2025-09-25 19:53:15,895 - ERROR - Error processing record 789: no such column: ce.metadata
2025-09-25 19:53:15,906 - ERROR - Error processing record 790: no such column: ce.metadata
2025-09-25 19:53:15,915 - ERROR - Error processing record 791: no such column: ce.metadata
2025-09-25 19:53:15,923 - ERROR - Error processing record 792: no such column: ce.metadata
2025-09-25 19:53:15,930 - ERROR - Error processing record 793: no such column: ce.metadata
2025-09-25 19:53:15,940 - ERROR - Error processing record 794: no such column: ce.metadata
2025-09-25 19:53:15,948 - ERROR - Error processing record 795: no such column: ce.metadata
2025-09-25 19:53:15,956 - ERROR - Error processing record 796: no such column: ce.metadata
2025-09-25 19:53:15,965 - ERROR - Error processing record 797: no such column: ce.metadata
2025-09-25 19:53:15,974 - ERROR - Error processing record 798: no such column: ce.metadata
2025-09-25 19:53:15,982 - ERROR - Error processing record 799: no such column: ce.metadata
2025-09-25 19:53:15,993 - ERROR - Error processing record 800: no such column: ce.metadata
2025-09-25 19:53:16,001 - ERROR - Error processing record 801: no such column: ce.metadata
2025-09-25 19:53:16,013 - ERROR - Error processing record 802: no such column: ce.metadata
2025-09-25 19:53:16,026 - ERROR - Error processing record 803: no such column: ce.metadata
2025-09-25 19:53:16,041 - ERROR - Error processing record 804: no such column: ce.metadata
2025-09-25 19:53:16,051 - ERROR - Error processing record 805: no such column: ce.metadata
2025-09-25 19:53:16,062 - ERROR - Error processing record 806: no such column: ce.metadata
2025-09-25 19:53:16,071 - ERROR - Error processing record 807: no such column: ce.metadata
2025-09-25 19:53:16,078 - ERROR - Error processing record 808: no such column: ce.metadata
2025-09-25 19:53:16,088 - ERROR - Error processing record 809: no such column: ce.metadata
2025-09-25 19:53:16,097 - ERROR - Error processing record 810: no such column: ce.metadata
2025-09-25 19:53:16,105 - ERROR - Error processing record 811: no such column: ce.metadata
2025-09-25 19:53:16,113 - ERROR - Error processing record 812: no such column: ce.metadata
2025-09-25 19:53:16,121 - ERROR - Error processing record 813: no such column: ce.metadata
2025-09-25 19:53:16,130 - ERROR - Error processing record 814: no such column: ce.metadata
2025-09-25 19:53:16,138 - ERROR - Error processing record 815: no such column: ce.metadata
2025-09-25 19:53:16,146 - ERROR - Error processing record 816: no such column: ce.metadata
2025-09-25 19:53:16,155 - ERROR - Error processing record 817: no such column: ce.metadata
2025-09-25 19:53:16,163 - ERROR - Error processing record 818: no such column: ce.metadata
2025-09-25 19:53:16,173 - ERROR - Error processing record 819: no such column: ce.metadata
2025-09-25 19:53:16,181 - ERROR - Error processing record 820: no such column: ce.metadata
2025-09-25 19:53:16,189 - ERROR - Error processing record 821: no such column: ce.metadata
2025-09-25 19:53:16,198 - ERROR - Error processing record 822: no such column: ce.metadata
2025-09-25 19:53:16,207 - ERROR - Error processing record 823: no such column: ce.metadata
2025-09-25 19:53:16,215 - ERROR - Error processing record 824: no such column: ce.metadata
2025-09-25 19:53:16,225 - ERROR - Error processing record 825: no such column: ce.metadata
2025-09-25 19:53:16,233 - ERROR - Error processing record 826: no such column: ce.metadata
2025-09-25 19:53:16,235 - INFO - Batch 8 completed in 0.90s: 0 successful, 100 failed
2025-09-25 19:53:16,336 - INFO - Processing batch 9/9 (71 records)
2025-09-25 19:53:16,347 - ERROR - Error processing record 827: no such column: ce.metadata
2025-09-25 19:53:16,358 - ERROR - Error processing record 828: no such column: ce.metadata
2025-09-25 19:53:16,366 - ERROR - Error processing record 829: no such column: ce.metadata
2025-09-25 19:53:16,374 - ERROR - Error processing record 830: no such column: ce.metadata
2025-09-25 19:53:16,382 - ERROR - Error processing record 831: no such column: ce.metadata
2025-09-25 19:53:16,395 - ERROR - Error processing record 832: no such column: ce.metadata
2025-09-25 19:53:16,404 - ERROR - Error processing record 833: no such column: ce.metadata
2025-09-25 19:53:16,412 - ERROR - Error processing record 834: no such column: ce.metadata
2025-09-25 19:53:16,422 - ERROR - Error processing record 835: no such column: ce.metadata
2025-09-25 19:53:16,429 - ERROR - Error processing record 836: no such column: ce.metadata
2025-09-25 19:53:16,441 - ERROR - Error processing record 837: no such column: ce.metadata
2025-09-25 19:53:16,449 - ERROR - Error processing record 838: no such column: ce.metadata
2025-09-25 19:53:16,459 - ERROR - Error processing record 839: no such column: ce.metadata
2025-09-25 19:53:16,467 - ERROR - Error processing record 840: no such column: ce.metadata
2025-09-25 19:53:16,477 - ERROR - Error processing record 842: no such column: ce.metadata
2025-09-25 19:53:16,486 - ERROR - Error processing record 843: no such column: ce.metadata
2025-09-25 19:53:16,498 - ERROR - Error processing record 844: no such column: ce.metadata
2025-09-25 19:53:16,507 - ERROR - Error processing record 845: no such column: ce.metadata
2025-09-25 19:53:16,515 - ERROR - Error processing record 846: no such column: ce.metadata
2025-09-25 19:53:16,524 - ERROR - Error processing record 847: no such column: ce.metadata
2025-09-25 19:53:16,532 - ERROR - Error processing record 848: no such column: ce.metadata
2025-09-25 19:53:16,540 - ERROR - Error processing record 849: no such column: ce.metadata
2025-09-25 19:53:16,548 - ERROR - Error processing record 850: no such column: ce.metadata
2025-09-25 19:53:16,557 - ERROR - Error processing record 851: no such column: ce.metadata
2025-09-25 19:53:16,566 - ERROR - Error processing record 852: no such column: ce.metadata
2025-09-25 19:53:16,575 - ERROR - Error processing record 853: no such column: ce.metadata
2025-09-25 19:53:16,583 - ERROR - Error processing record 854: no such column: ce.metadata
2025-09-25 19:53:16,590 - ERROR - Error processing record 855: no such column: ce.metadata
2025-09-25 19:53:16,598 - ERROR - Error processing record 856: no such column: ce.metadata
2025-09-25 19:53:16,608 - ERROR - Error processing record 857: no such column: ce.metadata
2025-09-25 19:53:16,616 - ERROR - Error processing record 858: no such column: ce.metadata
2025-09-25 19:53:16,624 - ERROR - Error processing record 859: no such column: ce.metadata
2025-09-25 19:53:16,632 - ERROR - Error processing record 860: no such column: ce.metadata
2025-09-25 19:53:16,640 - ERROR - Error processing record 861: no such column: ce.metadata
2025-09-25 19:53:16,648 - ERROR - Error processing record 862: no such column: ce.metadata
2025-09-25 19:53:16,656 - ERROR - Error processing record 863: no such column: ce.metadata
2025-09-25 19:53:16,664 - ERROR - Error processing record 864: no such column: ce.metadata
2025-09-25 19:53:16,675 - ERROR - Error processing record 865: no such column: ce.metadata
2025-09-25 19:53:16,683 - ERROR - Error processing record 866: no such column: ce.metadata
2025-09-25 19:53:16,694 - ERROR - Error processing record 867: no such column: ce.metadata
2025-09-25 19:53:16,703 - ERROR - Error processing record 868: no such column: ce.metadata
2025-09-25 19:53:16,711 - ERROR - Error processing record 869: no such column: ce.metadata
2025-09-25 19:53:16,719 - ERROR - Error processing record 870: no such column: ce.metadata
2025-09-25 19:53:16,726 - ERROR - Error processing record 871: no such column: ce.metadata
2025-09-25 19:53:16,735 - ERROR - Error processing record 872: no such column: ce.metadata
2025-09-25 19:53:16,744 - ERROR - Error processing record 873: no such column: ce.metadata
2025-09-25 19:53:16,753 - ERROR - Error processing record 874: no such column: ce.metadata
2025-09-25 19:53:16,763 - ERROR - Error processing record 875: no such column: ce.metadata
2025-09-25 19:53:16,771 - ERROR - Error processing record 876: no such column: ce.metadata
2025-09-25 19:53:16,779 - ERROR - Error processing record 877: no such column: ce.metadata
2025-09-25 19:53:16,790 - ERROR - Error processing record 878: no such column: ce.metadata
2025-09-25 19:53:16,798 - ERROR - Error processing record 879: no such column: ce.metadata
2025-09-25 19:53:16,806 - ERROR - Error processing record 880: no such column: ce.metadata
2025-09-25 19:53:16,814 - ERROR - Error processing record 881: no such column: ce.metadata
2025-09-25 19:53:16,825 - ERROR - Error processing record 882: no such column: ce.metadata
2025-09-25 19:53:16,833 - ERROR - Error processing record 883: no such column: ce.metadata
2025-09-25 19:53:16,842 - ERROR - Error processing record 884: no such column: ce.metadata
2025-09-25 19:53:16,850 - ERROR - Error processing record 885: no such column: ce.metadata
2025-09-25 19:53:16,861 - ERROR - Error processing record 886: no such column: ce.metadata
2025-09-25 19:53:16,869 - ERROR - Error processing record 887: no such column: ce.metadata
2025-09-25 19:53:16,877 - ERROR - Error processing record 888: no such column: ce.metadata
2025-09-25 19:53:16,885 - ERROR - Error processing record 889: no such column: ce.metadata
2025-09-25 19:53:16,893 - ERROR - Error processing record 890: no such column: ce.metadata
2025-09-25 19:53:16,902 - ERROR - Error processing record 891: no such column: ce.metadata
2025-09-25 19:53:16,911 - ERROR - Error processing record 892: no such column: ce.metadata
2025-09-25 19:53:16,921 - ERROR - Error processing record 893: no such column: ce.metadata
2025-09-25 19:53:16,929 - ERROR - Error processing record 894: no such column: ce.metadata
2025-09-25 19:53:16,939 - ERROR - Error processing record 895: no such column: ce.metadata
2025-09-25 19:53:16,947 - ERROR - Error processing record 896: no such column: ce.metadata
2025-09-25 19:53:16,957 - ERROR - Error processing record 897: no such column: ce.metadata
2025-09-25 19:53:16,965 - ERROR - Error processing record 898: no such column: ce.metadata
2025-09-25 19:53:16,965 - INFO - Batch 9 completed in 0.63s: 0 successful, 71 failed
2025-09-25 19:53:17,068 - INFO - ================================================================================
2025-09-25 19:53:17,068 - INFO - MIGRATION COMPLETED
2025-09-25 19:53:17,068 - INFO - ================================================================================
2025-09-25 19:53:17,068 - INFO - Total duration: 0:00:08.667936
2025-09-25 19:53:17,068 - INFO - Total records processed: 871
2025-09-25 19:53:17,069 - INFO - Successful normalizations: 0
2025-09-25 19:53:17,069 - INFO - Failed normalizations: 871
2025-09-25 19:53:17,069 - INFO - Intervention mappings created: 0
2025-09-25 19:53:17,069 - INFO - Condition mappings created: 0
2025-09-25 19:53:17,069 - INFO - New canonical entities created: 0
2025-09-25 19:53:17,069 - INFO - Batches processed: 9
2025-09-25 19:53:17,069 - WARNING - Encountered 871 errors
2025-09-25 19:53:17,069 - WARNING -   Record 17: no such column: ce.metadata
2025-09-25 19:53:17,070 - WARNING -   Record 18: no such column: ce.metadata
2025-09-25 19:53:17,070 - WARNING -   Record 19: no such column: ce.metadata
2025-09-25 19:53:17,070 - WARNING -   Record 20: no such column: ce.metadata
2025-09-25 19:53:17,070 - WARNING -   Record 21: no such column: ce.metadata
2025-09-25 19:53:17,080 - INFO - Detailed statistics saved to: data/logs/migration_stats_20250925_195317.json
2025-09-25 19:53:17,080 - INFO - Verifying migration results...
2025-09-25 19:53:17,080 - INFO - VERIFICATION RESULTS:
2025-09-25 19:53:17,082 - INFO -   Total records: 881
2025-09-25 19:53:17,082 - INFO -   Normalized records: 10
2025-09-25 19:53:17,082 - INFO -   Intervention mappings: 0
2025-09-25 19:53:17,082 - INFO -   Condition mappings: 8
2025-09-25 19:53:17,082 - INFO -   Unmigrated records: 871
2025-09-25 19:53:17,082 - INFO -   Migration percentage: 1.1%
2025-09-25 19:53:17,082 - WARNING - Migration incomplete: 871 records still need processing
