2025-09-25 19:28:19,759 - INFO - Migration log initialized: data\logs\batch_migration_20250925_192819.log
2025-09-25 19:28:19,806 - INFO - Entity normalizer initialized successfully
2025-09-25 19:28:19,806 - INFO - ================================================================================
2025-09-25 19:28:19,806 - INFO - STARTING BATCH MIGRATION FOR NORMALIZATION
2025-09-25 19:28:19,806 - INFO - ================================================================================
2025-09-25 19:28:19,810 - INFO - Created migration-specific backup: data/processed/intervention_research_batch_migration_backup_20250925_192819.db
2025-09-25 19:28:19,812 - INFO - Found 881 records to migrate
2025-09-25 19:28:19,812 - INFO - Processing 881 records in batches of 100
2025-09-25 19:28:19,814 - INFO - Total batches to process: 2
2025-09-25 19:28:19,814 - INFO - Processing batch 1/2 (100 records)
2025-09-25 19:28:19,822 - ERROR - Error processing record 1: no such table: entity_mappings
2025-09-25 19:28:19,831 - ERROR - Error processing record 2: no such table: entity_mappings
2025-09-25 19:28:19,839 - ERROR - Error processing record 3: no such table: entity_mappings
2025-09-25 19:28:19,848 - ERROR - Error processing record 4: no such table: entity_mappings
2025-09-25 19:28:19,858 - ERROR - Error processing record 5: no such table: entity_mappings
2025-09-25 19:28:19,866 - ERROR - Error processing record 9: no such table: entity_mappings
2025-09-25 19:28:19,874 - ERROR - Error processing record 10: no such table: entity_mappings
2025-09-25 19:28:19,882 - ERROR - Error processing record 11: no such table: entity_mappings
2025-09-25 19:28:19,891 - ERROR - Error processing record 12: no such table: entity_mappings
2025-09-25 19:28:19,898 - ERROR - Error processing record 15: no such table: entity_mappings
2025-09-25 19:28:19,908 - ERROR - Error processing record 17: no such table: entity_mappings
2025-09-25 19:28:19,916 - ERROR - Error processing record 18: no such table: entity_mappings
2025-09-25 19:28:19,925 - ERROR - Error processing record 19: no such table: entity_mappings
2025-09-25 19:28:19,931 - ERROR - Error processing record 20: no such table: entity_mappings
2025-09-25 19:28:19,942 - ERROR - Error processing record 21: no such table: entity_mappings
2025-09-25 19:28:19,951 - ERROR - Error processing record 22: no such table: entity_mappings
2025-09-25 19:28:19,959 - ERROR - Error processing record 23: no such table: entity_mappings
2025-09-25 19:28:19,967 - ERROR - Error processing record 24: no such table: entity_mappings
2025-09-25 19:28:19,975 - ERROR - Error processing record 25: no such table: entity_mappings
2025-09-25 19:28:19,983 - ERROR - Error processing record 26: no such table: entity_mappings
2025-09-25 19:28:19,993 - ERROR - Error processing record 27: no such table: entity_mappings
2025-09-25 19:28:20,001 - ERROR - Error processing record 28: no such table: entity_mappings
2025-09-25 19:28:20,010 - ERROR - Error processing record 29: no such table: entity_mappings
2025-09-25 19:28:20,017 - ERROR - Error processing record 30: no such table: entity_mappings
2025-09-25 19:28:20,026 - ERROR - Error processing record 31: no such table: entity_mappings
2025-09-25 19:28:20,034 - ERROR - Error processing record 32: no such table: entity_mappings
2025-09-25 19:28:20,045 - ERROR - Error processing record 33: no such table: entity_mappings
2025-09-25 19:28:20,052 - ERROR - Error processing record 34: no such table: entity_mappings
2025-09-25 19:28:20,061 - ERROR - Error processing record 36: no such table: entity_mappings
2025-09-25 19:28:20,069 - ERROR - Error processing record 37: no such table: entity_mappings
2025-09-25 19:28:20,078 - ERROR - Error processing record 38: no such table: entity_mappings
2025-09-25 19:28:20,086 - ERROR - Error processing record 39: no such table: entity_mappings
2025-09-25 19:28:20,095 - ERROR - Error processing record 40: no such table: entity_mappings
2025-09-25 19:28:20,103 - ERROR - Error processing record 41: no such table: entity_mappings
2025-09-25 19:28:20,112 - ERROR - Error processing record 42: no such table: entity_mappings
2025-09-25 19:28:20,119 - ERROR - Error processing record 43: no such table: entity_mappings
2025-09-25 19:28:20,132 - ERROR - Error processing record 44: no such table: entity_mappings
2025-09-25 19:28:20,140 - ERROR - Error processing record 45: no such table: entity_mappings
2025-09-25 19:28:20,149 - ERROR - Error processing record 46: no such table: entity_mappings
2025-09-25 19:28:20,157 - ERROR - Error processing record 47: no such table: entity_mappings
2025-09-25 19:28:20,165 - ERROR - Error processing record 48: no such table: entity_mappings
2025-09-25 19:28:20,173 - ERROR - Error processing record 49: no such table: entity_mappings
2025-09-25 19:28:20,181 - ERROR - Error processing record 50: no such table: entity_mappings
2025-09-25 19:28:20,190 - ERROR - Error processing record 51: no such table: entity_mappings
2025-09-25 19:28:20,199 - ERROR - Error processing record 52: no such table: entity_mappings
2025-09-25 19:28:20,205 - ERROR - Error processing record 53: no such table: entity_mappings
2025-09-25 19:28:20,216 - ERROR - Error processing record 54: no such table: entity_mappings
2025-09-25 19:28:20,225 - ERROR - Error processing record 55: no such table: entity_mappings
2025-09-25 19:28:20,232 - ERROR - Error processing record 56: no such table: entity_mappings
2025-09-25 19:28:20,241 - ERROR - Error processing record 57: no such table: entity_mappings
2025-09-25 19:28:20,252 - ERROR - Error processing record 58: no such table: entity_mappings
2025-09-25 19:28:20,261 - ERROR - Error processing record 59: no such table: entity_mappings
2025-09-25 19:28:20,269 - ERROR - Error processing record 60: no such table: entity_mappings
2025-09-25 19:28:20,277 - ERROR - Error processing record 61: no such table: entity_mappings
2025-09-25 19:28:20,286 - ERROR - Error processing record 62: no such table: entity_mappings
2025-09-25 19:28:20,294 - ERROR - Error processing record 63: no such table: entity_mappings
2025-09-25 19:28:20,304 - ERROR - Error processing record 64: no such table: entity_mappings
2025-09-25 19:28:20,312 - ERROR - Error processing record 65: no such table: entity_mappings
2025-09-25 19:28:20,320 - ERROR - Error processing record 66: no such table: entity_mappings
2025-09-25 19:28:20,330 - ERROR - Error processing record 67: no such table: entity_mappings
2025-09-25 19:28:20,338 - ERROR - Error processing record 68: no such table: entity_mappings
2025-09-25 19:28:20,346 - ERROR - Error processing record 69: no such table: entity_mappings
2025-09-25 19:28:20,354 - ERROR - Error processing record 70: no such table: entity_mappings
2025-09-25 19:28:20,362 - ERROR - Error processing record 71: no such table: entity_mappings
2025-09-25 19:28:20,370 - ERROR - Error processing record 72: no such table: entity_mappings
2025-09-25 19:28:20,380 - ERROR - Error processing record 73: no such table: entity_mappings
2025-09-25 19:28:20,388 - ERROR - Error processing record 74: no such table: entity_mappings
2025-09-25 19:28:20,398 - ERROR - Error processing record 75: no such table: entity_mappings
2025-09-25 19:28:20,406 - ERROR - Error processing record 76: no such table: entity_mappings
2025-09-25 19:28:20,416 - ERROR - Error processing record 77: no such table: entity_mappings
2025-09-25 19:28:20,425 - ERROR - Error processing record 78: no such table: entity_mappings
2025-09-25 19:28:20,434 - ERROR - Error processing record 79: no such table: entity_mappings
2025-09-25 19:28:20,442 - ERROR - Error processing record 80: no such table: entity_mappings
2025-09-25 19:28:20,450 - ERROR - Error processing record 81: no such table: entity_mappings
2025-09-25 19:28:20,459 - ERROR - Error processing record 82: no such table: entity_mappings
2025-09-25 19:28:20,467 - ERROR - Error processing record 83: no such table: entity_mappings
2025-09-25 19:28:20,476 - ERROR - Error processing record 84: no such table: entity_mappings
2025-09-25 19:28:20,484 - ERROR - Error processing record 85: no such table: entity_mappings
2025-09-25 19:28:20,494 - ERROR - Error processing record 86: no such table: entity_mappings
2025-09-25 19:28:20,502 - ERROR - Error processing record 87: no such table: entity_mappings
2025-09-25 19:28:20,512 - ERROR - Error processing record 88: no such table: entity_mappings
2025-09-25 19:28:20,521 - ERROR - Error processing record 89: no such table: entity_mappings
2025-09-25 19:28:20,529 - ERROR - Error processing record 90: no such table: entity_mappings
2025-09-25 19:28:20,537 - ERROR - Error processing record 91: no such table: entity_mappings
2025-09-25 19:28:20,546 - ERROR - Error processing record 92: no such table: entity_mappings
2025-09-25 19:28:20,554 - ERROR - Error processing record 93: no such table: entity_mappings
2025-09-25 19:28:20,562 - ERROR - Error processing record 94: no such table: entity_mappings
2025-09-25 19:28:20,570 - ERROR - Error processing record 95: no such table: entity_mappings
2025-09-25 19:28:20,580 - ERROR - Error processing record 96: no such table: entity_mappings
2025-09-25 19:28:20,588 - ERROR - Error processing record 97: no such table: entity_mappings
2025-09-25 19:28:20,596 - ERROR - Error processing record 98: no such table: entity_mappings
2025-09-25 19:28:20,603 - ERROR - Error processing record 99: no such table: entity_mappings
2025-09-25 19:28:20,613 - ERROR - Error processing record 100: no such table: entity_mappings
2025-09-25 19:28:20,623 - ERROR - Error processing record 101: no such table: entity_mappings
2025-09-25 19:28:20,630 - ERROR - Error processing record 102: no such table: entity_mappings
2025-09-25 19:28:20,638 - ERROR - Error processing record 103: no such table: entity_mappings
2025-09-25 19:28:20,649 - ERROR - Error processing record 104: no such table: entity_mappings
2025-09-25 19:28:20,657 - ERROR - Error processing record 105: no such table: entity_mappings
2025-09-25 19:28:20,665 - ERROR - Error processing record 106: no such table: entity_mappings
2025-09-25 19:28:20,673 - ERROR - Error processing record 107: no such table: entity_mappings
2025-09-25 19:28:20,673 - INFO - Batch 1 completed in 0.86s: 0 successful, 100 failed
2025-09-25 19:28:20,774 - INFO - Processing batch 2/2 (100 records)
2025-09-25 19:28:20,784 - ERROR - Error processing record 108: no such table: entity_mappings
2025-09-25 19:28:20,795 - ERROR - Error processing record 109: no such table: entity_mappings
2025-09-25 19:28:20,803 - ERROR - Error processing record 110: no such table: entity_mappings
2025-09-25 19:28:20,814 - ERROR - Error processing record 111: no such table: entity_mappings
2025-09-25 19:28:20,822 - ERROR - Error processing record 112: no such table: entity_mappings
2025-09-25 19:28:20,831 - ERROR - Error processing record 113: no such table: entity_mappings
2025-09-25 19:28:20,841 - ERROR - Error processing record 114: no such table: entity_mappings
2025-09-25 19:28:20,850 - ERROR - Error processing record 115: no such table: entity_mappings
2025-09-25 19:28:20,859 - ERROR - Error processing record 116: no such table: entity_mappings
2025-09-25 19:28:20,866 - ERROR - Error processing record 117: no such table: entity_mappings
2025-09-25 19:28:20,875 - ERROR - Error processing record 118: no such table: entity_mappings
2025-09-25 19:28:20,883 - ERROR - Error processing record 119: no such table: entity_mappings
2025-09-25 19:28:20,892 - ERROR - Error processing record 120: no such table: entity_mappings
2025-09-25 19:28:20,900 - ERROR - Error processing record 121: no such table: entity_mappings
2025-09-25 19:28:20,910 - ERROR - Error processing record 122: no such table: entity_mappings
2025-09-25 19:28:20,917 - ERROR - Error processing record 123: no such table: entity_mappings
2025-09-25 19:28:20,925 - ERROR - Error processing record 124: no such table: entity_mappings
2025-09-25 19:28:20,933 - ERROR - Error processing record 125: no such table: entity_mappings
2025-09-25 19:28:20,941 - ERROR - Error processing record 126: no such table: entity_mappings
2025-09-25 19:28:20,950 - ERROR - Error processing record 127: no such table: entity_mappings
2025-09-25 19:28:20,961 - ERROR - Error processing record 128: no such table: entity_mappings
2025-09-25 19:28:20,969 - ERROR - Error processing record 129: no such table: entity_mappings
2025-09-25 19:28:20,977 - ERROR - Error processing record 130: no such table: entity_mappings
2025-09-25 19:28:20,985 - ERROR - Error processing record 131: no such table: entity_mappings
2025-09-25 19:28:20,996 - ERROR - Error processing record 132: no such table: entity_mappings
2025-09-25 19:28:21,005 - ERROR - Error processing record 133: no such table: entity_mappings
2025-09-25 19:28:21,015 - ERROR - Error processing record 134: no such table: entity_mappings
2025-09-25 19:28:21,023 - ERROR - Error processing record 135: no such table: entity_mappings
2025-09-25 19:28:21,031 - ERROR - Error processing record 136: no such table: entity_mappings
2025-09-25 19:28:21,039 - ERROR - Error processing record 137: no such table: entity_mappings
2025-09-25 19:28:21,050 - ERROR - Error processing record 138: no such table: entity_mappings
2025-09-25 19:28:21,058 - ERROR - Error processing record 139: no such table: entity_mappings
2025-09-25 19:28:21,066 - ERROR - Error processing record 140: no such table: entity_mappings
2025-09-25 19:28:21,075 - ERROR - Error processing record 141: no such table: entity_mappings
2025-09-25 19:28:21,083 - ERROR - Error processing record 142: no such table: entity_mappings
2025-09-25 19:28:21,091 - ERROR - Error processing record 143: no such table: entity_mappings
2025-09-25 19:28:21,100 - ERROR - Error processing record 144: no such table: entity_mappings
2025-09-25 19:28:21,108 - ERROR - Error processing record 145: no such table: entity_mappings
2025-09-25 19:28:21,116 - ERROR - Error processing record 146: no such table: entity_mappings
2025-09-25 19:28:21,125 - ERROR - Error processing record 147: no such table: entity_mappings
2025-09-25 19:28:21,133 - ERROR - Error processing record 148: no such table: entity_mappings
2025-09-25 19:28:21,143 - ERROR - Error processing record 149: no such table: entity_mappings
2025-09-25 19:28:21,153 - ERROR - Error processing record 150: no such table: entity_mappings
2025-09-25 19:28:21,163 - ERROR - Error processing record 151: no such table: entity_mappings
2025-09-25 19:28:21,171 - ERROR - Error processing record 152: no such table: entity_mappings
2025-09-25 19:28:21,181 - ERROR - Error processing record 153: no such table: entity_mappings
2025-09-25 19:28:21,189 - ERROR - Error processing record 154: no such table: entity_mappings
2025-09-25 19:28:21,196 - ERROR - Error processing record 155: no such table: entity_mappings
2025-09-25 19:28:21,204 - ERROR - Error processing record 156: no such table: entity_mappings
2025-09-25 19:28:21,214 - ERROR - Error processing record 157: no such table: entity_mappings
2025-09-25 19:28:21,222 - ERROR - Error processing record 158: no such table: entity_mappings
2025-09-25 19:28:21,232 - ERROR - Error processing record 159: no such table: entity_mappings
2025-09-25 19:28:21,240 - ERROR - Error processing record 160: no such table: entity_mappings
2025-09-25 19:28:21,249 - ERROR - Error processing record 161: no such table: entity_mappings
2025-09-25 19:28:21,262 - ERROR - Error processing record 162: no such table: entity_mappings
2025-09-25 19:28:21,270 - ERROR - Error processing record 163: no such table: entity_mappings
2025-09-25 19:28:21,279 - ERROR - Error processing record 164: no such table: entity_mappings
2025-09-25 19:28:21,287 - ERROR - Error processing record 165: no such table: entity_mappings
2025-09-25 19:28:21,296 - ERROR - Error processing record 166: no such table: entity_mappings
2025-09-25 19:28:21,304 - ERROR - Error processing record 167: no such table: entity_mappings
2025-09-25 19:28:21,315 - ERROR - Error processing record 168: no such table: entity_mappings
2025-09-25 19:28:21,324 - ERROR - Error processing record 169: no such table: entity_mappings
2025-09-25 19:28:21,333 - ERROR - Error processing record 170: no such table: entity_mappings
2025-09-25 19:28:21,342 - ERROR - Error processing record 171: no such table: entity_mappings
2025-09-25 19:28:21,351 - ERROR - Error processing record 172: no such table: entity_mappings
2025-09-25 19:28:21,360 - ERROR - Error processing record 173: no such table: entity_mappings
2025-09-25 19:28:21,371 - ERROR - Error processing record 174: no such table: entity_mappings
2025-09-25 19:28:21,379 - ERROR - Error processing record 175: no such table: entity_mappings
2025-09-25 19:28:21,387 - ERROR - Error processing record 176: no such table: entity_mappings
2025-09-25 19:28:21,394 - ERROR - Error processing record 177: no such table: entity_mappings
2025-09-25 19:28:21,402 - ERROR - Error processing record 178: no such table: entity_mappings
2025-09-25 19:28:21,410 - ERROR - Error processing record 179: no such table: entity_mappings
2025-09-25 19:28:21,419 - ERROR - Error processing record 180: no such table: entity_mappings
2025-09-25 19:28:21,429 - ERROR - Error processing record 181: no such table: entity_mappings
2025-09-25 19:28:21,437 - ERROR - Error processing record 182: no such table: entity_mappings
2025-09-25 19:28:21,446 - ERROR - Error processing record 183: no such table: entity_mappings
2025-09-25 19:28:21,454 - ERROR - Error processing record 184: no such table: entity_mappings
2025-09-25 19:28:21,463 - ERROR - Error processing record 185: no such table: entity_mappings
2025-09-25 19:28:21,471 - ERROR - Error processing record 186: no such table: entity_mappings
2025-09-25 19:28:21,481 - ERROR - Error processing record 187: no such table: entity_mappings
2025-09-25 19:28:21,489 - ERROR - Error processing record 188: no such table: entity_mappings
2025-09-25 19:28:21,497 - ERROR - Error processing record 189: no such table: entity_mappings
2025-09-25 19:28:21,505 - ERROR - Error processing record 190: no such table: entity_mappings
2025-09-25 19:28:21,514 - ERROR - Error processing record 191: no such table: entity_mappings
2025-09-25 19:28:21,522 - ERROR - Error processing record 192: no such table: entity_mappings
2025-09-25 19:28:21,531 - ERROR - Error processing record 193: no such table: entity_mappings
2025-09-25 19:28:21,539 - ERROR - Error processing record 194: no such table: entity_mappings
2025-09-25 19:28:21,548 - ERROR - Error processing record 195: no such table: entity_mappings
2025-09-25 19:28:21,556 - ERROR - Error processing record 196: no such table: entity_mappings
2025-09-25 19:28:21,564 - ERROR - Error processing record 197: no such table: entity_mappings
2025-09-25 19:28:21,572 - ERROR - Error processing record 198: no such table: entity_mappings
2025-09-25 19:28:21,582 - ERROR - Error processing record 199: no such table: entity_mappings
2025-09-25 19:28:21,592 - ERROR - Error processing record 200: no such table: entity_mappings
2025-09-25 19:28:21,601 - ERROR - Error processing record 201: no such table: entity_mappings
2025-09-25 19:28:21,608 - ERROR - Error processing record 202: no such table: entity_mappings
2025-09-25 19:28:21,617 - ERROR - Error processing record 203: no such table: entity_mappings
2025-09-25 19:28:21,624 - ERROR - Error processing record 204: no such table: entity_mappings
2025-09-25 19:28:21,635 - ERROR - Error processing record 205: no such table: entity_mappings
2025-09-25 19:28:21,643 - ERROR - Error processing record 206: no such table: entity_mappings
2025-09-25 19:28:21,650 - ERROR - Error processing record 207: no such table: entity_mappings
2025-09-25 19:28:21,652 - INFO - Batch 2 completed in 0.88s: 0 successful, 100 failed
2025-09-25 19:28:21,757 - INFO - Reached maximum batch limit (2)
2025-09-25 19:28:21,757 - INFO - ================================================================================
2025-09-25 19:28:21,757 - INFO - MIGRATION COMPLETED
2025-09-25 19:28:21,757 - INFO - ================================================================================
2025-09-25 19:28:21,757 - INFO - Total duration: 0:00:01.950181
2025-09-25 19:28:21,757 - INFO - Total records processed: 200
2025-09-25 19:28:21,757 - INFO - Successful normalizations: 0
2025-09-25 19:28:21,757 - INFO - Failed normalizations: 200
2025-09-25 19:28:21,757 - INFO - Intervention mappings created: 0
2025-09-25 19:28:21,757 - INFO - Condition mappings created: 0
2025-09-25 19:28:21,757 - INFO - New canonical entities created: 0
2025-09-25 19:28:21,757 - INFO - Batches processed: 2
2025-09-25 19:28:21,757 - WARNING - Encountered 200 errors
2025-09-25 19:28:21,757 - WARNING -   Record 1: no such table: entity_mappings
2025-09-25 19:28:21,758 - WARNING -   Record 2: no such table: entity_mappings
2025-09-25 19:28:21,758 - WARNING -   Record 3: no such table: entity_mappings
2025-09-25 19:28:21,758 - WARNING -   Record 4: no such table: entity_mappings
2025-09-25 19:28:21,758 - WARNING -   Record 5: no such table: entity_mappings
2025-09-25 19:28:21,760 - INFO - Detailed statistics saved to: data/logs/migration_stats_20250925_192821.json
2025-09-25 19:28:21,760 - INFO - Verifying migration results...
2025-09-25 19:28:21,762 - INFO - VERIFICATION RESULTS:
2025-09-25 19:28:21,762 - INFO -   Total records: 881
2025-09-25 19:28:21,762 - INFO -   Normalized records: 0
2025-09-25 19:28:21,762 - INFO -   Intervention mappings: 0
2025-09-25 19:28:21,762 - INFO -   Condition mappings: 0
2025-09-25 19:28:21,762 - INFO -   Unmigrated records: 881
2025-09-25 19:28:21,762 - INFO -   Migration percentage: 0.0%
2025-09-25 19:28:21,762 - WARNING - Migration incomplete: 881 records still need processing
