2025-09-22 20:42:06,654 - __main__ - INFO - Starting intervention deduplication process
2025-09-22 20:42:06,673 - __main__ - INFO - Found 17 groups of duplicate interventions
2025-09-22 20:42:06,673 - __main__ - ERROR - Error processing duplicate group: 'NoneType' object has no attribute 'split'
2025-09-22 20:42:06,673 - __main__ - ERROR - Error processing duplicate group: 'NoneType' object has no attribute 'split'
2025-09-22 20:42:06,676 - __main__ - INFO - Duplicate: eHealth self-management program for irritable bowel syndrome (IBS)
2025-09-22 20:42:06,676 - __main__ - INFO -   Keeping: ID 533 from gemma2:9b (confidence: 0.95)
2025-09-22 20:42:06,676 - __main__ - INFO -   Removing: IDs [534]
2025-09-22 20:42:06,678 - __main__ - ERROR - Error processing duplicate group: CHECK constraint failed: model_agreement IN ('full', 'partial', 'single', 'conflict')
2025-09-22 20:42:06,679 - __main__ - ERROR - Error processing duplicate group: 'NoneType' object has no attribute 'split'
2025-09-22 20:42:06,679 - __main__ - INFO - Duplicate: Fecal Microbiota Transplantation (FMT) for Irritable Bowel Syndrome (IBS)
2025-09-22 20:42:06,679 - __main__ - INFO -   Keeping: ID 503 from gemma2:9b (confidence: 0.9)
2025-09-22 20:42:06,679 - __main__ - INFO -   Removing: IDs [504]
2025-09-22 20:42:06,681 - __main__ - ERROR - Error processing duplicate group: CHECK constraint failed: model_agreement IN ('full', 'partial', 'single', 'conflict')
2025-09-22 20:42:06,681 - __main__ - ERROR - Error processing duplicate group: 'NoneType' object has no attribute 'split'
2025-09-22 20:42:06,682 - __main__ - ERROR - Error processing duplicate group: 'NoneType' object has no attribute 'split'
2025-09-22 20:42:06,682 - __main__ - ERROR - Error processing duplicate group: 'NoneType' object has no attribute 'split'
2025-09-22 20:42:06,682 - __main__ - INFO - Duplicate: gluten for irritable bowel syndrome (IBS)
2025-09-22 20:42:06,682 - __main__ - INFO -   Keeping: ID 4 from gemma2:9b (confidence: 0.85)
2025-09-22 20:42:06,682 - __main__ - INFO -   Removing: IDs [8]
2025-09-22 20:42:06,686 - __main__ - ERROR - Error processing duplicate group: CHECK constraint failed: model_agreement IN ('full', 'partial', 'single', 'conflict')
2025-09-22 20:42:06,687 - __main__ - INFO - Duplicate: gluten-free diet for irritable bowel syndrome (IBS)
2025-09-22 20:42:06,688 - __main__ - INFO -   Keeping: ID 2 from gemma2:9b (confidence: 0.85)
2025-09-22 20:42:06,688 - __main__ - INFO -   Removing: IDs [6]
2025-09-22 20:42:06,693 - __main__ - ERROR - Error processing duplicate group: CHECK constraint failed: model_agreement IN ('full', 'partial', 'single', 'conflict')
2025-09-22 20:42:06,694 - __main__ - INFO - Duplicate: wheat for irritable bowel syndrome (IBS)
2025-09-22 20:42:06,694 - __main__ - INFO -   Keeping: ID 3 from gemma2:9b (confidence: 0.85)
2025-09-22 20:42:06,694 - __main__ - INFO -   Removing: IDs [7]
2025-09-22 20:42:06,699 - __main__ - ERROR - Error processing duplicate group: CHECK constraint failed: model_agreement IN ('full', 'partial', 'single', 'conflict')
2025-09-22 20:42:06,700 - __main__ - ERROR - Error processing duplicate group: 'NoneType' object has no attribute 'split'
2025-09-22 20:42:06,700 - __main__ - ERROR - Error processing duplicate group: 'NoneType' object has no attribute 'split'
2025-09-22 20:42:06,700 - __main__ - INFO - Duplicate: cricket-derived chitin for Irritable Bowel Syndrome (IBS)
2025-09-22 20:42:06,700 - __main__ - INFO -   Keeping: ID 10 from gemma2:9b (confidence: 0.95)
2025-09-22 20:42:06,700 - __main__ - INFO -   Removing: IDs [13]
2025-09-22 20:42:06,705 - __main__ - ERROR - Error processing duplicate group: CHECK constraint failed: model_agreement IN ('full', 'partial', 'single', 'conflict')
2025-09-22 20:42:06,705 - __main__ - INFO - Duplicate: maltodextrin for Irritable Bowel Syndrome (IBS)
2025-09-22 20:42:06,706 - __main__ - INFO -   Keeping: ID 11 from gemma2:9b (confidence: 0.95)
2025-09-22 20:42:06,706 - __main__ - INFO -   Removing: IDs [14]
2025-09-22 20:42:06,708 - __main__ - ERROR - Error processing duplicate group: CHECK constraint failed: model_agreement IN ('full', 'partial', 'single', 'conflict')
2025-09-22 20:42:06,708 - __main__ - ERROR - Error processing duplicate group: 'NoneType' object has no attribute 'split'
2025-09-22 20:42:06,708 - __main__ - ERROR - Error processing duplicate group: 'NoneType' object has no attribute 'split'
2025-09-22 20:42:06,710 - __main__ - INFO - Deduplication complete:
2025-09-22 20:42:06,710 - __main__ - INFO -   Initial interventions: 841
2025-09-22 20:42:06,710 - __main__ - INFO -   Final interventions: 841
2025-09-22 20:42:06,711 - __main__ - INFO -   Duplicate groups resolved: 17
2025-09-22 20:42:06,711 - __main__ - INFO -   Interventions removed: 0
2025-09-22 20:42:06,711 - __main__ - INFO -   Deduplication rate: 0.0%
