2025-09-24 20:11:39,251 - __main__ - INFO - ==================================================
2025-09-24 20:11:39,251 - __main__ - INFO - STARTING DATA MIGRATION
2025-09-24 20:11:39,251 - __main__ - INFO - ==================================================
2025-09-24 20:11:39,268 - __main__ - INFO - Database backup created: data\processed\intervention_research_backup_20250924_201139.db
2025-09-24 20:11:39,275 - __main__ - INFO - Found 283 papers with interventions needing migration
2025-09-24 20:11:39,275 - __main__ - INFO - Limited to 3 papers for testing
2025-09-24 20:11:39,275 - __main__ - INFO - Processing batch 1/1 (3 papers)
2025-09-24 20:11:39,275 - __main__ - INFO - Processing paper 40202346 (17 interventions)
2025-09-24 20:11:39,276 - __main__ - INFO - DRY RUN: Would update 17 interventions for paper 40202346
2025-09-24 20:11:39,276 - __main__ - INFO - Processing paper 39726778 (16 interventions)
2025-09-24 20:11:39,276 - __main__ - INFO - DRY RUN: Would update 15 interventions for paper 39726778
2025-09-24 20:11:39,277 - __main__ - INFO - Processing paper 32054443 (15 interventions)
2025-09-24 20:11:39,277 - __main__ - INFO - DRY RUN: Would update 15 interventions for paper 32054443
2025-09-24 20:11:39,277 - __main__ - INFO - Batch 1 completed: {'processed': 3, 'errors': 0, 'interventions_before': 48, 'interventions_after': 47}
2025-09-24 20:11:39,277 - __main__ - INFO - ==================================================
2025-09-24 20:11:39,277 - __main__ - INFO - MIGRATION COMPLETED
2025-09-24 20:11:39,277 - __main__ - INFO - ==================================================
2025-09-24 20:11:39,277 - __main__ - INFO - Duration: 0.03 seconds
2025-09-24 20:11:39,277 - __main__ - INFO - Papers processed: 3
2025-09-24 20:11:39,277 - __main__ - INFO - Interventions before: 48
2025-09-24 20:11:39,277 - __main__ - INFO - Interventions after: 47
2025-09-24 20:11:39,277 - __main__ - INFO - Duplicates merged: 1
2025-09-24 20:11:39,277 - __main__ - INFO - Semantic groups created: 47
2025-09-24 20:11:39,277 - __main__ - INFO - Errors: 0
2025-09-24 20:11:39,277 - __main__ - INFO - Data reduction: 2.1%
2025-09-24 20:11:52,763 - __main__ - INFO - ==================================================
2025-09-24 20:11:52,763 - __main__ - INFO - STARTING DATA MIGRATION
2025-09-24 20:11:52,763 - __main__ - INFO - ==================================================
2025-09-24 20:11:52,780 - __main__ - INFO - Database backup created: data\processed\intervention_research_backup_20250924_201152.db
2025-09-24 20:11:52,780 - __main__ - INFO - Found 283 papers with interventions needing migration
2025-09-24 20:11:52,780 - __main__ - INFO - Processing batch 1/15 (20 papers)
2025-09-24 20:11:52,780 - __main__ - INFO - Processing paper 40202346 (17 interventions)
2025-09-24 20:11:52,780 - __main__ - ERROR - Failed to insert intervention: beta-blockers
2025-09-24 20:11:52,780 - __main__ - INFO - Processing paper 39726778 (16 interventions)
2025-09-24 20:11:58,259 - __main__ - ERROR - Error updating interventions for paper 39726778: database is locked
2025-09-24 20:11:58,259 - __main__ - INFO - Processing paper 32054443 (15 interventions)
2025-09-24 20:12:03,725 - __main__ - ERROR - Error updating interventions for paper 32054443: database is locked
2025-09-24 20:12:03,725 - __main__ - INFO - Processing paper 40325655 (15 interventions)
2025-09-24 20:12:03,725 - __main__ - ERROR - Failed to insert intervention: osteopathic treatment
2025-09-24 20:12:03,725 - __main__ - INFO - Processing paper 40546150 (14 interventions)
2025-09-24 20:12:50,041 - __main__ - INFO - ==================================================
2025-09-24 20:12:50,042 - __main__ - INFO - STARTING DATA MIGRATION
2025-09-24 20:12:50,042 - __main__ - INFO - ==================================================
2025-09-24 20:12:50,045 - __main__ - INFO - Database backup created: data\processed\intervention_research_backup_20250924_201250.db
2025-09-24 20:12:50,051 - __main__ - INFO - Found 283 papers with interventions needing migration
2025-09-24 20:12:50,051 - __main__ - INFO - Limited to 2 papers for testing
2025-09-24 20:12:50,051 - __main__ - INFO - Processing batch 1/1 (2 papers)
2025-09-24 20:12:50,051 - __main__ - INFO - Processing paper 40202346 (17 interventions)
2025-09-24 20:12:50,052 - __main__ - INFO - DRY RUN: Would update 17 interventions for paper 40202346
2025-09-24 20:12:50,052 - __main__ - INFO - Processing paper 39726778 (16 interventions)
2025-09-24 20:12:50,053 - __main__ - INFO - DRY RUN: Would update 15 interventions for paper 39726778
2025-09-24 20:12:50,053 - __main__ - INFO - Batch 1 completed: {'processed': 2, 'errors': 0, 'interventions_before': 33, 'interventions_after': 32}
2025-09-24 20:12:50,053 - __main__ - INFO - ==================================================
2025-09-24 20:12:50,053 - __main__ - INFO - MIGRATION COMPLETED
2025-09-24 20:12:50,053 - __main__ - INFO - ==================================================
2025-09-24 20:12:50,053 - __main__ - INFO - Duration: 0.01 seconds
2025-09-24 20:12:50,053 - __main__ - INFO - Papers processed: 2
2025-09-24 20:12:50,053 - __main__ - INFO - Interventions before: 33
2025-09-24 20:12:50,053 - __main__ - INFO - Interventions after: 32
2025-09-24 20:12:50,053 - __main__ - INFO - Duplicates merged: 1
2025-09-24 20:12:50,053 - __main__ - INFO - Semantic groups created: 32
2025-09-24 20:12:50,053 - __main__ - INFO - Errors: 0
2025-09-24 20:12:50,053 - __main__ - INFO - Data reduction: 3.0%
2025-09-24 20:12:57,211 - __main__ - INFO - ==================================================
2025-09-24 20:12:57,211 - __main__ - INFO - STARTING DATA MIGRATION
2025-09-24 20:12:57,211 - __main__ - INFO - ==================================================
2025-09-24 20:12:57,214 - __main__ - INFO - Database backup created: data\processed\intervention_research_backup_20250924_201257.db
2025-09-24 20:12:57,219 - __main__ - INFO - Found 283 papers with interventions needing migration
2025-09-24 20:12:57,220 - __main__ - INFO - Processing batch 1/19 (15 papers)
2025-09-24 20:12:57,220 - __main__ - INFO - Processing paper 40202346 (17 interventions)
2025-09-24 20:12:57,221 - __main__ - ERROR - Failed to insert intervention: beta-blockers
2025-09-24 20:12:57,221 - __main__ - INFO - Processing paper 39726778 (16 interventions)
2025-09-24 20:13:02,703 - __main__ - ERROR - Error updating interventions for paper 39726778: database is locked
2025-09-24 20:13:02,703 - __main__ - INFO - Processing paper 32054443 (15 interventions)
2025-09-24 20:13:31,662 - __main__ - INFO - ==================================================
2025-09-24 20:13:31,662 - __main__ - INFO - STARTING DATA MIGRATION
2025-09-24 20:13:31,662 - __main__ - INFO - ==================================================
2025-09-24 20:13:31,680 - __main__ - INFO - Database backup created: data\processed\intervention_research_backup_20250924_201331.db
2025-09-24 20:13:31,684 - __main__ - INFO - Found 283 papers with interventions needing migration
2025-09-24 20:13:31,684 - __main__ - INFO - Limited to 1 papers for testing
2025-09-24 20:13:31,684 - __main__ - INFO - Processing batch 1/1 (1 papers)
2025-09-24 20:13:31,684 - __main__ - INFO - Processing paper 40202346 (17 interventions)
2025-09-24 20:13:31,684 - __main__ - INFO - DRY RUN: Would update 17 interventions for paper 40202346
2025-09-24 20:13:31,684 - __main__ - INFO - Batch 1 completed: {'processed': 1, 'errors': 0, 'interventions_before': 17, 'interventions_after': 17}
2025-09-24 20:13:31,684 - __main__ - INFO - ==================================================
2025-09-24 20:13:31,684 - __main__ - INFO - MIGRATION COMPLETED
2025-09-24 20:13:31,684 - __main__ - INFO - ==================================================
2025-09-24 20:13:31,684 - __main__ - INFO - Duration: 0.02 seconds
2025-09-24 20:13:31,684 - __main__ - INFO - Papers processed: 1
2025-09-24 20:13:31,684 - __main__ - INFO - Interventions before: 17
2025-09-24 20:13:31,684 - __main__ - INFO - Interventions after: 17
2025-09-24 20:13:31,684 - __main__ - INFO - Duplicates merged: 0
2025-09-24 20:13:31,684 - __main__ - INFO - Semantic groups created: 17
2025-09-24 20:13:31,684 - __main__ - INFO - Errors: 0
2025-09-24 20:13:31,684 - __main__ - INFO - Data reduction: 0.0%
2025-09-24 20:13:38,846 - __main__ - INFO - ==================================================
2025-09-24 20:13:38,846 - __main__ - INFO - STARTING DATA MIGRATION
2025-09-24 20:13:38,846 - __main__ - INFO - ==================================================
2025-09-24 20:13:38,852 - __main__ - INFO - Database backup created: data\processed\intervention_research_backup_20250924_201338.db
2025-09-24 20:13:38,857 - __main__ - INFO - Found 283 papers with interventions needing migration
2025-09-24 20:13:38,857 - __main__ - INFO - Processing batch 1/15 (20 papers)
2025-09-24 20:13:38,858 - __main__ - INFO - Processing paper 40202346 (17 interventions)
2025-09-24 20:13:44,372 - __main__ - ERROR - Failed to insert intervention: beta-blockers
2025-09-24 20:13:44,372 - __main__ - INFO - Processing paper 39726778 (16 interventions)
2025-09-24 20:13:49,908 - __main__ - ERROR - Error updating interventions for paper 39726778: database is locked
2025-09-24 20:13:49,908 - __main__ - INFO - Processing paper 32054443 (15 interventions)
2025-09-24 20:13:55,335 - __main__ - ERROR - Error updating interventions for paper 32054443: database is locked
2025-09-24 20:13:55,335 - __main__ - INFO - Processing paper 40325655 (15 interventions)
2025-09-24 20:14:00,784 - __main__ - ERROR - Failed to insert intervention: osteopathic treatment
2025-09-24 20:14:00,784 - __main__ - INFO - Processing paper 40546150 (14 interventions)
2025-09-24 20:14:06,251 - __main__ - ERROR - Error updating interventions for paper 40546150: database is locked
2025-09-24 20:14:06,251 - __main__ - INFO - Processing paper 23384803 (12 interventions)
2025-09-24 20:14:11,581 - __main__ - ERROR - Error updating interventions for paper 23384803: database is locked
2025-09-24 20:14:11,581 - __main__ - INFO - Processing paper 22314561 (10 interventions)
2025-09-24 20:14:17,077 - __main__ - ERROR - Failed to insert intervention: proton pump inhibitors
2025-09-24 20:14:17,077 - __main__ - INFO - Processing paper 37541528 (10 interventions)
2025-09-24 20:14:22,560 - __main__ - ERROR - Error updating interventions for paper 37541528: database is locked
2025-09-24 20:14:22,560 - __main__ - INFO - Processing paper 38700306 (10 interventions)
2025-09-24 20:14:27,970 - __main__ - ERROR - Error updating interventions for paper 38700306: database is locked
2025-09-24 20:14:27,970 - __main__ - INFO - Processing paper 39968993 (10 interventions)
2025-09-24 20:14:33,407 - __main__ - ERROR - Failed to insert intervention: rifaximin
2025-09-24 20:14:33,407 - __main__ - INFO - Processing paper 37328079 (9 interventions)
2025-09-24 20:14:38,979 - __main__ - ERROR - Error updating interventions for paper 37328079: database is locked
2025-09-24 20:14:38,979 - __main__ - INFO - Processing paper 40605100 (9 interventions)
2025-09-24 20:14:44,435 - __main__ - ERROR - Error updating interventions for paper 40605100: database is locked
2025-09-24 20:14:44,436 - __main__ - INFO - Processing paper 40878862 (9 interventions)
2025-09-24 20:14:49,929 - __main__ - ERROR - Failed to insert intervention: methotrexate (MTX)
2025-09-24 20:14:49,929 - __main__ - INFO - Processing paper 40929652 (9 interventions)
2025-09-24 20:14:55,449 - __main__ - ERROR - Error updating interventions for paper 40929652: database is locked
2025-09-24 20:14:55,449 - __main__ - INFO - Processing paper 27161354 (8 interventions)
2025-09-24 20:15:00,909 - __main__ - ERROR - Error updating interventions for paper 27161354: database is locked
2025-09-24 20:15:00,909 - __main__ - INFO - Processing paper 39809303 (8 interventions)
2025-09-24 20:15:06,498 - __main__ - ERROR - Failed to insert intervention: high-intensity interval training (HIIT)
2025-09-24 20:15:06,498 - __main__ - INFO - Processing paper 40240267 (8 interventions)
2025-09-24 20:15:11,944 - __main__ - ERROR - Error updating interventions for paper 40240267: database is locked
2025-09-24 20:15:11,945 - __main__ - INFO - Processing paper 40894014 (8 interventions)
2025-09-24 20:15:17,343 - __main__ - ERROR - Error updating interventions for paper 40894014: database is locked
2025-09-24 20:15:17,344 - __main__ - INFO - Processing paper 26819502 (7 interventions)
2025-09-24 20:15:22,806 - __main__ - ERROR - Failed to insert intervention: probiotics
2025-09-24 20:15:22,806 - __main__ - INFO - Processing paper 28274108 (7 interventions)
2025-09-24 20:15:28,203 - __main__ - ERROR - Error updating interventions for paper 28274108: database is locked
2025-09-24 20:15:28,203 - __main__ - INFO - Batch 1 completed: {'processed': 0, 'errors': 20, 'interventions_before': 211, 'interventions_after': 193}
2025-09-24 20:15:28,203 - __main__ - INFO - Processing batch 2/15 (20 papers)
2025-09-24 20:15:28,203 - __main__ - INFO - Processing paper 35433498 (7 interventions)
2025-09-24 20:15:33,807 - __main__ - ERROR - Error updating interventions for paper 35433498: database is locked
2025-09-24 20:15:33,807 - __main__ - INFO - Processing paper 36014888 (7 interventions)
2025-09-24 20:15:39,456 - __main__ - ERROR - Failed to insert intervention: low FODMAP diet
2025-09-24 20:15:39,456 - __main__ - INFO - Processing paper 25070051 (6 interventions)
2025-09-24 20:15:45,053 - __main__ - ERROR - Error updating interventions for paper 25070051: database is locked
2025-09-24 20:15:45,053 - __main__ - INFO - Processing paper 30845384 (6 interventions)
2025-09-24 20:15:50,747 - __main__ - ERROR - Error updating interventions for paper 30845384: database is locked
2025-09-24 20:15:50,747 - __main__ - INFO - Processing paper 36362056 (6 interventions)
2025-09-24 20:15:56,307 - __main__ - ERROR - Failed to insert intervention: FODMAP diet
2025-09-24 20:15:56,307 - __main__ - INFO - Processing paper 37049488 (6 interventions)
2025-09-24 20:16:01,829 - __main__ - ERROR - Error updating interventions for paper 37049488: database is locked
2025-09-24 20:16:01,829 - __main__ - INFO - Processing paper 37184752 (6 interventions)
2025-09-24 20:16:07,442 - __main__ - ERROR - Error updating interventions for paper 37184752: database is locked
2025-09-24 20:16:07,442 - __main__ - INFO - Processing paper 37249280 (6 interventions)
2025-09-24 20:16:07,444 - __main__ - ERROR - Failed to insert intervention: combination of cold/spicy/fried restricted diet (CSF res diet) and IgG positive restricted diet (IgG res diet)
2025-09-24 20:16:07,444 - __main__ - INFO - Processing paper 37436844 (6 interventions)
2025-09-24 20:16:13,089 - __main__ - ERROR - Error updating interventions for paper 37436844: database is locked
2025-09-24 20:16:13,089 - __main__ - INFO - Processing paper 37686889 (6 interventions)
2025-09-24 20:16:18,809 - __main__ - ERROR - Error updating interventions for paper 37686889: database is locked
2025-09-24 20:16:18,809 - __main__ - INFO - Processing paper 37868345 (6 interventions)
2025-09-24 20:16:24,526 - __main__ - ERROR - Failed to insert intervention: probiotics
2025-09-24 20:16:24,526 - __main__ - INFO - Processing paper 38892659 (6 interventions)
2025-09-24 20:16:30,247 - __main__ - ERROR - Error updating interventions for paper 38892659: database is locked
2025-09-24 20:16:30,247 - __main__ - INFO - Processing paper 39060737 (6 interventions)
2025-09-24 20:16:35,960 - __main__ - ERROR - Error updating interventions for paper 39060737: database is locked
2025-09-24 20:16:35,960 - __main__ - INFO - Processing paper 39611306 (6 interventions)
2025-09-24 20:16:41,671 - __main__ - ERROR - Failed to insert intervention: fenofibrates
2025-09-24 20:16:41,671 - __main__ - INFO - Processing paper 40803668 (6 interventions)
2025-09-24 20:16:47,388 - __main__ - ERROR - Error updating interventions for paper 40803668: database is locked
2025-09-24 20:16:47,388 - __main__ - INFO - Processing paper 40854839 (6 interventions)
2025-09-24 20:16:53,095 - __main__ - ERROR - Error updating interventions for paper 40854839: database is locked
2025-09-24 20:16:53,095 - __main__ - INFO - Processing paper 40886179 (6 interventions)
2025-09-24 20:16:58,800 - __main__ - ERROR - Failed to insert intervention: ticagrelor
2025-09-24 20:16:58,800 - __main__ - INFO - Processing paper 32326347 (5 interventions)
2025-09-24 20:17:04,515 - __main__ - ERROR - Error updating interventions for paper 32326347: database is locked
2025-09-24 20:17:04,515 - __main__ - INFO - Processing paper 35721806 (5 interventions)
2025-09-24 20:17:10,228 - __main__ - ERROR - Error updating interventions for paper 35721806: database is locked
2025-09-24 20:17:10,228 - __main__ - INFO - Processing paper 36144420 (5 interventions)
2025-09-24 20:17:15,953 - __main__ - ERROR - Failed to insert intervention: Fecal Microbiota Transplantation (FMT)
2025-09-24 20:17:15,953 - __main__ - INFO - Batch 2 completed: {'processed': 0, 'errors': 20, 'interventions_before': 119, 'interventions_after': 111}
2025-09-24 20:17:15,953 - __main__ - INFO - Processing batch 3/15 (20 papers)
2025-09-24 20:17:15,953 - __main__ - INFO - Processing paper 36537785 (5 interventions)
2025-09-24 20:17:21,671 - __main__ - ERROR - Error updating interventions for paper 36537785: database is locked
2025-09-24 20:17:21,671 - __main__ - INFO - Processing paper 38331656 (5 interventions)
2025-09-24 20:17:27,392 - __main__ - ERROR - Error updating interventions for paper 38331656: database is locked
2025-09-24 20:17:27,392 - __main__ - INFO - Processing paper 38729390 (5 interventions)
2025-09-24 20:17:27,392 - __main__ - ERROR - Failed to insert intervention: FODMAP elimination diet
2025-09-24 20:17:27,392 - __main__ - INFO - Processing paper 39438126 (5 interventions)
2025-09-24 20:17:33,102 - __main__ - ERROR - Error updating interventions for paper 39438126: database is locked
2025-09-24 20:17:33,102 - __main__ - INFO - Processing paper 39493642 (5 interventions)
2025-09-24 20:17:38,812 - __main__ - ERROR - Error updating interventions for paper 39493642: database is locked
2025-09-24 20:17:38,812 - __main__ - INFO - Processing paper 39880320 (5 interventions)
2025-09-24 20:17:44,310 - __main__ - ERROR - Failed to insert intervention: acupuncture
2025-09-24 20:17:44,310 - __main__ - INFO - Processing paper 40680466 (5 interventions)
2025-09-24 20:17:49,775 - __main__ - ERROR - Error updating interventions for paper 40680466: database is locked
2025-09-24 20:17:49,775 - __main__ - INFO - Processing paper 40692549 (5 interventions)
2025-09-24 20:17:55,249 - __main__ - ERROR - Error updating interventions for paper 40692549: database is locked
2025-09-24 20:17:55,249 - __main__ - INFO - Processing paper 40693198 (5 interventions)
2025-09-24 20:18:00,770 - __main__ - ERROR - Failed to insert intervention: probiotic formulation
2025-09-24 20:18:00,770 - __main__ - INFO - Processing paper 40706614 (5 interventions)
2025-09-24 20:18:06,385 - __main__ - ERROR - Error updating interventions for paper 40706614: database is locked
2025-09-24 20:18:06,385 - __main__ - INFO - Processing paper 40824470 (5 interventions)
2025-09-24 20:18:11,992 - __main__ - ERROR - Error updating interventions for paper 40824470: database is locked
2025-09-24 20:18:11,992 - __main__ - INFO - Processing paper 40837797 (5 interventions)
2025-09-24 20:18:17,532 - __main__ - ERROR - Failed to insert intervention: quetiapine
2025-09-24 20:18:17,532 - __main__ - INFO - Processing paper 40865597 (5 interventions)
2025-09-24 20:18:23,112 - __main__ - ERROR - Error updating interventions for paper 40865597: database is locked
2025-09-24 20:18:23,112 - __main__ - INFO - Processing paper 40913838 (5 interventions)
2025-09-24 20:18:28,662 - __main__ - ERROR - Error updating interventions for paper 40913838: database is locked
2025-09-24 20:18:28,662 - __main__ - INFO - Processing paper 40933935 (5 interventions)
2025-09-24 20:18:34,210 - __main__ - ERROR - Failed to insert intervention: psychoeducation
2025-09-24 20:18:34,210 - __main__ - INFO - Processing paper 33486083 (4 interventions)
2025-09-24 20:18:39,888 - __main__ - ERROR - Error updating interventions for paper 33486083: database is locked
2025-09-24 20:18:39,888 - __main__ - INFO - Processing paper 37430435 (4 interventions)
2025-09-24 20:18:45,521 - __main__ - ERROR - Error updating interventions for paper 37430435: database is locked
2025-09-24 20:18:45,521 - __main__ - INFO - Processing paper 38092540 (4 interventions)
2025-09-24 20:18:45,521 - __main__ - ERROR - Failed to insert intervention: pinaverium bromide suspension
2025-09-24 20:18:45,521 - __main__ - INFO - Processing paper 38653808 (4 interventions)
2025-09-24 20:18:51,104 - __main__ - ERROR - Error updating interventions for paper 38653808: database is locked
2025-09-24 20:18:51,104 - __main__ - INFO - Processing paper 38717025 (4 interventions)
2025-09-24 20:18:56,750 - __main__ - ERROR - Error updating interventions for paper 38717025: database is locked
2025-09-24 20:18:56,750 - __main__ - INFO - Batch 3 completed: {'processed': 0, 'errors': 20, 'interventions_before': 95, 'interventions_after': 80}
2025-09-24 20:18:56,750 - __main__ - INFO - Processing batch 4/15 (20 papers)
2025-09-24 20:18:56,752 - __main__ - INFO - Processing paper 38999862 (4 interventions)
2025-09-24 20:19:02,348 - __main__ - ERROR - Failed to insert intervention: Fecal Microbiota Transplantation (FMT)
2025-09-24 20:19:02,349 - __main__ - INFO - Processing paper 39138906 (4 interventions)
2025-09-24 20:19:07,911 - __main__ - ERROR - Error updating interventions for paper 39138906: database is locked
2025-09-24 20:19:07,911 - __main__ - INFO - Processing paper 40307001 (4 interventions)
2025-09-24 20:19:13,519 - __main__ - ERROR - Error updating interventions for paper 40307001: database is locked
2025-09-24 20:19:13,519 - __main__ - INFO - Processing paper 40398540 (4 interventions)
2025-09-24 20:19:19,212 - __main__ - ERROR - Failed to insert intervention: mind-body exercise
2025-09-24 20:19:19,212 - __main__ - INFO - Processing paper 40436492 (4 interventions)
2025-09-24 20:19:24,792 - __main__ - ERROR - Error updating interventions for paper 40436492: database is locked
2025-09-24 20:19:24,793 - __main__ - INFO - Processing paper 40469886 (4 interventions)
2025-09-24 20:19:30,302 - __main__ - ERROR - Error updating interventions for paper 40469886: database is locked
2025-09-24 20:19:30,302 - __main__ - INFO - Processing paper 40498286 (4 interventions)
2025-09-24 20:19:35,818 - __main__ - ERROR - Failed to insert intervention: proton pump inhibitors (PPI)
2025-09-24 20:19:35,818 - __main__ - INFO - Processing paper 40600020 (4 interventions)
2025-09-24 20:19:41,357 - __main__ - ERROR - Error updating interventions for paper 40600020: database is locked
2025-09-24 20:19:41,357 - __main__ - INFO - Processing paper 40642821 (4 interventions)
2025-09-24 20:19:46,998 - __main__ - ERROR - Error updating interventions for paper 40642821: database is locked
2025-09-24 20:19:46,998 - __main__ - INFO - Processing paper 40665284 (4 interventions)
2025-09-24 20:19:52,546 - __main__ - ERROR - Failed to insert intervention: transcranial direct current stimulation (tDCS)
2025-09-24 20:19:52,546 - __main__ - INFO - Processing paper 40765115 (4 interventions)
2025-09-24 20:19:58,037 - __main__ - ERROR - Error updating interventions for paper 40765115: database is locked
2025-09-24 20:19:58,037 - __main__ - INFO - Processing paper 40790488 (4 interventions)
2025-09-24 20:20:03,584 - __main__ - ERROR - Error updating interventions for paper 40790488: database is locked
2025-09-24 20:20:03,584 - __main__ - INFO - Processing paper 40846208 (4 interventions)
2025-09-24 20:20:09,123 - __main__ - ERROR - Failed to insert intervention: other therapies
2025-09-24 20:20:09,123 - __main__ - INFO - Processing paper 40862177 (4 interventions)
2025-09-24 20:20:14,725 - __main__ - ERROR - Error updating interventions for paper 40862177: database is locked
2025-09-24 20:20:14,725 - __main__ - INFO - Processing paper 40897521 (4 interventions)
2025-09-24 20:20:20,410 - __main__ - ERROR - Error updating interventions for paper 40897521: database is locked
2025-09-24 20:20:20,410 - __main__ - INFO - Processing paper 40939781 (4 interventions)
2025-09-24 20:20:26,138 - __main__ - ERROR - Failed to insert intervention: SGLT2 inhibitors
2025-09-24 20:20:26,138 - __main__ - INFO - Processing paper 40949788 (4 interventions)
2025-09-24 20:20:31,719 - __main__ - ERROR - Error updating interventions for paper 40949788: database is locked
2025-09-24 20:20:31,719 - __main__ - INFO - Processing paper 40953132 (4 interventions)
2025-09-24 20:20:37,264 - __main__ - ERROR - Error updating interventions for paper 40953132: database is locked
2025-09-24 20:20:37,264 - __main__ - INFO - Processing paper 40965559 (4 interventions)
2025-09-24 20:20:42,827 - __main__ - ERROR - Failed to insert intervention: Vonoprazan
2025-09-24 20:20:42,827 - __main__ - INFO - Processing paper 30294792 (3 interventions)
2025-09-24 20:20:48,330 - __main__ - ERROR - Error updating interventions for paper 30294792: database is locked
2025-09-24 20:20:48,330 - __main__ - INFO - Batch 4 completed: {'processed': 0, 'errors': 20, 'interventions_before': 79, 'interventions_after': 67}
2025-09-24 20:20:48,330 - __main__ - INFO - Processing batch 5/15 (20 papers)
2025-09-24 20:20:48,330 - __main__ - INFO - Processing paper 33183883 (3 interventions)
2025-09-24 20:20:53,858 - __main__ - ERROR - Error updating interventions for paper 33183883: database is locked
2025-09-24 20:20:53,858 - __main__ - INFO - Processing paper 33903147 (3 interventions)
2025-09-24 20:20:59,575 - __main__ - ERROR - Failed to insert intervention: dietary therapies
2025-09-24 20:20:59,575 - __main__ - INFO - Processing paper 34203002 (3 interventions)
2025-09-24 20:21:05,274 - __main__ - ERROR - Error updating interventions for paper 34203002: database is locked
2025-09-24 20:21:05,274 - __main__ - INFO - Processing paper 34365915 (3 interventions)
2025-09-24 20:21:10,937 - __main__ - ERROR - Error updating interventions for paper 34365915: database is locked
2025-09-24 20:21:10,938 - __main__ - INFO - Processing paper 35419092 (3 interventions)
2025-09-24 20:21:16,601 - __main__ - ERROR - Failed to insert intervention: probiotics
2025-09-24 20:21:16,601 - __main__ - INFO - Processing paper 35951774 (3 interventions)
2025-09-24 20:21:22,320 - __main__ - ERROR - Error updating interventions for paper 35951774: database is locked
2025-09-24 20:21:22,320 - __main__ - INFO - Processing paper 36341232 (3 interventions)
2025-09-24 20:21:28,021 - __main__ - ERROR - Error updating interventions for paper 36341232: database is locked
2025-09-24 20:21:28,021 - __main__ - INFO - Processing paper 36394933 (3 interventions)
2025-09-24 20:21:33,724 - __main__ - ERROR - Failed to insert intervention: kombucha-based drink enriched with inulin and vitamins
2025-09-24 20:21:33,724 - __main__ - INFO - Processing paper 36994979 (3 interventions)
2025-09-24 20:21:39,361 - __main__ - ERROR - Error updating interventions for paper 36994979: database is locked
2025-09-24 20:21:39,361 - __main__ - INFO - Processing paper 37649852 (3 interventions)
2025-09-24 20:21:44,981 - __main__ - ERROR - Error updating interventions for paper 37649852: database is locked
2025-09-24 20:21:44,981 - __main__ - INFO - Processing paper 37772692 (3 interventions)
2025-09-24 20:21:50,620 - __main__ - ERROR - Failed to insert intervention: probiotics
2025-09-24 20:21:50,620 - __main__ - INFO - Processing paper 37918930 (3 interventions)
2025-09-24 20:21:56,258 - __main__ - ERROR - Error updating interventions for paper 37918930: database is locked
2025-09-24 20:21:56,258 - __main__ - INFO - Processing paper 38211604 (3 interventions)
2025-09-24 20:22:01,943 - __main__ - ERROR - Error updating interventions for paper 38211604: database is locked
2025-09-24 20:22:01,943 - __main__ - INFO - Processing paper 38717445 (3 interventions)
2025-09-24 20:22:07,471 - __main__ - ERROR - Failed to insert intervention: Bifidobacterium longum (BL) NCC3001
2025-09-24 20:22:07,471 - __main__ - INFO - Processing paper 39065261 (3 interventions)
2025-09-24 20:22:13,034 - __main__ - ERROR - Error updating interventions for paper 39065261: database is locked
2025-09-24 20:22:13,034 - __main__ - INFO - Processing paper 39126817 (3 interventions)
2025-09-24 20:22:18,720 - __main__ - ERROR - Error updating interventions for paper 39126817: database is locked
2025-09-24 20:22:18,720 - __main__ - INFO - Processing paper 39631208 (3 interventions)
2025-09-24 20:22:24,263 - __main__ - ERROR - Failed to insert intervention: higher-carbohydrate lower-fat diet with refined carbohydrate sources (acellular diet, A-HCLF)
2025-09-24 20:22:24,263 - __main__ - INFO - Processing paper 39780334 (3 interventions)
2025-09-24 20:22:29,884 - __main__ - ERROR - Error updating interventions for paper 39780334: database is locked
2025-09-24 20:22:29,884 - __main__ - INFO - Processing paper 39839644 (3 interventions)
2025-09-24 20:22:35,424 - __main__ - ERROR - Error updating interventions for paper 39839644: database is locked
2025-09-24 20:22:35,424 - __main__ - INFO - Processing paper 39875940 (3 interventions)
2025-09-24 20:22:41,077 - __main__ - ERROR - Failed to insert intervention: acupressure
2025-09-24 20:22:41,077 - __main__ - INFO - Batch 5 completed: {'processed': 0, 'errors': 20, 'interventions_before': 60, 'interventions_after': 51}
2025-09-24 20:22:41,077 - __main__ - INFO - Processing batch 6/15 (20 papers)
2025-09-24 20:22:41,077 - __main__ - INFO - Processing paper 40035292 (3 interventions)
2025-09-24 20:22:46,713 - __main__ - ERROR - Error updating interventions for paper 40035292: database is locked
2025-09-24 20:22:46,713 - __main__ - INFO - Processing paper 40122713 (3 interventions)
2025-09-24 20:22:52,306 - __main__ - ERROR - Error updating interventions for paper 40122713: database is locked
2025-09-24 20:22:52,306 - __main__ - INFO - Processing paper 40262961 (3 interventions)
2025-09-24 20:22:52,306 - __main__ - ERROR - Failed to insert intervention: Spirulina capsules
2025-09-24 20:22:52,306 - __main__ - INFO - Processing paper 40455462 (3 interventions)
2025-09-24 20:22:57,941 - __main__ - ERROR - Error updating interventions for paper 40455462: database is locked
2025-09-24 20:22:57,941 - __main__ - INFO - Processing paper 40537225 (3 interventions)
2025-09-24 20:23:03,547 - __main__ - ERROR - Error updating interventions for paper 40537225: database is locked
2025-09-24 20:23:03,547 - __main__ - INFO - Processing paper 40550724 (3 interventions)
2025-09-24 20:23:09,233 - __main__ - ERROR - Failed to insert intervention: esketamine
2025-09-24 20:23:09,233 - __main__ - INFO - Processing paper 40585786 (3 interventions)
2025-09-24 20:23:14,902 - __main__ - ERROR - Error updating interventions for paper 40585786: database is locked
2025-09-24 20:23:14,902 - __main__ - INFO - Processing paper 40631545 (3 interventions)
2025-09-24 20:23:20,444 - __main__ - ERROR - Error updating interventions for paper 40631545: database is locked
2025-09-24 20:23:20,444 - __main__ - INFO - Processing paper 40639240 (3 interventions)
2025-09-24 20:23:26,116 - __main__ - ERROR - Failed to insert intervention: herbal medicine JCM-16021
2025-09-24 20:23:26,116 - __main__ - INFO - Processing paper 40731782 (3 interventions)
2025-09-24 20:23:31,752 - __main__ - ERROR - Error updating interventions for paper 40731782: database is locked
2025-09-24 20:23:31,752 - __main__ - INFO - Processing paper 40745313 (3 interventions)
2025-09-24 20:23:37,341 - __main__ - ERROR - Error updating interventions for paper 40745313: database is locked
2025-09-24 20:23:37,341 - __main__ - INFO - Processing paper 40759562 (3 interventions)
2025-09-24 20:23:42,991 - __main__ - ERROR - Failed to insert intervention: sarilumab
2025-09-24 20:23:42,991 - __main__ - INFO - Processing paper 40783853 (3 interventions)
2025-09-24 20:23:48,632 - __main__ - ERROR - Error updating interventions for paper 40783853: database is locked
2025-09-24 20:23:48,632 - __main__ - INFO - Processing paper 40804563 (3 interventions)
2025-09-24 20:23:54,192 - __main__ - ERROR - Error updating interventions for paper 40804563: database is locked
2025-09-24 20:23:54,192 - __main__ - INFO - Processing paper 40811685 (3 interventions)
2025-09-24 20:23:59,727 - __main__ - ERROR - Failed to insert intervention: social-media-based mental health interventions
2025-09-24 20:23:59,727 - __main__ - INFO - Processing paper 40834426 (3 interventions)
2025-09-24 20:24:05,302 - __main__ - ERROR - Error updating interventions for paper 40834426: database is locked
2025-09-24 20:24:05,302 - __main__ - INFO - Processing paper 40844815 (3 interventions)
2025-09-24 20:24:10,922 - __main__ - ERROR - Error updating interventions for paper 40844815: database is locked
2025-09-24 20:24:10,922 - __main__ - INFO - Processing paper 40869873 (3 interventions)
2025-09-24 20:24:16,593 - __main__ - ERROR - Failed to insert intervention: multi-joint resistance exercises
2025-09-24 20:24:16,593 - __main__ - INFO - Processing paper 40891151 (3 interventions)
2025-09-24 20:24:22,311 - __main__ - ERROR - Error updating interventions for paper 40891151: database is locked
2025-09-24 20:24:22,311 - __main__ - INFO - Processing paper 40913094 (3 interventions)
2025-09-24 20:24:27,964 - __main__ - ERROR - Error updating interventions for paper 40913094: database is locked
2025-09-24 20:24:27,964 - __main__ - INFO - Batch 6 completed: {'processed': 0, 'errors': 20, 'interventions_before': 60, 'interventions_after': 56}
2025-09-24 20:24:27,964 - __main__ - INFO - Processing batch 7/15 (20 papers)
2025-09-24 20:24:27,964 - __main__ - INFO - Processing paper 40963258 (3 interventions)
2025-09-24 20:24:33,586 - __main__ - ERROR - Failed to insert intervention: iCanQuit smoking cessation app
2025-09-24 20:24:33,586 - __main__ - INFO - Processing paper 40968755 (3 interventions)
2025-09-24 20:24:39,255 - __main__ - ERROR - Error updating interventions for paper 40968755: database is locked
2025-09-24 20:24:39,255 - __main__ - INFO - Processing paper 40971670 (3 interventions)
2025-09-24 20:24:44,907 - __main__ - ERROR - Error updating interventions for paper 40971670: database is locked
2025-09-24 20:24:44,907 - __main__ - INFO - Processing paper 40976665 (3 interventions)
2025-09-24 20:24:50,465 - __main__ - ERROR - Failed to insert intervention: curcumin capsules
2025-09-24 20:24:50,465 - __main__ - INFO - Processing paper 20890316 (2 interventions)
2025-09-24 20:24:56,039 - __main__ - ERROR - Error updating interventions for paper 20890316: database is locked
2025-09-24 20:24:56,039 - __main__ - INFO - Processing paper 28625832 (2 interventions)
2025-09-24 20:25:01,660 - __main__ - ERROR - Error updating interventions for paper 28625832: database is locked
2025-09-24 20:25:01,660 - __main__ - INFO - Processing paper 29688915 (2 interventions)
2025-09-24 20:25:07,363 - __main__ - ERROR - Failed to insert intervention: multispecies probiotic mixture
2025-09-24 20:25:07,363 - __main__ - INFO - Processing paper 31122802 (2 interventions)
2025-09-24 20:25:13,015 - __main__ - ERROR - Error updating interventions for paper 31122802: database is locked
2025-09-24 20:25:13,015 - __main__ - INFO - Processing paper 32019158 (2 interventions)
2025-09-24 20:25:18,671 - __main__ - ERROR - Error updating interventions for paper 32019158: database is locked
2025-09-24 20:25:18,671 - __main__ - INFO - Processing paper 33652763 (2 interventions)
2025-09-24 20:25:24,370 - __main__ - ERROR - Failed to insert intervention: multi-strain probiotic preparation
2025-09-24 20:25:24,370 - __main__ - INFO - Processing paper 34578939 (2 interventions)
2025-09-24 20:25:30,072 - __main__ - ERROR - Error updating interventions for paper 34578939: database is locked
2025-09-24 20:25:30,072 - __main__ - INFO - Processing paper 34904950 (2 interventions)
2025-09-24 20:25:35,629 - __main__ - ERROR - Error updating interventions for paper 34904950: database is locked
2025-09-24 20:25:35,629 - __main__ - INFO - Processing paper 35633978 (2 interventions)
2025-09-24 20:25:41,269 - __main__ - ERROR - Failed to insert intervention: dance and yoga
2025-09-24 20:25:41,269 - __main__ - INFO - Processing paper 35804433 (2 interventions)
2025-09-24 20:25:46,792 - __main__ - ERROR - Error updating interventions for paper 35804433: database is locked
2025-09-24 20:25:46,792 - __main__ - INFO - Processing paper 35975404 (2 interventions)
2025-09-24 20:25:52,431 - __main__ - ERROR - Error updating interventions for paper 35975404: database is locked
2025-09-24 20:25:52,431 - __main__ - INFO - Processing paper 36251040 (2 interventions)
2025-09-24 20:25:57,921 - __main__ - ERROR - Failed to insert intervention: placebo
2025-09-24 20:25:57,921 - __main__ - INFO - Processing paper 36556059 (2 interventions)
2025-09-24 20:26:03,540 - __main__ - ERROR - Error updating interventions for paper 36556059: database is locked
2025-09-24 20:26:03,540 - __main__ - INFO - Processing paper 37774212 (2 interventions)
2025-09-24 20:26:09,164 - __main__ - ERROR - Error updating interventions for paper 37774212: database is locked
2025-09-24 20:26:09,164 - __main__ - INFO - Processing paper 38084725 (2 interventions)
2025-09-24 20:26:14,737 - __main__ - ERROR - Failed to insert intervention: Faecal microbiota transplantation (FMT)
2025-09-24 20:26:14,737 - __main__ - INFO - Processing paper 38149073 (2 interventions)
2025-09-24 20:26:20,348 - __main__ - ERROR - Error updating interventions for paper 38149073: database is locked
2025-09-24 20:26:20,348 - __main__ - INFO - Batch 7 completed: {'processed': 0, 'errors': 20, 'interventions_before': 44, 'interventions_after': 42}
2025-09-24 20:26:20,348 - __main__ - INFO - Processing batch 8/15 (20 papers)
2025-09-24 20:26:20,348 - __main__ - INFO - Processing paper 38456188 (2 interventions)
2025-09-24 20:26:25,876 - __main__ - ERROR - Error updating interventions for paper 38456188: database is locked
2025-09-24 20:26:25,876 - __main__ - INFO - Processing paper 38479039 (2 interventions)
2025-09-24 20:26:31,376 - __main__ - ERROR - Failed to insert intervention: placebo
2025-09-24 20:26:31,376 - __main__ - INFO - Processing paper 38873474 (2 interventions)
2025-09-24 20:26:36,949 - __main__ - ERROR - Error updating interventions for paper 38873474: database is locked
2025-09-24 20:26:36,950 - __main__ - INFO - Processing paper 39308538 (2 interventions)
2025-09-24 20:26:42,486 - __main__ - ERROR - Error updating interventions for paper 39308538: database is locked
2025-09-24 20:26:42,486 - __main__ - INFO - Processing paper 39413891 (2 interventions)
2025-09-24 20:26:48,014 - __main__ - ERROR - Failed to insert intervention: otilonium bromide
2025-09-24 20:26:48,014 - __main__ - INFO - Processing paper 39424598 (2 interventions)
2025-09-24 20:26:53,585 - __main__ - ERROR - Error updating interventions for paper 39424598: database is locked
2025-09-24 20:26:53,585 - __main__ - INFO - Processing paper 39531353 (2 interventions)
2025-09-24 20:26:59,209 - __main__ - ERROR - Error updating interventions for paper 39531353: database is locked
2025-09-24 20:26:59,209 - __main__ - INFO - Processing paper 39565463 (2 interventions)
2025-09-24 20:27:04,884 - __main__ - ERROR - Failed to insert intervention: sodium-glucose co-transporter-2 inhibitors (SGLT2i)
2025-09-24 20:27:04,884 - __main__ - INFO - Processing paper 39576289 (2 interventions)
2025-09-24 20:27:10,466 - __main__ - ERROR - Error updating interventions for paper 39576289: database is locked
2025-09-24 20:27:10,466 - __main__ - INFO - Processing paper 39678880 (2 interventions)
2025-09-24 20:27:16,137 - __main__ - ERROR - Error updating interventions for paper 39678880: database is locked
2025-09-24 20:27:16,137 - __main__ - INFO - Processing paper 39689011 (2 interventions)
2025-09-24 20:27:21,774 - __main__ - ERROR - Failed to insert intervention: Transcutaneous auricular vagus nerve stimulation (taVNS)
2025-09-24 20:27:21,774 - __main__ - INFO - Processing paper 39701718 (2 interventions)
2025-09-24 20:27:27,397 - __main__ - ERROR - Error updating interventions for paper 39701718: database is locked
2025-09-24 20:27:27,397 - __main__ - INFO - Processing paper 39870963 (2 interventions)
2025-09-24 20:27:33,078 - __main__ - ERROR - Error updating interventions for paper 39870963: database is locked
2025-09-24 20:27:33,078 - __main__ - INFO - Processing paper 39899189 (2 interventions)
2025-09-24 20:27:38,676 - __main__ - ERROR - Failed to insert intervention: home-based physical exercise
2025-09-24 20:27:38,676 - __main__ - INFO - Processing paper 39932306 (2 interventions)
2025-09-24 20:27:44,127 - __main__ - ERROR - Error updating interventions for paper 39932306: database is locked
2025-09-24 20:27:44,127 - __main__ - INFO - Processing paper 39940404 (2 interventions)
2025-09-24 20:27:49,573 - __main__ - ERROR - Error updating interventions for paper 39940404: database is locked
2025-09-24 20:27:49,574 - __main__ - INFO - Processing paper 39987431 (2 interventions)
2025-09-24 20:27:55,036 - __main__ - ERROR - Failed to insert intervention: vasopressin
2025-09-24 20:27:55,036 - __main__ - INFO - Processing paper 40087560 (2 interventions)
2025-09-24 20:28:00,501 - __main__ - ERROR - Error updating interventions for paper 40087560: database is locked
2025-09-24 20:28:00,501 - __main__ - INFO - Processing paper 40190543 (2 interventions)
2025-09-24 20:28:05,966 - __main__ - ERROR - Error updating interventions for paper 40190543: database is locked
2025-09-24 20:28:05,967 - __main__ - INFO - Processing paper 40280230 (2 interventions)
2025-09-24 20:28:11,623 - __main__ - ERROR - Failed to insert intervention: MM-II
2025-09-24 20:28:11,623 - __main__ - INFO - Batch 8 completed: {'processed': 0, 'errors': 20, 'interventions_before': 40, 'interventions_after': 39}
2025-09-24 20:28:11,623 - __main__ - INFO - Processing batch 9/15 (20 papers)
2025-09-24 20:28:11,623 - __main__ - INFO - Processing paper 40315212 (2 interventions)
2025-09-24 20:28:17,326 - __main__ - ERROR - Error updating interventions for paper 40315212: database is locked
2025-09-24 20:28:17,326 - __main__ - INFO - Processing paper 40316434 (2 interventions)
2025-09-24 20:28:23,059 - __main__ - ERROR - Error updating interventions for paper 40316434: database is locked
2025-09-24 20:28:23,060 - __main__ - INFO - Processing paper 40342737 (2 interventions)
2025-09-24 20:28:23,061 - __main__ - ERROR - Failed to insert intervention: Coprinus comatus nanogels
2025-09-24 20:28:23,061 - __main__ - INFO - Processing paper 40380042 (2 interventions)
2025-09-24 20:28:28,743 - __main__ - ERROR - Error updating interventions for paper 40380042: database is locked
2025-09-24 20:28:28,743 - __main__ - INFO - Processing paper 40391929 (2 interventions)
2025-09-24 20:28:34,366 - __main__ - ERROR - Error updating interventions for paper 40391929: database is locked
2025-09-24 20:28:34,366 - __main__ - INFO - Processing paper 40419885 (2 interventions)
2025-09-24 20:28:39,869 - __main__ - ERROR - Failed to insert intervention: Western medicine
2025-09-24 20:28:39,869 - __main__ - INFO - Processing paper 40480674 (2 interventions)
2025-09-24 20:28:45,386 - __main__ - ERROR - Error updating interventions for paper 40480674: database is locked
2025-09-24 20:28:45,386 - __main__ - INFO - Processing paper 40531488 (2 interventions)
2025-09-24 20:28:50,918 - __main__ - ERROR - Error updating interventions for paper 40531488: database is locked
2025-09-24 20:28:50,918 - __main__ - INFO - Processing paper 40614809 (2 interventions)
2025-09-24 20:28:56,349 - __main__ - ERROR - Failed to insert intervention: protein-hydrolyzed lactose-free A1A2 milk
2025-09-24 20:28:56,349 - __main__ - INFO - Processing paper 40712106 (2 interventions)
2025-09-24 20:29:01,910 - __main__ - ERROR - Error updating interventions for paper 40712106: database is locked
2025-09-24 20:29:01,910 - __main__ - INFO - Processing paper 40718270 (2 interventions)
2025-09-24 20:29:07,558 - __main__ - ERROR - Error updating interventions for paper 40718270: database is locked
2025-09-24 20:29:07,558 - __main__ - INFO - Processing paper 40725690 (2 interventions)
2025-09-24 20:29:13,121 - __main__ - ERROR - Failed to insert intervention: mobile-based postpartum lifestyle intervention
2025-09-24 20:29:13,121 - __main__ - INFO - Processing paper 40728847 (2 interventions)
2025-09-24 20:29:18,685 - __main__ - ERROR - Error updating interventions for paper 40728847: database is locked
2025-09-24 20:29:18,685 - __main__ - INFO - Processing paper 40742006 (2 interventions)
2025-09-24 20:29:24,324 - __main__ - ERROR - Error updating interventions for paper 40742006: database is locked
2025-09-24 20:29:24,324 - __main__ - INFO - Processing paper 40751398 (2 interventions)
2025-09-24 20:29:29,766 - __main__ - ERROR - Failed to insert intervention: bilberry supplementation
2025-09-24 20:29:29,766 - __main__ - INFO - Processing paper 40772068 (2 interventions)
2025-09-24 20:29:35,372 - __main__ - ERROR - Error updating interventions for paper 40772068: database is locked
2025-09-24 20:29:35,372 - __main__ - INFO - Processing paper 40777627 (2 interventions)
2025-09-24 20:29:41,037 - __main__ - ERROR - Error updating interventions for paper 40777627: database is locked
2025-09-24 20:29:41,037 - __main__ - INFO - Processing paper 40782191 (2 interventions)
2025-09-24 20:29:46,746 - __main__ - ERROR - Failed to insert intervention: probiotics
2025-09-24 20:29:46,746 - __main__ - INFO - Processing paper 40786128 (2 interventions)
2025-09-24 20:29:52,378 - __main__ - ERROR - Error updating interventions for paper 40786128: database is locked
2025-09-24 20:29:52,378 - __main__ - INFO - Processing paper 40797398 (2 interventions)
2025-09-24 20:29:58,006 - __main__ - ERROR - Error updating interventions for paper 40797398: database is locked
2025-09-24 20:29:58,006 - __main__ - INFO - Batch 9 completed: {'processed': 0, 'errors': 20, 'interventions_before': 40, 'interventions_after': 37}
2025-09-24 20:29:58,006 - __main__ - INFO - Processing batch 10/15 (20 papers)
2025-09-24 20:29:58,006 - __main__ - INFO - Processing paper 40815829 (2 interventions)
2025-09-24 20:30:03,722 - __main__ - ERROR - Failed to insert intervention: Breastfeeding Aiding Tool app
2025-09-24 20:30:03,722 - __main__ - INFO - Processing paper 40834249 (2 interventions)
2025-09-24 20:30:09,434 - __main__ - ERROR - Error updating interventions for paper 40834249: database is locked
2025-09-24 20:30:09,434 - __main__ - INFO - Processing paper 40840822 (2 interventions)
2025-09-24 20:30:15,144 - __main__ - ERROR - Error updating interventions for paper 40840822: database is locked
2025-09-24 20:30:15,144 - __main__ - INFO - Processing paper 40844124 (2 interventions)
2025-09-24 20:30:20,859 - __main__ - ERROR - Failed to insert intervention: antidepressants
2025-09-24 20:30:20,859 - __main__ - INFO - Processing paper 40848897 (2 interventions)
2025-09-24 20:30:26,573 - __main__ - ERROR - Error updating interventions for paper 40848897: database is locked
2025-09-24 20:30:26,573 - __main__ - INFO - Processing paper 40852006 (2 interventions)
2025-09-24 20:30:32,282 - __main__ - ERROR - Error updating interventions for paper 40852006: database is locked
2025-09-24 20:30:32,282 - __main__ - INFO - Processing paper 40852343 (2 interventions)
2025-09-24 20:30:37,945 - __main__ - ERROR - Failed to insert intervention: Metformin
2025-09-24 20:30:37,945 - __main__ - INFO - Processing paper 40858059 (2 interventions)
2025-09-24 20:30:43,479 - __main__ - ERROR - Error updating interventions for paper 40858059: database is locked
2025-09-24 20:30:43,480 - __main__ - INFO - Processing paper 40859513 (2 interventions)
2025-09-24 20:30:48,999 - __main__ - ERROR - Error updating interventions for paper 40859513: database is locked
2025-09-24 20:30:48,999 - __main__ - INFO - Processing paper 40876528 (2 interventions)
2025-09-24 20:30:54,394 - __main__ - ERROR - Failed to insert intervention: Trans-Radial Access (TRA)
2025-09-24 20:30:54,394 - __main__ - INFO - Processing paper 40876652 (2 interventions)
2025-09-24 20:30:59,826 - __main__ - ERROR - Error updating interventions for paper 40876652: database is locked
2025-09-24 20:30:59,826 - __main__ - INFO - Processing paper 40890852 (2 interventions)
2025-09-24 20:31:05,272 - __main__ - ERROR - Error updating interventions for paper 40890852: database is locked
2025-09-24 20:31:05,272 - __main__ - INFO - Processing paper 40892411 (2 interventions)
2025-09-24 20:31:10,720 - __main__ - ERROR - Failed to insert intervention: mobile message-based intervention
2025-09-24 20:31:10,721 - __main__ - INFO - Processing paper 40898048 (2 interventions)
2025-09-24 20:31:16,248 - __main__ - ERROR - Error updating interventions for paper 40898048: database is locked
2025-09-24 20:31:16,248 - __main__ - INFO - Processing paper 40898308 (2 interventions)
2025-09-24 20:31:21,865 - __main__ - ERROR - Error updating interventions for paper 40898308: database is locked
2025-09-24 20:31:21,865 - __main__ - INFO - Processing paper 40901288 (2 interventions)
2025-09-24 20:31:27,534 - __main__ - ERROR - Failed to insert intervention: intermittent fasting
2025-09-24 20:31:27,534 - __main__ - INFO - Processing paper 40908534 (2 interventions)
2025-09-24 20:31:33,062 - __main__ - ERROR - Error updating interventions for paper 40908534: database is locked
2025-09-24 20:31:33,062 - __main__ - INFO - Processing paper 40909368 (2 interventions)
2025-09-24 20:31:38,582 - __main__ - ERROR - Error updating interventions for paper 40909368: database is locked
2025-09-24 20:31:38,582 - __main__ - INFO - Processing paper 40921316 (2 interventions)
2025-09-24 20:31:44,027 - __main__ - ERROR - Failed to insert intervention: vitamin D
2025-09-24 20:31:44,027 - __main__ - INFO - Processing paper 40925721 (2 interventions)
2025-09-24 20:31:49,424 - __main__ - ERROR - Error updating interventions for paper 40925721: database is locked
2025-09-24 20:31:49,424 - __main__ - INFO - Batch 10 completed: {'processed': 0, 'errors': 20, 'interventions_before': 40, 'interventions_after': 37}
2025-09-24 20:31:49,424 - __main__ - INFO - Processing batch 11/15 (20 papers)
2025-09-24 20:31:49,425 - __main__ - INFO - Processing paper 40930617 (2 interventions)
2025-09-24 20:31:55,003 - __main__ - ERROR - Error updating interventions for paper 40930617: database is locked
2025-09-24 20:31:55,003 - __main__ - INFO - Processing paper 40930915 (2 interventions)
2025-09-24 20:32:00,652 - __main__ - ERROR - Failed to insert intervention: repetitive transcranial magnetic stimulation (rTMS)
2025-09-24 20:32:00,653 - __main__ - INFO - Processing paper 40945770 (2 interventions)
2025-09-24 20:32:06,103 - __main__ - ERROR - Error updating interventions for paper 40945770: database is locked
2025-09-24 20:32:06,103 - __main__ - INFO - Processing paper 40946346 (2 interventions)
2025-09-24 20:32:11,566 - __main__ - ERROR - Error updating interventions for paper 40946346: database is locked
2025-09-24 20:32:11,566 - __main__ - INFO - Processing paper 40953879 (2 interventions)
2025-09-24 20:32:17,067 - __main__ - ERROR - Failed to insert intervention: lipid-lowering medications
2025-09-24 20:32:17,067 - __main__ - INFO - Processing paper 40958692 (2 interventions)
2025-09-24 20:32:22,679 - __main__ - ERROR - Error updating interventions for paper 40958692: database is locked
2025-09-24 20:32:22,679 - __main__ - INFO - Processing paper 40962631 (2 interventions)
2025-09-24 20:32:28,217 - __main__ - ERROR - Error updating interventions for paper 40962631: database is locked
2025-09-24 20:32:28,217 - __main__ - INFO - Processing paper 40968365 (2 interventions)
2025-09-24 20:32:33,657 - __main__ - ERROR - Failed to insert intervention: high-intensity interval training (HIIT)
2025-09-24 20:32:33,657 - __main__ - INFO - Processing paper 40976254 (2 interventions)
2025-09-24 20:32:39,174 - __main__ - ERROR - Error updating interventions for paper 40976254: database is locked
2025-09-24 20:32:39,174 - __main__ - INFO - Processing paper 40976676 (2 interventions)
2025-09-24 20:32:44,699 - __main__ - ERROR - Error updating interventions for paper 40976676: database is locked
2025-09-24 20:32:44,699 - __main__ - INFO - Processing paper 25646566 (1 interventions)
2025-09-24 20:32:50,251 - __main__ - ERROR - Failed to insert intervention: Mediterranean diet
2025-09-24 20:32:50,252 - __main__ - INFO - Processing paper 28483500 (1 interventions)
2025-09-24 20:32:55,719 - __main__ - ERROR - Error updating interventions for paper 28483500: database is locked
2025-09-24 20:32:55,719 - __main__ - INFO - Processing paper 31480656 (1 interventions)
2025-09-24 20:33:01,182 - __main__ - ERROR - Error updating interventions for paper 31480656: database is locked
2025-09-24 20:33:01,182 - __main__ - INFO - Processing paper 32277872 (1 interventions)
2025-09-24 20:33:01,184 - __main__ - ERROR - Failed to insert intervention: heat-inactivated Bifidobacterium bifidum MIMBb75 (SYN-HI-001)
2025-09-24 20:33:01,184 - __main__ - INFO - Processing paper 33545934 (1 interventions)
2025-09-24 20:33:06,631 - __main__ - ERROR - Error updating interventions for paper 33545934: database is locked
2025-09-24 20:33:06,631 - __main__ - INFO - Processing paper 33978391 (1 interventions)
2025-09-24 20:33:12,045 - __main__ - ERROR - Error updating interventions for paper 33978391: database is locked
2025-09-24 20:33:12,045 - __main__ - INFO - Processing paper 36269141 (1 interventions)
2025-09-24 20:33:17,511 - __main__ - ERROR - Failed to insert intervention: Bacillus subtilis BS50
2025-09-24 20:33:17,511 - __main__ - INFO - Processing paper 37031468 (1 interventions)
2025-09-24 20:33:20,501 - __main__ - INFO - ==================================================
2025-09-24 20:33:20,501 - __main__ - INFO - STARTING DATA MIGRATION
2025-09-24 20:33:20,501 - __main__ - INFO - ==================================================
2025-09-24 20:33:20,501 - __main__ - ERROR - Database not found: data\processed\intervention_research.db
2025-09-24 20:33:20,501 - __main__ - ERROR - Failed to create backup. Aborting migration.
2025-09-24 20:33:22,887 - __main__ - ERROR - Error updating interventions for paper 37031468: database is locked
2025-09-24 20:33:22,887 - __main__ - INFO - Processing paper 37330253 (1 interventions)
2025-09-24 20:33:28,275 - __main__ - ERROR - Error updating interventions for paper 37330253: database is locked
2025-09-24 20:33:28,275 - __main__ - INFO - Processing paper 37668173 (1 interventions)
2025-09-24 20:33:28,275 - __main__ - ERROR - Failed to insert intervention: tenapanor
2025-09-24 20:33:28,275 - __main__ - INFO - Batch 11 completed: {'processed': 0, 'errors': 20, 'interventions_before': 30, 'interventions_after': 30}
2025-09-24 20:33:28,275 - __main__ - INFO - Processing batch 12/15 (20 papers)
2025-09-24 20:33:28,275 - __main__ - INFO - Processing paper 37922308 (1 interventions)
2025-09-24 20:33:33,671 - __main__ - ERROR - Error updating interventions for paper 37922308: database is locked
2025-09-24 20:33:33,671 - __main__ - INFO - Processing paper 38172498 (1 interventions)
2025-09-24 20:33:39,120 - __main__ - ERROR - Error updating interventions for paper 38172498: database is locked
2025-09-24 20:33:39,120 - __main__ - INFO - Processing paper 38267863 (1 interventions)
2025-09-24 20:33:44,741 - __main__ - ERROR - Failed to insert intervention: acupuncture
2025-09-24 20:33:44,741 - __main__ - INFO - Processing paper 38646212 (1 interventions)
2025-09-24 20:33:50,396 - __main__ - ERROR - Error updating interventions for paper 38646212: database is locked
2025-09-24 20:33:50,396 - __main__ - INFO - Processing paper 38658619 (1 interventions)
2025-09-24 20:33:55,895 - __main__ - ERROR - Error updating interventions for paper 38658619: database is locked
2025-09-24 20:33:55,895 - __main__ - INFO - Processing paper 39084197 (1 interventions)
2025-09-24 20:34:01,573 - __main__ - ERROR - Failed to insert intervention: faecal microbiota transplantation (FMT)
2025-09-24 20:34:01,573 - __main__ - INFO - Processing paper 39143474 (1 interventions)
2025-09-24 20:34:07,261 - __main__ - ERROR - Error updating interventions for paper 39143474: database is locked
2025-09-24 20:34:07,261 - __main__ - INFO - Processing paper 39297855 (1 interventions)
2025-09-24 20:34:12,848 - __main__ - ERROR - Error updating interventions for paper 39297855: database is locked
2025-09-24 20:34:12,848 - __main__ - INFO - Processing paper 39308964 (1 interventions)
2025-09-24 20:34:18,516 - __main__ - ERROR - Failed to insert intervention: Tryptophan restriction
2025-09-24 20:34:18,516 - __main__ - INFO - Processing paper 39337063 (1 interventions)
2025-09-24 20:34:24,060 - __main__ - ERROR - Error updating interventions for paper 39337063: database is locked
2025-09-24 20:34:24,060 - __main__ - INFO - Processing paper 39365658 (1 interventions)
2025-09-24 20:34:29,678 - __main__ - ERROR - Error updating interventions for paper 39365658: database is locked
2025-09-24 20:34:29,678 - __main__ - INFO - Processing paper 39454044 (1 interventions)
2025-09-24 20:34:35,202 - __main__ - ERROR - Failed to insert intervention: physical activity (PA)
2025-09-24 20:34:35,202 - __main__ - INFO - Processing paper 39499548 (1 interventions)
2025-09-24 20:34:40,759 - __main__ - ERROR - Error updating interventions for paper 39499548: database is locked
2025-09-24 20:34:40,759 - __main__ - INFO - Processing paper 39560589 (1 interventions)
2025-09-24 20:34:46,461 - __main__ - ERROR - Error updating interventions for paper 39560589: database is locked
2025-09-24 20:34:46,461 - __main__ - INFO - Processing paper 39701047 (1 interventions)
2025-09-24 20:34:46,461 - __main__ - ERROR - Failed to insert intervention: tenapanor
2025-09-24 20:34:46,461 - __main__ - INFO - Processing paper 39830577 (1 interventions)
2025-09-24 20:34:52,062 - __main__ - ERROR - Error updating interventions for paper 39830577: database is locked
2025-09-24 20:34:52,062 - __main__ - INFO - Processing paper 39988545 (1 interventions)
2025-09-24 20:34:57,577 - __main__ - ERROR - Error updating interventions for paper 39988545: database is locked
2025-09-24 20:34:57,577 - __main__ - INFO - Processing paper 40186935 (1 interventions)
2025-09-24 20:34:57,577 - __main__ - ERROR - Failed to insert intervention: self-management training
2025-09-24 20:34:57,577 - __main__ - INFO - Processing paper 40232317 (1 interventions)
2025-09-24 20:35:03,075 - __main__ - ERROR - Error updating interventions for paper 40232317: database is locked
2025-09-24 20:35:03,075 - __main__ - INFO - Processing paper 40250139 (1 interventions)
2025-09-24 20:35:08,591 - __main__ - ERROR - Error updating interventions for paper 40250139: database is locked
2025-09-24 20:35:08,591 - __main__ - INFO - Batch 12 completed: {'processed': 0, 'errors': 20, 'interventions_before': 20, 'interventions_after': 20}
2025-09-24 20:35:08,591 - __main__ - INFO - Processing batch 13/15 (20 papers)
2025-09-24 20:35:08,591 - __main__ - INFO - Processing paper 40264639 (1 interventions)
2025-09-24 20:35:14,070 - __main__ - ERROR - Failed to insert intervention: eccentric exercise
2025-09-24 20:35:14,070 - __main__ - INFO - Processing paper 40295308 (1 interventions)
2025-09-24 20:35:19,503 - __main__ - ERROR - Error updating interventions for paper 40295308: database is locked
2025-09-24 20:35:19,503 - __main__ - INFO - Processing paper 40365365 (1 interventions)
2025-09-24 20:35:24,983 - __main__ - ERROR - Error updating interventions for paper 40365365: database is locked
2025-09-24 20:35:24,983 - __main__ - INFO - Processing paper 40368575 (1 interventions)
2025-09-24 20:35:30,446 - __main__ - ERROR - Failed to insert intervention: tirzepatide
2025-09-24 20:35:30,446 - __main__ - INFO - Processing paper 40436210 (1 interventions)
2025-09-24 20:35:35,944 - __main__ - ERROR - Error updating interventions for paper 40436210: database is locked
2025-09-24 20:35:35,944 - __main__ - INFO - Processing paper 40441496 (1 interventions)
2025-09-24 20:35:41,413 - __main__ - ERROR - Error updating interventions for paper 40441496: database is locked
2025-09-24 20:35:41,413 - __main__ - INFO - Processing paper 40493525 (1 interventions)
2025-09-24 20:35:46,961 - __main__ - ERROR - Failed to insert intervention: baricitinib
2025-09-24 20:35:46,961 - __main__ - INFO - Processing paper 40514763 (1 interventions)
2025-09-24 20:35:52,506 - __main__ - ERROR - Error updating interventions for paper 40514763: database is locked
2025-09-24 20:35:52,506 - __main__ - INFO - Processing paper 40567237 (1 interventions)
2025-09-24 20:35:58,037 - __main__ - ERROR - Error updating interventions for paper 40567237: database is locked
2025-09-24 20:35:58,037 - __main__ - INFO - Processing paper 40647239 (1 interventions)
2025-09-24 20:36:03,621 - __main__ - ERROR - Failed to insert intervention: whole blueberries
2025-09-24 20:36:03,621 - __main__ - INFO - Processing paper 40670172 (1 interventions)
2025-09-24 20:36:09,085 - __main__ - ERROR - Error updating interventions for paper 40670172: database is locked
2025-09-24 20:36:09,085 - __main__ - INFO - Processing paper 40690163 (1 interventions)
2025-09-24 20:36:14,615 - __main__ - ERROR - Error updating interventions for paper 40690163: database is locked
2025-09-24 20:36:14,615 - __main__ - INFO - Processing paper 40699284 (1 interventions)
2025-09-24 20:36:20,313 - __main__ - ERROR - Failed to insert intervention: shear wave elastography (SWE)
2025-09-24 20:36:20,313 - __main__ - INFO - Processing paper 40736085 (1 interventions)
2025-09-24 20:36:25,962 - __main__ - ERROR - Error updating interventions for paper 40736085: database is locked
2025-09-24 20:36:25,962 - __main__ - INFO - Processing paper 40756511 (1 interventions)
2025-09-24 20:36:31,538 - __main__ - ERROR - Error updating interventions for paper 40756511: database is locked
2025-09-24 20:36:31,538 - __main__ - INFO - Processing paper 40763842 (1 interventions)
2025-09-24 20:36:37,144 - __main__ - ERROR - Failed to insert intervention: testosterone therapy (TTh)
2025-09-24 20:36:37,144 - __main__ - INFO - Processing paper 40786860 (1 interventions)
2025-09-24 20:36:42,722 - __main__ - ERROR - Error updating interventions for paper 40786860: database is locked
2025-09-24 20:36:42,722 - __main__ - INFO - Processing paper 40791639 (1 interventions)
2025-09-24 20:36:48,286 - __main__ - ERROR - Error updating interventions for paper 40791639: database is locked
2025-09-24 20:36:48,286 - __main__ - INFO - Processing paper 40796840 (1 interventions)
2025-09-24 20:36:53,915 - __main__ - ERROR - Failed to insert intervention: DWP16001
2025-09-24 20:36:53,915 - __main__ - INFO - Processing paper 40806442 (1 interventions)
2025-09-24 20:36:59,437 - __main__ - ERROR - Error updating interventions for paper 40806442: database is locked
2025-09-24 20:36:59,437 - __main__ - INFO - Batch 13 completed: {'processed': 0, 'errors': 20, 'interventions_before': 20, 'interventions_after': 20}
2025-09-24 20:36:59,437 - __main__ - INFO - Processing batch 14/15 (20 papers)
2025-09-24 20:36:59,437 - __main__ - INFO - Processing paper 40812266 (1 interventions)
2025-09-24 20:37:05,067 - __main__ - ERROR - Error updating interventions for paper 40812266: database is locked
2025-09-24 20:37:05,067 - __main__ - INFO - Processing paper 40815363 (1 interventions)
2025-09-24 20:37:10,754 - __main__ - ERROR - Failed to insert intervention: probiotics
2025-09-24 20:37:10,754 - __main__ - INFO - Processing paper 40819070 (1 interventions)
2025-09-24 20:37:16,361 - __main__ - ERROR - Error updating interventions for paper 40819070: database is locked
2025-09-24 20:37:16,361 - __main__ - INFO - Processing paper 40820495 (1 interventions)
2025-09-24 20:37:21,991 - __main__ - ERROR - Error updating interventions for paper 40820495: database is locked
2025-09-24 20:37:21,991 - __main__ - INFO - Processing paper 40828321 (1 interventions)
2025-09-24 20:37:27,636 - __main__ - ERROR - Failed to insert intervention: Partial substitution of red and processed meat with non-soy legumes
2025-09-24 20:37:27,636 - __main__ - INFO - Processing paper 40862111 (1 interventions)
2025-09-24 20:37:33,292 - __main__ - ERROR - Error updating interventions for paper 40862111: database is locked
2025-09-24 20:37:33,292 - __main__ - INFO - Processing paper 40866835 (1 interventions)
2025-09-24 20:37:38,888 - __main__ - ERROR - Error updating interventions for paper 40866835: database is locked
2025-09-24 20:37:38,888 - __main__ - INFO - Processing paper 40875502 (1 interventions)
2025-09-24 20:37:44,399 - __main__ - ERROR - Failed to insert intervention: lumateperone 42 mg
2025-09-24 20:37:44,399 - __main__ - INFO - Processing paper 40884738 (1 interventions)
2025-09-24 20:37:49,928 - __main__ - ERROR - Error updating interventions for paper 40884738: database is locked
2025-09-24 20:37:49,928 - __main__ - INFO - Processing paper 40887510 (1 interventions)
2025-09-24 20:37:55,441 - __main__ - ERROR - Error updating interventions for paper 40887510: database is locked
2025-09-24 20:37:55,441 - __main__ - INFO - Processing paper 40888584 (1 interventions)
2025-09-24 20:38:00,932 - __main__ - ERROR - Failed to insert intervention: surgical left atrial appendage occlusion (SLAAO)
2025-09-24 20:38:00,932 - __main__ - INFO - Processing paper 40900112 (1 interventions)
2025-09-24 20:38:06,437 - __main__ - ERROR - Error updating interventions for paper 40900112: database is locked
2025-09-24 20:38:06,437 - __main__ - INFO - Processing paper 40907712 (1 interventions)
2025-09-24 20:38:11,973 - __main__ - ERROR - Error updating interventions for paper 40907712: database is locked
2025-09-24 20:38:11,973 - __main__ - INFO - Processing paper 40916045 (1 interventions)
2025-09-24 20:38:17,543 - __main__ - ERROR - Failed to insert intervention: tirzepatide
2025-09-24 20:38:17,543 - __main__ - INFO - Processing paper 40922285 (1 interventions)
2025-09-24 20:38:23,072 - __main__ - ERROR - Error updating interventions for paper 40922285: database is locked
2025-09-24 20:38:23,072 - __main__ - INFO - Processing paper 40926883 (1 interventions)
2025-09-24 20:38:28,638 - __main__ - ERROR - Error updating interventions for paper 40926883: database is locked
2025-09-24 20:38:28,639 - __main__ - INFO - Processing paper 40935153 (1 interventions)
2025-09-24 20:38:34,284 - __main__ - ERROR - Failed to insert intervention: carbohydrate-restricted diets (CRDs)
2025-09-24 20:38:34,284 - __main__ - INFO - Processing paper 40935632 (1 interventions)
2025-09-24 20:38:40,002 - __main__ - ERROR - Error updating interventions for paper 40935632: database is locked
2025-09-24 20:38:40,002 - __main__ - INFO - Processing paper 40939031 (1 interventions)
2025-09-24 20:38:45,649 - __main__ - ERROR - Error updating interventions for paper 40939031: database is locked
2025-09-24 20:38:45,649 - __main__ - INFO - Processing paper 40953957 (1 interventions)
2025-09-24 20:38:51,216 - __main__ - ERROR - Failed to insert intervention: secukinumab
2025-09-24 20:38:51,216 - __main__ - INFO - Batch 14 completed: {'processed': 0, 'errors': 20, 'interventions_before': 20, 'interventions_after': 20}
2025-09-24 20:38:51,216 - __main__ - INFO - Processing batch 15/15 (3 papers)
2025-09-24 20:38:51,216 - __main__ - INFO - Processing paper 40956259 (1 interventions)
2025-09-24 20:38:56,742 - __main__ - ERROR - Error updating interventions for paper 40956259: database is locked
2025-09-24 20:38:56,742 - __main__ - INFO - Processing paper 40965701 (1 interventions)
2025-09-24 20:39:02,113 - __main__ - ERROR - Error updating interventions for paper 40965701: database is locked
2025-09-24 20:39:02,113 - __main__ - INFO - Processing paper 40969554 (1 interventions)
2025-09-24 20:39:07,708 - __main__ - ERROR - Failed to insert intervention: thymosin 1 (T1)
2025-09-24 20:39:07,708 - __main__ - INFO - Batch 15 completed: {'processed': 0, 'errors': 3, 'interventions_before': 3, 'interventions_after': 3}
2025-09-24 20:39:07,708 - __main__ - INFO - ==================================================
2025-09-24 20:39:07,708 - __main__ - INFO - MIGRATION COMPLETED
2025-09-24 20:39:07,708 - __main__ - INFO - ==================================================
2025-09-24 20:39:07,709 - __main__ - INFO - Duration: 1528.86 seconds
2025-09-24 20:39:07,709 - __main__ - INFO - Papers processed: 0
2025-09-24 20:39:07,709 - __main__ - INFO - Interventions before: 881
2025-09-24 20:39:07,709 - __main__ - INFO - Interventions after: 806
2025-09-24 20:39:07,709 - __main__ - INFO - Duplicates merged: 75
2025-09-24 20:39:07,709 - __main__ - INFO - Semantic groups created: 806
2025-09-24 20:39:07,709 - __main__ - INFO - Errors: 283
2025-09-24 20:39:07,709 - __main__ - INFO - Data reduction: 8.5%
