2025-09-21 20:21:16,797 - __main__ - ERROR - Failed to get condition stats for irritable bowel syndrome: no such column: p.id
2025-09-21 20:21:16,797 - __main__ - ERROR - Failed to get condition stats for heart disease: no such column: p.id
2025-09-21 20:21:16,806 - __main__ - ERROR - Failed to get condition stats for arthritis: no such column: p.id
2025-09-21 20:21:16,809 - __main__ - ERROR - Failed to get condition stats for diabetes: no such column: p.id
2025-09-21 20:21:16,817 - __main__ - ERROR - Failed to get condition stats for depression: no such column: p.id
2025-09-21 20:21:21,825 - __main__ - ERROR - Failed to get condition stats for irritable bowel syndrome: no such column: p.id
2025-09-21 20:21:21,829 - __main__ - ERROR - Failed to get condition stats for heart disease: no such column: p.id
2025-09-21 20:21:21,832 - __main__ - ERROR - Failed to get condition stats for arthritis: no such column: p.id
2025-09-21 20:21:21,836 - __main__ - ERROR - Failed to get condition stats for diabetes: no such column: p.id
2025-09-21 20:21:21,840 - __main__ - ERROR - Failed to get condition stats for depression: no such column: p.id
2025-09-21 20:21:26,855 - __main__ - ERROR - Failed to get condition stats for irritable bowel syndrome: no such column: p.id
2025-09-21 20:21:26,858 - __main__ - ERROR - Failed to get condition stats for heart disease: no such column: p.id
2025-09-21 20:21:26,862 - __main__ - ERROR - Failed to get condition stats for arthritis: no such column: p.id
2025-09-21 20:21:26,865 - __main__ - ERROR - Failed to get condition stats for diabetes: no such column: p.id
2025-09-21 20:21:26,869 - __main__ - ERROR - Failed to get condition stats for depression: no such column: p.id
2025-09-21 20:21:31,888 - __main__ - ERROR - Failed to get condition stats for irritable bowel syndrome: no such column: p.id
2025-09-21 20:21:31,891 - __main__ - ERROR - Failed to get condition stats for heart disease: no such column: p.id
2025-09-21 20:21:31,895 - __main__ - ERROR - Failed to get condition stats for arthritis: no such column: p.id
2025-09-21 20:21:31,898 - __main__ - ERROR - Failed to get condition stats for diabetes: no such column: p.id
2025-09-21 20:21:31,902 - __main__ - ERROR - Failed to get condition stats for depression: no such column: p.id
2025-09-21 20:21:36,919 - __main__ - ERROR - Failed to get condition stats for irritable bowel syndrome: no such column: p.id
2025-09-21 20:21:36,921 - __main__ - ERROR - Failed to get condition stats for heart disease: no such column: p.id
2025-09-21 20:21:36,921 - __main__ - ERROR - Failed to get condition stats for arthritis: no such column: p.id
2025-09-21 20:21:36,921 - __main__ - ERROR - Failed to get condition stats for diabetes: no such column: p.id
2025-09-21 20:21:36,933 - __main__ - ERROR - Failed to get condition stats for depression: no such column: p.id
2025-09-21 20:21:41,948 - __main__ - ERROR - Failed to get condition stats for irritable bowel syndrome: no such column: p.id
2025-09-21 20:21:41,948 - __main__ - ERROR - Failed to get condition stats for heart disease: no such column: p.id
2025-09-21 20:21:41,948 - __main__ - ERROR - Failed to get condition stats for arthritis: no such column: p.id
2025-09-21 20:21:41,948 - __main__ - ERROR - Failed to get condition stats for diabetes: no such column: p.id
2025-09-21 20:21:41,965 - __main__ - ERROR - Failed to get condition stats for depression: no such column: p.id
2025-09-21 20:21:46,983 - __main__ - ERROR - Failed to get condition stats for irritable bowel syndrome: no such column: p.id
2025-09-21 20:21:46,985 - __main__ - ERROR - Failed to get condition stats for heart disease: no such column: p.id
2025-09-21 20:21:46,985 - __main__ - ERROR - Failed to get condition stats for arthritis: no such column: p.id
2025-09-21 20:21:46,985 - __main__ - ERROR - Failed to get condition stats for diabetes: no such column: p.id
2025-09-21 20:21:46,996 - __main__ - ERROR - Failed to get condition stats for depression: no such column: p.id
2025-09-21 20:21:52,015 - __main__ - ERROR - Failed to get condition stats for irritable bowel syndrome: no such column: p.id
2025-09-21 20:21:52,018 - __main__ - ERROR - Failed to get condition stats for heart disease: no such column: p.id
2025-09-21 20:21:52,018 - __main__ - ERROR - Failed to get condition stats for arthritis: no such column: p.id
2025-09-21 20:21:52,018 - __main__ - ERROR - Failed to get condition stats for diabetes: no such column: p.id
2025-09-21 20:21:52,028 - __main__ - ERROR - Failed to get condition stats for depression: no such column: p.id
2025-09-21 20:21:57,045 - __main__ - ERROR - Failed to get condition stats for irritable bowel syndrome: no such column: p.id
2025-09-21 20:21:57,049 - __main__ - ERROR - Failed to get condition stats for heart disease: no such column: p.id
2025-09-21 20:21:57,054 - __main__ - ERROR - Failed to get condition stats for arthritis: no such column: p.id
2025-09-21 20:21:57,059 - __main__ - ERROR - Failed to get condition stats for diabetes: no such column: p.id
2025-09-21 20:21:57,065 - __main__ - ERROR - Failed to get condition stats for depression: no such column: p.id
2025-09-21 20:22:02,076 - __main__ - ERROR - Failed to get condition stats for irritable bowel syndrome: no such column: p.id
2025-09-21 20:22:02,079 - __main__ - ERROR - Failed to get condition stats for heart disease: no such column: p.id
2025-09-21 20:22:02,079 - __main__ - ERROR - Failed to get condition stats for arthritis: no such column: p.id
2025-09-21 20:22:02,079 - __main__ - ERROR - Failed to get condition stats for diabetes: no such column: p.id
2025-09-21 20:22:02,091 - __main__ - ERROR - Failed to get condition stats for depression: no such column: p.id
2025-09-21 20:22:07,105 - __main__ - ERROR - Failed to get condition stats for irritable bowel syndrome: no such column: p.id
2025-09-21 20:22:07,106 - __main__ - ERROR - Failed to get condition stats for heart disease: no such column: p.id
2025-09-21 20:22:07,106 - __main__ - ERROR - Failed to get condition stats for arthritis: no such column: p.id
2025-09-21 20:22:07,106 - __main__ - ERROR - Failed to get condition stats for diabetes: no such column: p.id
2025-09-21 20:22:07,106 - __main__ - ERROR - Failed to get condition stats for depression: no such column: p.id
2025-09-21 20:22:12,123 - __main__ - ERROR - Failed to get condition stats for irritable bowel syndrome: no such column: p.id
2025-09-21 20:22:12,127 - __main__ - ERROR - Failed to get condition stats for heart disease: no such column: p.id
2025-09-21 20:22:12,127 - __main__ - ERROR - Failed to get condition stats for arthritis: no such column: p.id
2025-09-21 20:22:12,134 - __main__ - ERROR - Failed to get condition stats for diabetes: no such column: p.id
2025-09-21 20:22:12,139 - __main__ - ERROR - Failed to get condition stats for depression: no such column: p.id
2025-09-21 20:22:17,153 - __main__ - ERROR - Failed to get condition stats for irritable bowel syndrome: no such column: p.id
2025-09-21 20:22:17,153 - __main__ - ERROR - Failed to get condition stats for heart disease: no such column: p.id
2025-09-21 20:22:17,153 - __main__ - ERROR - Failed to get condition stats for arthritis: no such column: p.id
2025-09-21 20:22:17,153 - __main__ - ERROR - Failed to get condition stats for diabetes: no such column: p.id
2025-09-21 20:22:17,168 - __main__ - ERROR - Failed to get condition stats for depression: no such column: p.id
2025-09-21 20:22:22,184 - __main__ - ERROR - Failed to get condition stats for irritable bowel syndrome: no such column: p.id
2025-09-21 20:22:22,184 - __main__ - ERROR - Failed to get condition stats for heart disease: no such column: p.id
2025-09-21 20:22:22,184 - __main__ - ERROR - Failed to get condition stats for arthritis: no such column: p.id
2025-09-21 20:22:22,184 - __main__ - ERROR - Failed to get condition stats for diabetes: no such column: p.id
2025-09-21 20:22:22,201 - __main__ - ERROR - Failed to get condition stats for depression: no such column: p.id
2025-09-21 20:22:27,214 - __main__ - ERROR - Failed to get condition stats for irritable bowel syndrome: no such column: p.id
2025-09-21 20:22:27,217 - __main__ - ERROR - Failed to get condition stats for heart disease: no such column: p.id
2025-09-21 20:22:27,217 - __main__ - ERROR - Failed to get condition stats for arthritis: no such column: p.id
2025-09-21 20:22:27,217 - __main__ - ERROR - Failed to get condition stats for diabetes: no such column: p.id
2025-09-21 20:22:27,217 - __main__ - ERROR - Failed to get condition stats for depression: no such column: p.id
2025-09-21 20:22:32,233 - __main__ - ERROR - Failed to get condition stats for irritable bowel syndrome: no such column: p.id
2025-09-21 20:22:32,237 - __main__ - ERROR - Failed to get condition stats for heart disease: no such column: p.id
2025-09-21 20:22:32,237 - __main__ - ERROR - Failed to get condition stats for arthritis: no such column: p.id
2025-09-21 20:22:32,237 - __main__ - ERROR - Failed to get condition stats for diabetes: no such column: p.id
2025-09-21 20:22:32,247 - __main__ - ERROR - Failed to get condition stats for depression: no such column: p.id
2025-09-21 20:22:37,262 - __main__ - ERROR - Failed to get condition stats for irritable bowel syndrome: no such column: p.id
2025-09-21 20:22:37,262 - __main__ - ERROR - Failed to get condition stats for heart disease: no such column: p.id
2025-09-21 20:22:37,262 - __main__ - ERROR - Failed to get condition stats for arthritis: no such column: p.id
2025-09-21 20:22:37,262 - __main__ - ERROR - Failed to get condition stats for diabetes: no such column: p.id
2025-09-21 20:22:37,278 - __main__ - ERROR - Failed to get condition stats for depression: no such column: p.id
2025-09-21 20:22:42,296 - __main__ - ERROR - Failed to get condition stats for irritable bowel syndrome: no such column: p.id
2025-09-21 20:22:42,299 - __main__ - ERROR - Failed to get condition stats for heart disease: no such column: p.id
2025-09-21 20:22:42,299 - __main__ - ERROR - Failed to get condition stats for arthritis: no such column: p.id
2025-09-21 20:22:42,299 - __main__ - ERROR - Failed to get condition stats for diabetes: no such column: p.id
2025-09-21 20:22:42,299 - __main__ - ERROR - Failed to get condition stats for depression: no such column: p.id
2025-09-21 20:22:47,326 - __main__ - ERROR - Failed to get condition stats for irritable bowel syndrome: no such column: p.id
2025-09-21 20:22:47,330 - __main__ - ERROR - Failed to get condition stats for heart disease: no such column: p.id
2025-09-21 20:22:47,332 - __main__ - ERROR - Failed to get condition stats for arthritis: no such column: p.id
2025-09-21 20:22:47,332 - __main__ - ERROR - Failed to get condition stats for diabetes: no such column: p.id
2025-09-21 20:22:47,341 - __main__ - ERROR - Failed to get condition stats for depression: no such column: p.id
2025-09-21 20:22:52,360 - __main__ - ERROR - Failed to get condition stats for irritable bowel syndrome: no such column: p.id
2025-09-21 20:22:52,361 - __main__ - ERROR - Failed to get condition stats for heart disease: no such column: p.id
2025-09-21 20:22:52,361 - __main__ - ERROR - Failed to get condition stats for arthritis: no such column: p.id
2025-09-21 20:22:52,361 - __main__ - ERROR - Failed to get condition stats for diabetes: no such column: p.id
2025-09-21 20:22:52,374 - __main__ - ERROR - Failed to get condition stats for depression: no such column: p.id
2025-09-21 20:22:57,390 - __main__ - ERROR - Failed to get condition stats for irritable bowel syndrome: no such column: p.id
2025-09-21 20:22:57,390 - __main__ - ERROR - Failed to get condition stats for heart disease: no such column: p.id
2025-09-21 20:22:57,390 - __main__ - ERROR - Failed to get condition stats for arthritis: no such column: p.id
2025-09-21 20:22:57,390 - __main__ - ERROR - Failed to get condition stats for diabetes: no such column: p.id
2025-09-21 20:22:57,409 - __main__ - ERROR - Failed to get condition stats for depression: no such column: p.id
2025-09-21 20:23:02,424 - __main__ - ERROR - Failed to get condition stats for irritable bowel syndrome: no such column: p.id
2025-09-21 20:23:02,428 - __main__ - ERROR - Failed to get condition stats for heart disease: no such column: p.id
2025-09-21 20:23:02,431 - __main__ - ERROR - Failed to get condition stats for arthritis: no such column: p.id
2025-09-21 20:23:02,435 - __main__ - ERROR - Failed to get condition stats for diabetes: no such column: p.id
2025-09-21 20:23:02,439 - __main__ - ERROR - Failed to get condition stats for depression: no such column: p.id
2025-09-21 20:23:07,452 - __main__ - ERROR - Failed to get condition stats for irritable bowel syndrome: no such column: p.id
2025-09-21 20:23:07,452 - __main__ - ERROR - Failed to get condition stats for heart disease: no such column: p.id
2025-09-21 20:23:07,452 - __main__ - ERROR - Failed to get condition stats for arthritis: no such column: p.id
2025-09-21 20:23:07,452 - __main__ - ERROR - Failed to get condition stats for diabetes: no such column: p.id
2025-09-21 20:23:07,468 - __main__ - ERROR - Failed to get condition stats for depression: no such column: p.id
2025-09-21 20:23:12,485 - __main__ - ERROR - Failed to get condition stats for irritable bowel syndrome: no such column: p.id
2025-09-21 20:23:12,488 - __main__ - ERROR - Failed to get condition stats for heart disease: no such column: p.id
2025-09-21 20:23:12,488 - __main__ - ERROR - Failed to get condition stats for arthritis: no such column: p.id
2025-09-21 20:23:12,488 - __main__ - ERROR - Failed to get condition stats for diabetes: no such column: p.id
2025-09-21 20:23:12,500 - __main__ - ERROR - Failed to get condition stats for depression: no such column: p.id
2025-09-21 20:35:26,417 - __main__ - INFO - Starting unified paper collection
2025-09-21 20:35:26,418 - __main__ - INFO - Created new collection session: 20250921_203526
2025-09-21 20:35:26,418 - __main__ - INFO - Target: 1 conditions, 2 papers each
2025-09-21 20:35:26,419 - __main__ - INFO - Starting paper collection campaign
2025-09-21 20:35:26,420 - __main__ - INFO - Conditions: ['heart disease']
2025-09-21 20:35:26,421 - __main__ - INFO - Progress: 0/2 (0.0%)
2025-09-21 20:35:26,421 - __main__ - INFO - Collecting 2 papers for 'heart disease'...
2025-09-21 20:35:26,422 - __main__ - INFO - Collected 0 papers for 'heart disease' (0/2)
2025-09-21 20:35:26,423 - __main__ - ERROR - Failed to get condition stats for heart disease: no such column: p.id
2025-09-21 20:35:31,434 - __main__ - INFO - Progress: 0/2 (0.0%)
2025-09-21 20:35:31,434 - __main__ - INFO - Collecting 2 papers for 'heart disease'...
2025-09-21 20:35:31,435 - __main__ - INFO - Collected 0 papers for 'heart disease' (0/2)
2025-09-21 20:35:31,436 - __main__ - ERROR - Failed to get condition stats for heart disease: no such column: p.id
2025-09-21 20:35:36,449 - __main__ - INFO - Progress: 0/2 (0.0%)
2025-09-21 20:35:36,449 - __main__ - INFO - Collecting 2 papers for 'heart disease'...
2025-09-21 20:35:36,449 - __main__ - INFO - Collected 0 papers for 'heart disease' (0/2)
2025-09-21 20:35:36,449 - __main__ - ERROR - Failed to get condition stats for heart disease: no such column: p.id
2025-09-21 20:35:41,464 - __main__ - INFO - Progress: 0/2 (0.0%)
2025-09-21 20:35:41,465 - __main__ - INFO - Collecting 2 papers for 'heart disease'...
2025-09-21 20:35:41,465 - __main__ - INFO - Collected 0 papers for 'heart disease' (0/2)
2025-09-21 20:35:41,466 - __main__ - ERROR - Failed to get condition stats for heart disease: no such column: p.id
2025-09-21 20:35:46,479 - __main__ - INFO - Progress: 0/2 (0.0%)
2025-09-21 20:35:46,479 - __main__ - INFO - Collecting 2 papers for 'heart disease'...
2025-09-21 20:35:46,479 - __main__ - INFO - Collected 0 papers for 'heart disease' (0/2)
2025-09-21 20:35:46,479 - __main__ - ERROR - Failed to get condition stats for heart disease: no such column: p.id
2025-09-21 20:35:51,491 - __main__ - INFO - Progress: 0/2 (0.0%)
2025-09-21 20:35:51,491 - __main__ - INFO - Collecting 2 papers for 'heart disease'...
2025-09-21 20:35:51,492 - __main__ - INFO - Collected 0 papers for 'heart disease' (0/2)
2025-09-21 20:35:51,494 - __main__ - ERROR - Failed to get condition stats for heart disease: no such column: p.id
2025-09-21 20:35:56,506 - __main__ - INFO - Progress: 0/2 (0.0%)
2025-09-21 20:35:56,506 - __main__ - INFO - Collecting 2 papers for 'heart disease'...
2025-09-21 20:35:56,507 - __main__ - INFO - Collected 0 papers for 'heart disease' (0/2)
2025-09-21 20:35:56,509 - __main__ - ERROR - Failed to get condition stats for heart disease: no such column: p.id
2025-09-21 20:36:01,524 - __main__ - INFO - Progress: 0/2 (0.0%)
2025-09-21 20:36:01,524 - __main__ - INFO - Collecting 2 papers for 'heart disease'...
2025-09-21 20:36:01,525 - __main__ - INFO - Collected 0 papers for 'heart disease' (0/2)
2025-09-21 20:36:01,525 - __main__ - ERROR - Failed to get condition stats for heart disease: no such column: p.id
2025-09-21 20:36:06,536 - __main__ - INFO - Progress: 0/2 (0.0%)
2025-09-21 20:36:06,536 - __main__ - INFO - Collecting 2 papers for 'heart disease'...
2025-09-21 20:36:06,537 - __main__ - INFO - Collected 0 papers for 'heart disease' (0/2)
2025-09-21 20:36:06,539 - __main__ - ERROR - Failed to get condition stats for heart disease: no such column: p.id
2025-09-21 20:36:11,551 - __main__ - INFO - Progress: 0/2 (0.0%)
2025-09-21 20:36:11,551 - __main__ - INFO - Collecting 2 papers for 'heart disease'...
2025-09-21 20:36:11,552 - __main__ - INFO - Collected 0 papers for 'heart disease' (0/2)
2025-09-21 20:36:11,553 - __main__ - ERROR - Failed to get condition stats for heart disease: no such column: p.id
2025-09-21 20:36:16,568 - __main__ - INFO - Progress: 0/2 (0.0%)
2025-09-21 20:36:16,568 - __main__ - INFO - Collecting 2 papers for 'heart disease'...
2025-09-21 20:36:16,568 - __main__ - INFO - Collected 0 papers for 'heart disease' (0/2)
2025-09-21 20:36:16,570 - __main__ - ERROR - Failed to get condition stats for heart disease: no such column: p.id
2025-09-21 20:36:21,582 - __main__ - INFO - Progress: 0/2 (0.0%)
2025-09-21 20:36:21,582 - __main__ - INFO - Collecting 2 papers for 'heart disease'...
2025-09-21 20:36:21,583 - __main__ - INFO - Collected 0 papers for 'heart disease' (0/2)
2025-09-21 20:36:21,584 - __main__ - ERROR - Failed to get condition stats for heart disease: no such column: p.id
2025-09-21 20:36:26,597 - __main__ - INFO - Progress: 0/2 (0.0%)
2025-09-21 20:36:26,597 - __main__ - INFO - Collecting 2 papers for 'heart disease'...
2025-09-21 20:36:26,597 - __main__ - INFO - Collected 0 papers for 'heart disease' (0/2)
2025-09-21 20:36:26,597 - __main__ - ERROR - Failed to get condition stats for heart disease: no such column: p.id
2025-09-21 20:36:31,614 - __main__ - INFO - Progress: 0/2 (0.0%)
2025-09-21 20:36:31,614 - __main__ - INFO - Collecting 2 papers for 'heart disease'...
2025-09-21 20:36:31,617 - __main__ - INFO - Collected 0 papers for 'heart disease' (0/2)
2025-09-21 20:36:31,619 - __main__ - ERROR - Failed to get condition stats for heart disease: no such column: p.id
2025-09-21 20:36:36,627 - __main__ - INFO - Progress: 0/2 (0.0%)
2025-09-21 20:36:36,627 - __main__ - INFO - Collecting 2 papers for 'heart disease'...
2025-09-21 20:36:36,627 - __main__ - INFO - Collected 0 papers for 'heart disease' (0/2)
2025-09-21 20:36:36,627 - __main__ - ERROR - Failed to get condition stats for heart disease: no such column: p.id
2025-09-21 20:36:41,642 - __main__ - INFO - Progress: 0/2 (0.0%)
2025-09-21 20:36:41,643 - __main__ - INFO - Collecting 2 papers for 'heart disease'...
2025-09-21 20:36:41,643 - __main__ - INFO - Collected 0 papers for 'heart disease' (0/2)
2025-09-21 20:36:41,645 - __main__ - ERROR - Failed to get condition stats for heart disease: no such column: p.id
2025-09-21 20:36:46,658 - __main__ - INFO - Progress: 0/2 (0.0%)
2025-09-21 20:36:46,658 - __main__ - INFO - Collecting 2 papers for 'heart disease'...
2025-09-21 20:36:46,658 - __main__ - INFO - Collected 0 papers for 'heart disease' (0/2)
2025-09-21 20:36:46,660 - __main__ - ERROR - Failed to get condition stats for heart disease: no such column: p.id
2025-09-21 20:36:51,673 - __main__ - INFO - Progress: 0/2 (0.0%)
2025-09-21 20:36:51,673 - __main__ - INFO - Collecting 2 papers for 'heart disease'...
2025-09-21 20:36:51,674 - __main__ - INFO - Collected 0 papers for 'heart disease' (0/2)
2025-09-21 20:36:51,676 - __main__ - ERROR - Failed to get condition stats for heart disease: no such column: p.id
2025-09-21 20:37:52,703 - __main__ - INFO - Starting unified paper collection
2025-09-21 20:37:52,703 - __main__ - INFO - Created new collection session: 20250921_203752
2025-09-21 20:37:52,703 - __main__ - INFO - Target: 1 conditions, 2 papers each
2025-09-21 20:37:52,703 - __main__ - INFO - Starting paper collection campaign
2025-09-21 20:37:52,703 - __main__ - INFO - Conditions: ['heart disease']
2025-09-21 20:37:52,703 - __main__ - INFO - Processing condition: heart disease
2025-09-21 20:37:52,703 - __main__ - INFO - Progress: 0/2 (0.0%)
2025-09-21 20:37:52,703 - __main__ - INFO - Collecting 2 papers for 'heart disease'...
2025-09-21 20:37:59,549 - __main__ - INFO - Collected 2 papers for 'heart disease' (2/2)
2025-09-21 20:38:04,562 - __main__ - INFO - Condition 'heart disease' completed successfully!
2025-09-21 20:38:04,563 - __main__ - INFO - Collection campaign completed successfully!
2025-09-21 20:38:04,565 - __main__ - INFO - Generating final collection report...
2025-09-21 20:38:04,566 - __main__ - INFO - Final report saved to collection_results\collection_report_20250921_203752.json
2025-09-21 20:38:04,566 - __main__ - INFO - Campaign completed: 1/1 conditions successful
2025-09-21 20:38:04,566 - __main__ - INFO - Total papers collected: 2
2025-09-21 20:38:04,566 - __main__ - INFO - Total duration: 0:00:11.861967
