2025-09-08 17:27:35,176 - src.data.paper_parser_enhanced - INFO - Enhanced PubMed parser initialized
2025-09-08 17:28:17,321 - src.data.paper_parser_enhanced - INFO - Enhanced PubMed parser initialized
2025-09-08 17:28:26,882 - src.data.paper_parser_enhanced - INFO - Starting to parse: C:\Users\samis\Desktop\MyBiome\back_end\data\raw\metadata\pubmed_batch_1757348906.xml
2025-09-08 17:28:26,895 - src.data.paper_parser_enhanced - INFO - Found 5 articles in XML
2025-09-08 17:28:26,895 - src.data.paper_parser_enhanced - INFO - Processing batch 1/1 (5 articles)
2025-09-08 17:28:26,900 - src.data.paper_parser_enhanced - INFO - Parsing completed: 5 papers parsed
2025-09-08 17:28:26,900 - src.data.paper_parser_enhanced - INFO - Database operations: 0 new, 5 existing
2025-09-08 17:28:26,900 - src.data.paper_parser_enhanced - INFO - parse_metadata_file completed in 0.02s
2025-09-08 17:36:39,900 - src.data.paper_parser_enhanced - INFO - Enhanced PubMed parser initialized
2025-09-08 17:36:49,243 - src.data.paper_parser_enhanced - INFO - Starting to parse: C:\Users\samis\Desktop\MyBiome\back_end\data\raw\metadata\pubmed_batch_1757349409.xml
2025-09-08 17:36:49,257 - src.data.paper_parser_enhanced - INFO - Found 5 articles in XML
2025-09-08 17:36:49,257 - src.data.paper_parser_enhanced - INFO - Processing batch 1/1 (5 articles)
2025-09-08 17:36:49,258 - src.data.paper_parser_enhanced - INFO - Parsing completed: 5 papers parsed
2025-09-08 17:36:49,258 - src.data.paper_parser_enhanced - INFO - Database operations: 0 new, 5 existing
2025-09-08 17:36:49,259 - src.data.paper_parser_enhanced - INFO - parse_metadata_file completed in 0.02s
2025-09-08 17:38:50,604 - src.data.paper_parser_enhanced - INFO - Enhanced PubMed parser initialized
2025-09-08 17:39:00,251 - src.data.paper_parser_enhanced - INFO - Starting to parse: C:\Users\samis\Desktop\MyBiome\back_end\data\raw\metadata\pubmed_batch_1757349540.xml
2025-09-08 17:39:00,268 - src.data.paper_parser_enhanced - INFO - Found 5 articles in XML
2025-09-08 17:39:00,268 - src.data.paper_parser_enhanced - INFO - Processing batch 1/1 (5 articles)
2025-09-08 17:39:00,268 - src.data.paper_parser_enhanced - INFO - Parsing completed: 5 papers parsed
2025-09-08 17:39:00,268 - src.data.paper_parser_enhanced - INFO - Database operations: 0 new, 5 existing
2025-09-08 17:39:00,268 - src.data.paper_parser_enhanced - INFO - parse_metadata_file completed in 0.02s
2025-09-08 17:42:33,179 - src.data.paper_parser_enhanced - INFO - Enhanced PubMed parser initialized
2025-09-08 17:42:42,449 - src.data.paper_parser_enhanced - INFO - Starting to parse: C:\Users\samis\Desktop\MyBiome\back_end\data\raw\metadata\pubmed_batch_1757349762.xml
2025-09-08 17:42:42,464 - src.data.paper_parser_enhanced - INFO - Found 5 articles in XML
2025-09-08 17:42:42,464 - src.data.paper_parser_enhanced - INFO - Processing batch 1/1 (5 articles)
2025-09-08 17:42:42,464 - src.data.paper_parser_enhanced - INFO - Parsing completed: 5 papers parsed
2025-09-08 17:42:42,464 - src.data.paper_parser_enhanced - INFO - Database operations: 0 new, 5 existing
2025-09-08 17:42:42,464 - src.data.paper_parser_enhanced - INFO - parse_metadata_file completed in 0.02s
2025-09-08 17:43:58,885 - src.data.paper_parser_enhanced - INFO - Enhanced PubMed parser initialized
2025-09-08 17:44:08,341 - src.data.paper_parser_enhanced - INFO - Starting to parse: C:\Users\samis\Desktop\MyBiome\back_end\data\raw\metadata\pubmed_batch_1757349848.xml
2025-09-08 17:44:08,357 - src.data.paper_parser_enhanced - INFO - Found 5 articles in XML
2025-09-08 17:44:08,357 - src.data.paper_parser_enhanced - INFO - Processing batch 1/1 (5 articles)
2025-09-08 17:44:08,358 - src.data.paper_parser_enhanced - INFO - Parsing completed: 5 papers parsed
2025-09-08 17:44:08,358 - src.data.paper_parser_enhanced - INFO - Database operations: 0 new, 5 existing
2025-09-08 17:44:08,358 - src.data.paper_parser_enhanced - INFO - parse_metadata_file completed in 0.02s
2025-09-08 17:54:34,539 - src.data.paper_parser_enhanced - INFO - Enhanced PubMed parser initialized
2025-09-08 17:54:43,964 - src.data.paper_parser_enhanced - INFO - Starting to parse: C:\Users\samis\Desktop\MyBiome\back_end\data\raw\metadata\pubmed_batch_1757350483.xml
2025-09-08 17:54:43,981 - src.data.paper_parser_enhanced - INFO - Found 5 articles in XML
2025-09-08 17:54:43,981 - src.data.paper_parser_enhanced - INFO - Processing batch 1/1 (5 articles)
2025-09-08 17:54:43,981 - src.data.paper_parser_enhanced - INFO - Parsing completed: 5 papers parsed
2025-09-08 17:54:43,981 - src.data.paper_parser_enhanced - INFO - Database operations: 0 new, 5 existing
2025-09-08 17:54:43,981 - src.data.paper_parser_enhanced - INFO - parse_metadata_file completed in 0.02s
2025-09-08 18:15:10,768 - src.data.paper_parser_enhanced - INFO - Enhanced PubMed parser initialized
2025-09-08 18:15:36,786 - src.data.paper_parser_enhanced - INFO - Enhanced PubMed parser initialized
2025-09-08 18:15:42,739 - src.data.paper_parser_enhanced - INFO - Starting to parse: C:\Users\samis\Desktop\MyBiome\back_end\data\raw\metadata\pubmed_batch_1757351742.xml
2025-09-08 18:15:42,758 - src.data.paper_parser_enhanced - INFO - Found 10 articles in XML
2025-09-08 18:15:42,758 - src.data.paper_parser_enhanced - INFO - Processing batch 1/1 (10 articles)
2025-09-08 18:15:42,766 - src.data.paper_parser_enhanced - INFO - Parsing completed: 10 papers parsed
2025-09-08 18:15:42,766 - src.data.paper_parser_enhanced - INFO - Database operations: 4 new, 6 existing
2025-09-08 18:15:42,768 - src.data.paper_parser_enhanced - INFO - parse_metadata_file completed in 0.03s
