2025-09-08 17:27:35,176 - src.data.pubmed_collector_enhanced - INFO - Enhanced PubMed collector initialized
2025-09-08 17:28:17,322 - src.data.pubmed_collector_enhanced - INFO - Enhanced PubMed collector initialized
2025-09-08 17:28:25,489 - src.data.pubmed_collector_enhanced - INFO - Starting collection for condition: IBS
2025-09-08 17:28:25,497 - src.data.pubmed_collector_enhanced - INFO - Using query: ("IBS"[Title/Abstract] OR "IBS"[MeSH Terms]) AND (probiotic*[Title/Abstract] OR "Probiotics"[MeSH Terms] OR lactobacillus[Title/Abstract] OR bifidobacterium[Title/Abstract] OR "lactic acid bacteria"[Title/Abstract] OR saccharomyces[Title/Abstract] OR synbiotic*[Title/Abstract] OR "Bacillus subtilis"[Title/Abstract] OR "Streptococcus thermophilus"[Title/Abstract])
2025-09-08 17:28:26,310 - src.data.pubmed_collector_enhanced - INFO - search_papers completed in 0.81s
2025-09-08 17:28:26,882 - src.data.pubmed_collector_enhanced - INFO - Saved metadata for 5 papers to C:\Users\samis\Desktop\MyBiome\back_end\data\raw\metadata\pubmed_batch_1757348906.xml
2025-09-08 17:28:26,882 - src.data.pubmed_collector_enhanced - INFO - fetch_papers_metadata completed in 0.57s
2025-09-08 17:28:26,900 - src.data.pubmed_collector_enhanced - INFO - Attempting fulltext retrieval for 5 papers...
2025-09-08 17:28:26,900 - src.data.pubmed_collector_enhanced - INFO - Found 4 papers with fulltext potential
2025-09-08 17:28:26,900 - src.data.pubmed_collector_enhanced - INFO - Processing fulltext batch 1/1
2025-09-08 17:28:58,195 - src.data.pubmed_collector_enhanced - INFO - Fulltext processing completed: {'total_candidates': 4, 'processed': 4, 'successful_pmc': 0, 'successful_unpaywall': 0, 'failed': 4, 'errors': ['35419092: No open access full text found', '37541528: No open access full text found', '35433498: No open access full text found', '37184752: No open access full text found']}
2025-09-08 17:28:58,195 - src.data.pubmed_collector_enhanced - INFO - Collection completed successfully: Successfully collected 5 papers
2025-09-08 17:28:58,195 - src.data.pubmed_collector_enhanced - INFO - collect_probiotics_by_condition completed in 32.71s
2025-09-08 17:36:39,900 - src.data.pubmed_collector_enhanced - INFO - Enhanced PubMed collector initialized
2025-09-08 17:36:48,141 - src.data.pubmed_collector_enhanced - INFO - Starting collection for condition: IBS
2025-09-08 17:36:48,141 - src.data.pubmed_collector_enhanced - INFO - Using query: ("IBS"[Title/Abstract] OR "IBS"[MeSH Terms]) AND (probiotic*[Title/Abstract] OR "Probiotics"[MeSH Terms] OR lactobacillus[Title/Abstract] OR bifidobacterium[Title/Abstract] OR "lactic acid bacteria"[Title/Abstract] OR saccharomyces[Title/Abstract] OR synbiotic*[Title/Abstract] OR "Bacillus subtilis"[Title/Abstract] OR "Streptococcus thermophilus"[Title/Abstract])
2025-09-08 17:36:48,759 - src.data.pubmed_collector_enhanced - INFO - search_papers completed in 0.62s
2025-09-08 17:36:49,243 - src.data.pubmed_collector_enhanced - INFO - Saved metadata for 5 papers to C:\Users\samis\Desktop\MyBiome\back_end\data\raw\metadata\pubmed_batch_1757349409.xml
2025-09-08 17:36:49,243 - src.data.pubmed_collector_enhanced - INFO - fetch_papers_metadata completed in 0.48s
2025-09-08 17:36:49,259 - src.data.pubmed_collector_enhanced - INFO - Attempting fulltext retrieval for 5 papers...
2025-09-08 17:36:49,259 - src.data.pubmed_collector_enhanced - INFO - Found 4 papers with fulltext potential
2025-09-08 17:36:49,259 - src.data.pubmed_collector_enhanced - INFO - Processing fulltext batch 1/1
2025-09-08 17:37:20,672 - src.data.pubmed_collector_enhanced - INFO - Fulltext processing completed: {'total_candidates': 4, 'processed': 4, 'successful_pmc': 0, 'successful_unpaywall': 0, 'failed': 4, 'errors': ['35419092: No open access full text found', '37541528: No open access full text found', '35433498: No open access full text found', '37184752: No open access full text found']}
2025-09-08 17:37:20,672 - src.data.pubmed_collector_enhanced - INFO - Collection completed successfully: Successfully collected 5 papers
2025-09-08 17:37:20,672 - src.data.pubmed_collector_enhanced - INFO - collect_probiotics_by_condition completed in 32.53s
2025-09-08 17:38:50,604 - src.data.pubmed_collector_enhanced - INFO - Enhanced PubMed collector initialized
2025-09-08 17:38:58,782 - src.data.pubmed_collector_enhanced - INFO - Starting collection for condition: IBS
2025-09-08 17:38:58,783 - src.data.pubmed_collector_enhanced - INFO - Using query: ("IBS"[Title/Abstract] OR "IBS"[MeSH Terms]) AND (probiotic*[Title/Abstract] OR "Probiotics"[MeSH Terms] OR lactobacillus[Title/Abstract] OR bifidobacterium[Title/Abstract] OR "lactic acid bacteria"[Title/Abstract] OR saccharomyces[Title/Abstract] OR synbiotic*[Title/Abstract] OR "Bacillus subtilis"[Title/Abstract] OR "Streptococcus thermophilus"[Title/Abstract])
2025-09-08 17:38:59,770 - src.data.pubmed_collector_enhanced - INFO - search_papers completed in 0.99s
2025-09-08 17:39:00,251 - src.data.pubmed_collector_enhanced - INFO - Saved metadata for 5 papers to C:\Users\samis\Desktop\MyBiome\back_end\data\raw\metadata\pubmed_batch_1757349540.xml
2025-09-08 17:39:00,251 - src.data.pubmed_collector_enhanced - INFO - fetch_papers_metadata completed in 0.48s
2025-09-08 17:39:00,268 - src.data.pubmed_collector_enhanced - INFO - Attempting fulltext retrieval for 5 papers...
2025-09-08 17:39:00,268 - src.data.pubmed_collector_enhanced - INFO - Found 4 papers with fulltext potential
2025-09-08 17:39:00,268 - src.data.pubmed_collector_enhanced - INFO - Processing fulltext batch 1/1
2025-09-08 17:39:31,555 - src.data.pubmed_collector_enhanced - INFO - Fulltext processing completed: {'total_candidates': 4, 'processed': 4, 'successful_pmc': 0, 'successful_unpaywall': 0, 'failed': 4, 'errors': ['35419092: No open access full text found', '37541528: No open access full text found', '35433498: No open access full text found', '37184752: No open access full text found']}
2025-09-08 17:39:31,555 - src.data.pubmed_collector_enhanced - INFO - Collection completed successfully: Successfully collected 5 papers
2025-09-08 17:39:31,555 - src.data.pubmed_collector_enhanced - INFO - collect_probiotics_by_condition completed in 32.77s
2025-09-08 17:42:33,179 - src.data.pubmed_collector_enhanced - INFO - Enhanced PubMed collector initialized
2025-09-08 17:42:41,306 - src.data.pubmed_collector_enhanced - INFO - Starting collection for condition: IBS
2025-09-08 17:42:41,306 - src.data.pubmed_collector_enhanced - INFO - Using query: ("IBS"[Title/Abstract] OR "IBS"[MeSH Terms]) AND (probiotic*[Title/Abstract] OR "Probiotics"[MeSH Terms] OR lactobacillus[Title/Abstract] OR bifidobacterium[Title/Abstract] OR "lactic acid bacteria"[Title/Abstract] OR saccharomyces[Title/Abstract] OR synbiotic*[Title/Abstract] OR "Bacillus subtilis"[Title/Abstract] OR "Streptococcus thermophilus"[Title/Abstract])
2025-09-08 17:42:41,944 - src.data.pubmed_collector_enhanced - INFO - search_papers completed in 0.64s
2025-09-08 17:42:42,449 - src.data.pubmed_collector_enhanced - INFO - Saved metadata for 5 papers to C:\Users\samis\Desktop\MyBiome\back_end\data\raw\metadata\pubmed_batch_1757349762.xml
2025-09-08 17:42:42,449 - src.data.pubmed_collector_enhanced - INFO - fetch_papers_metadata completed in 0.51s
2025-09-08 17:42:42,464 - src.data.pubmed_collector_enhanced - INFO - Attempting fulltext retrieval for 5 papers...
2025-09-08 17:42:42,464 - src.data.pubmed_collector_enhanced - INFO - Found 4 papers with fulltext potential
2025-09-08 17:42:42,464 - src.data.pubmed_collector_enhanced - INFO - Processing fulltext batch 1/1
2025-09-08 17:43:14,030 - src.data.pubmed_collector_enhanced - INFO - Fulltext processing completed: {'total_candidates': 4, 'processed': 4, 'successful_pmc': 0, 'successful_unpaywall': 0, 'failed': 4, 'errors': ['35419092: No open access full text found', '37541528: No open access full text found', '35433498: No open access full text found', '37184752: No open access full text found']}
2025-09-08 17:43:14,031 - src.data.pubmed_collector_enhanced - INFO - Collection completed successfully: Successfully collected 5 papers
2025-09-08 17:43:14,031 - src.data.pubmed_collector_enhanced - INFO - collect_probiotics_by_condition completed in 32.72s
2025-09-08 17:43:58,885 - src.data.pubmed_collector_enhanced - INFO - Enhanced PubMed collector initialized
2025-09-08 17:44:07,062 - src.data.pubmed_collector_enhanced - INFO - Starting collection for condition: IBS
2025-09-08 17:44:07,062 - src.data.pubmed_collector_enhanced - INFO - Using query: ("IBS"[Title/Abstract] OR "IBS"[MeSH Terms]) AND (probiotic*[Title/Abstract] OR "Probiotics"[MeSH Terms] OR lactobacillus[Title/Abstract] OR bifidobacterium[Title/Abstract] OR "lactic acid bacteria"[Title/Abstract] OR saccharomyces[Title/Abstract] OR synbiotic*[Title/Abstract] OR "Bacillus subtilis"[Title/Abstract] OR "Streptococcus thermophilus"[Title/Abstract])
2025-09-08 17:44:07,676 - src.data.pubmed_collector_enhanced - INFO - search_papers completed in 0.61s
2025-09-08 17:44:08,341 - src.data.pubmed_collector_enhanced - INFO - Saved metadata for 5 papers to C:\Users\samis\Desktop\MyBiome\back_end\data\raw\metadata\pubmed_batch_1757349848.xml
2025-09-08 17:44:08,341 - src.data.pubmed_collector_enhanced - INFO - fetch_papers_metadata completed in 0.66s
2025-09-08 17:44:08,358 - src.data.pubmed_collector_enhanced - INFO - Attempting fulltext retrieval for 5 papers...
2025-09-08 17:44:08,358 - src.data.pubmed_collector_enhanced - INFO - Found 4 papers with fulltext potential
2025-09-08 17:44:08,358 - src.data.pubmed_collector_enhanced - INFO - Processing fulltext batch 1/1
2025-09-08 17:44:39,664 - src.data.pubmed_collector_enhanced - INFO - Fulltext processing completed: {'total_candidates': 4, 'processed': 4, 'successful_pmc': 0, 'successful_unpaywall': 0, 'failed': 4, 'errors': ['35419092: No open access full text found', '37541528: No open access full text found', '35433498: No open access full text found', '37184752: No open access full text found']}
2025-09-08 17:44:39,664 - src.data.pubmed_collector_enhanced - INFO - Collection completed successfully: Successfully collected 5 papers
2025-09-08 17:44:39,674 - src.data.pubmed_collector_enhanced - INFO - collect_probiotics_by_condition completed in 32.60s
2025-09-08 17:54:34,539 - src.data.pubmed_collector_enhanced - INFO - Enhanced PubMed collector initialized
2025-09-08 17:54:42,796 - src.data.pubmed_collector_enhanced - INFO - Starting collection for condition: IBS
2025-09-08 17:54:42,796 - src.data.pubmed_collector_enhanced - INFO - Using query: ("IBS"[Title/Abstract] OR "IBS"[MeSH Terms]) AND (probiotic*[Title/Abstract] OR "Probiotics"[MeSH Terms] OR lactobacillus[Title/Abstract] OR bifidobacterium[Title/Abstract] OR "lactic acid bacteria"[Title/Abstract] OR saccharomyces[Title/Abstract] OR synbiotic*[Title/Abstract] OR "Bacillus subtilis"[Title/Abstract] OR "Streptococcus thermophilus"[Title/Abstract])
2025-09-08 17:54:43,371 - src.data.pubmed_collector_enhanced - INFO - search_papers completed in 0.57s
2025-09-08 17:54:43,964 - src.data.pubmed_collector_enhanced - INFO - Saved metadata for 5 papers to C:\Users\samis\Desktop\MyBiome\back_end\data\raw\metadata\pubmed_batch_1757350483.xml
2025-09-08 17:54:43,964 - src.data.pubmed_collector_enhanced - INFO - fetch_papers_metadata completed in 0.59s
2025-09-08 17:54:43,981 - src.data.pubmed_collector_enhanced - INFO - Attempting fulltext retrieval for 5 papers...
2025-09-08 17:54:43,981 - src.data.pubmed_collector_enhanced - INFO - Found 4 papers with fulltext potential
2025-09-08 17:54:43,981 - src.data.pubmed_collector_enhanced - INFO - Processing fulltext batch 1/1
2025-09-08 17:55:15,432 - src.data.pubmed_collector_enhanced - INFO - Fulltext processing completed: {'total_candidates': 4, 'processed': 4, 'successful_pmc': 0, 'successful_unpaywall': 0, 'failed': 4, 'errors': ['35419092: No open access full text found', '37541528: No open access full text found', '35433498: No open access full text found', '37184752: No open access full text found']}
2025-09-08 17:55:15,432 - src.data.pubmed_collector_enhanced - INFO - Collection completed successfully: Successfully collected 5 papers
2025-09-08 17:55:15,432 - src.data.pubmed_collector_enhanced - INFO - collect_probiotics_by_condition completed in 32.64s
2025-09-08 18:15:10,768 - src.data.pubmed_collector_enhanced - INFO - Enhanced PubMed collector initialized
2025-09-08 18:15:36,787 - src.data.pubmed_collector_enhanced - INFO - Enhanced PubMed collector initialized
2025-09-08 18:15:40,889 - src.data.pubmed_collector_enhanced - INFO - Starting collection for condition: IBS
2025-09-08 18:15:40,889 - src.data.pubmed_collector_enhanced - INFO - Using query: ("IBS"[Title/Abstract] OR "IBS"[MeSH Terms]) AND (probiotic*[Title/Abstract] OR "Probiotics"[MeSH Terms] OR lactobacillus[Title/Abstract] OR bifidobacterium[Title/Abstract] OR "lactic acid bacteria"[Title/Abstract] OR saccharomyces[Title/Abstract] OR synbiotic*[Title/Abstract] OR "Bacillus subtilis"[Title/Abstract] OR "Streptococcus thermophilus"[Title/Abstract])
2025-09-08 18:15:41,557 - src.data.pubmed_collector_enhanced - INFO - search_papers completed in 0.67s
2025-09-08 18:15:42,739 - src.data.pubmed_collector_enhanced - INFO - Saved metadata for 10 papers to C:\Users\samis\Desktop\MyBiome\back_end\data\raw\metadata\pubmed_batch_1757351742.xml
2025-09-08 18:15:42,739 - src.data.pubmed_collector_enhanced - INFO - fetch_papers_metadata completed in 1.18s
2025-09-08 18:15:42,768 - src.data.pubmed_collector_enhanced - INFO - Attempting fulltext retrieval for 10 papers...
2025-09-08 18:15:42,768 - src.data.pubmed_collector_enhanced - INFO - Found 9 papers with fulltext potential
2025-09-08 18:15:42,768 - src.data.pubmed_collector_enhanced - INFO - Processing fulltext batch 1/1
2025-09-08 18:16:53,454 - src.data.pubmed_collector_enhanced - INFO - Fulltext processing completed: {'total_candidates': 9, 'processed': 9, 'successful_pmc': 0, 'successful_unpaywall': 0, 'failed': 9, 'errors': ['35419092: No open access full text found', '37541528: No open access full text found', '35433498: No open access full text found', '37184752: No open access full text found', '34203002: No open access full text found', '32054443: No open access full text found', '36014888: No open access full text found', '37686889: No open access full text found', '39060737: No open access full text found']}
2025-09-08 18:16:53,455 - src.data.pubmed_collector_enhanced - INFO - Collection completed successfully: Successfully collected 10 papers
2025-09-08 18:16:53,455 - src.data.pubmed_collector_enhanced - INFO - collect_probiotics_by_condition completed in 72.57s
2025-09-09 18:09:31,311 - src.data.pubmed_collector_enhanced - INFO - Enhanced PubMed collector initialized
2025-09-09 18:10:46,380 - src.data.pubmed_collector_enhanced - INFO - Enhanced PubMed collector initialized
2025-09-09 18:10:46,428 - src.data.pubmed_collector_enhanced - INFO - Enhanced PubMed collector initialized
2025-09-09 18:10:46,428 - src.data.pubmed_collector_enhanced - INFO - Enhanced PubMed collector initialized
2025-09-09 18:10:46,457 - src.data.pubmed_collector_enhanced - INFO - Enhanced PubMed collector initialized
2025-09-09 18:10:46,458 - src.data.pubmed_collector_enhanced - INFO - Enhanced PubMed collector initialized
2025-09-09 18:10:46,459 - src.data.pubmed_collector_enhanced - INFO - Enhanced PubMed collector initialized
2025-09-09 18:10:46,459 - src.data.pubmed_collector_enhanced - INFO - Enhanced PubMed collector initialized
2025-09-09 18:11:39,548 - src.data.pubmed_collector_enhanced - INFO - Enhanced PubMed collector initialized
2025-09-09 18:11:39,602 - src.data.pubmed_collector_enhanced - INFO - Enhanced PubMed collector initialized
2025-09-09 18:11:39,604 - src.data.pubmed_collector_enhanced - INFO - Enhanced PubMed collector initialized
2025-09-09 18:11:39,618 - src.data.pubmed_collector_enhanced - INFO - Enhanced PubMed collector initialized
2025-09-09 18:11:39,618 - src.data.pubmed_collector_enhanced - INFO - Enhanced PubMed collector initialized
2025-09-09 18:11:39,619 - src.data.pubmed_collector_enhanced - INFO - Enhanced PubMed collector initialized
2025-09-09 18:11:39,619 - src.data.pubmed_collector_enhanced - INFO - Enhanced PubMed collector initialized
2025-09-09 18:11:39,621 - src.data.pubmed_collector_enhanced - INFO - Enhanced PubMed collector initialized
2025-09-09 18:13:03,403 - src.data.pubmed_collector_enhanced - INFO - Enhanced PubMed collector initialized
2025-09-09 18:13:03,457 - src.data.pubmed_collector_enhanced - INFO - Enhanced PubMed collector initialized
2025-09-09 18:13:03,458 - src.data.pubmed_collector_enhanced - INFO - Enhanced PubMed collector initialized
2025-09-09 18:13:03,474 - src.data.pubmed_collector_enhanced - INFO - Enhanced PubMed collector initialized
2025-09-09 18:13:03,474 - src.data.pubmed_collector_enhanced - INFO - Enhanced PubMed collector initialized
2025-09-09 18:13:03,475 - src.data.pubmed_collector_enhanced - INFO - Enhanced PubMed collector initialized
2025-09-09 18:13:03,475 - src.data.pubmed_collector_enhanced - INFO - Enhanced PubMed collector initialized
2025-09-09 18:13:03,477 - src.data.pubmed_collector_enhanced - INFO - Enhanced PubMed collector initialized
2025-09-09 18:13:33,636 - src.data.pubmed_collector_enhanced - INFO - Enhanced PubMed collector initialized
2025-09-09 18:13:33,694 - src.data.pubmed_collector_enhanced - INFO - Enhanced PubMed collector initialized
2025-09-09 18:13:33,694 - src.data.pubmed_collector_enhanced - INFO - Enhanced PubMed collector initialized
2025-09-09 18:13:33,709 - src.data.pubmed_collector_enhanced - INFO - Enhanced PubMed collector initialized
2025-09-09 18:13:33,710 - src.data.pubmed_collector_enhanced - INFO - Enhanced PubMed collector initialized
2025-09-09 18:13:33,710 - src.data.pubmed_collector_enhanced - INFO - Enhanced PubMed collector initialized
2025-09-09 18:13:33,711 - src.data.pubmed_collector_enhanced - INFO - Enhanced PubMed collector initialized
2025-09-09 18:13:33,712 - src.data.pubmed_collector_enhanced - INFO - Enhanced PubMed collector initialized
2025-09-09 18:13:43,858 - src.data.pubmed_collector_enhanced - INFO - Enhanced PubMed collector initialized
2025-09-09 18:13:43,923 - src.data.pubmed_collector_enhanced - INFO - Enhanced PubMed collector initialized
2025-09-09 18:13:43,925 - src.data.pubmed_collector_enhanced - INFO - Enhanced PubMed collector initialized
2025-09-09 18:13:43,940 - src.data.pubmed_collector_enhanced - INFO - Enhanced PubMed collector initialized
2025-09-09 18:13:43,940 - src.data.pubmed_collector_enhanced - INFO - Enhanced PubMed collector initialized
2025-09-09 18:13:43,940 - src.data.pubmed_collector_enhanced - INFO - Enhanced PubMed collector initialized
2025-09-09 18:13:43,940 - src.data.pubmed_collector_enhanced - INFO - Enhanced PubMed collector initialized
2025-09-09 18:13:43,943 - src.data.pubmed_collector_enhanced - INFO - Enhanced PubMed collector initialized
2025-09-09 18:14:09,796 - src.data.pubmed_collector_enhanced - INFO - Enhanced PubMed collector initialized
2025-09-09 18:14:52,064 - src.data.pubmed_collector_enhanced - INFO - Enhanced PubMed collector initialized
2025-09-09 18:14:52,127 - src.data.pubmed_collector_enhanced - INFO - Enhanced PubMed collector initialized
2025-09-09 18:14:52,127 - src.data.pubmed_collector_enhanced - INFO - Enhanced PubMed collector initialized
2025-09-09 18:14:52,141 - src.data.pubmed_collector_enhanced - INFO - Enhanced PubMed collector initialized
2025-09-09 18:14:52,142 - src.data.pubmed_collector_enhanced - INFO - Enhanced PubMed collector initialized
2025-09-09 18:14:52,144 - src.data.pubmed_collector_enhanced - INFO - Enhanced PubMed collector initialized
2025-09-09 18:14:52,144 - src.data.pubmed_collector_enhanced - INFO - Enhanced PubMed collector initialized
2025-09-09 18:14:52,145 - src.data.pubmed_collector_enhanced - INFO - Enhanced PubMed collector initialized
2025-09-09 18:32:23,119 - src.data.pubmed_collector_enhanced - INFO - Enhanced PubMed collector initialized
2025-09-09 18:47:22,901 - src.data.pubmed_collector_enhanced - INFO - Enhanced PubMed collector initialized
2025-09-09 18:47:22,960 - src.data.pubmed_collector_enhanced - INFO - Enhanced PubMed collector initialized
2025-09-09 18:47:22,971 - src.data.pubmed_collector_enhanced - INFO - Enhanced PubMed collector initialized
2025-09-09 18:47:22,978 - src.data.pubmed_collector_enhanced - INFO - Enhanced PubMed collector initialized
2025-09-09 18:47:22,991 - src.data.pubmed_collector_enhanced - INFO - Enhanced PubMed collector initialized
2025-09-09 19:10:16,507 - src.data.pubmed_collector_enhanced - INFO - Enhanced PubMed collector initialized
2025-09-09 19:10:16,557 - src.data.pubmed_collector_enhanced - INFO - Starting bulk collection for 1 conditions
2025-09-09 19:10:16,557 - src.data.pubmed_collector_enhanced - INFO - Processing condition 1/1: IBS
2025-09-09 19:10:16,557 - src.data.pubmed_collector_enhanced - INFO - Starting collection for condition: IBS
2025-09-09 19:10:16,557 - src.data.pubmed_collector_enhanced - INFO - Using query: ("IBS"[Title/Abstract] OR "IBS"[MeSH Terms]) AND (probiotic*[Title/Abstract] OR "Probiotics"[MeSH Terms] OR lactobacillus[Title/Abstract] OR bifidobacterium[Title/Abstract] OR "lactic acid bacteria"[Title/Abstract] OR saccharomyces[Title/Abstract] OR synbiotic*[Title/Abstract] OR "Bacillus subtilis"[Title/Abstract] OR "Streptococcus thermophilus"[Title/Abstract])
2025-09-09 19:10:17,390 - src.data.pubmed_collector_enhanced - INFO - search_papers completed in 0.83s
2025-09-09 19:10:17,920 - src.data.pubmed_collector_enhanced - INFO - Saved metadata for 5 papers to C:\Users\samis\Desktop\MyBiome\back_end\data\raw\metadata\pubmed_batch_1757441417.xml
2025-09-09 19:10:17,920 - src.data.pubmed_collector_enhanced - INFO - fetch_papers_metadata completed in 0.53s
2025-09-09 19:10:17,951 - src.data.pubmed_collector_enhanced - INFO - Collection completed successfully: Successfully collected 5 papers
2025-09-09 19:10:17,951 - src.data.pubmed_collector_enhanced - INFO - collect_probiotics_by_condition completed in 1.39s
2025-09-09 19:10:17,952 - src.data.pubmed_collector_enhanced - INFO - Bulk collection results saved to C:\Users\samis\Desktop\MyBiome\back_end\data\raw\metadata\bulk_collection_results_1757441417.json
2025-09-09 19:10:17,952 - src.data.pubmed_collector_enhanced - INFO - Bulk collection completed: 5 papers across 1 conditions
2025-09-09 19:10:17,952 - src.data.pubmed_collector_enhanced - INFO - bulk_collect_conditions completed in 1.39s
2025-09-09 19:11:42,999 - src.data.pubmed_collector_enhanced - INFO - Enhanced PubMed collector initialized
2025-09-09 19:11:43,062 - src.data.pubmed_collector_enhanced - INFO - Starting bulk collection for 1 conditions
2025-09-09 19:11:43,062 - src.data.pubmed_collector_enhanced - INFO - Processing condition 1/1: IBS
2025-09-09 19:11:43,062 - src.data.pubmed_collector_enhanced - INFO - Starting collection for condition: IBS
2025-09-09 19:11:43,062 - src.data.pubmed_collector_enhanced - INFO - Using query: ("IBS"[Title/Abstract] OR "IBS"[MeSH Terms]) AND (probiotic*[Title/Abstract] OR "Probiotics"[MeSH Terms] OR lactobacillus[Title/Abstract] OR bifidobacterium[Title/Abstract] OR "lactic acid bacteria"[Title/Abstract] OR saccharomyces[Title/Abstract] OR synbiotic*[Title/Abstract] OR "Bacillus subtilis"[Title/Abstract] OR "Streptococcus thermophilus"[Title/Abstract])
2025-09-09 19:11:43,660 - src.data.pubmed_collector_enhanced - INFO - search_papers completed in 0.60s
2025-09-09 19:11:44,173 - src.data.pubmed_collector_enhanced - INFO - Saved metadata for 5 papers to C:\Users\samis\Desktop\MyBiome\back_end\data\raw\metadata\pubmed_batch_1757441504.xml
2025-09-09 19:11:44,173 - src.data.pubmed_collector_enhanced - INFO - fetch_papers_metadata completed in 0.51s
2025-09-09 19:11:44,183 - src.data.pubmed_collector_enhanced - INFO - Collection completed successfully: Successfully collected 5 papers
2025-09-09 19:11:44,183 - src.data.pubmed_collector_enhanced - INFO - collect_probiotics_by_condition completed in 1.12s
2025-09-09 19:11:44,183 - src.data.pubmed_collector_enhanced - INFO - Bulk collection results saved to C:\Users\samis\Desktop\MyBiome\back_end\data\raw\metadata\bulk_collection_results_1757441504.json
2025-09-09 19:11:44,183 - src.data.pubmed_collector_enhanced - INFO - Bulk collection completed: 5 papers across 1 conditions
2025-09-09 19:11:44,183 - src.data.pubmed_collector_enhanced - INFO - bulk_collect_conditions completed in 1.12s
2025-09-09 19:54:13,930 - pubmed_collector_enhanced - INFO - Enhanced PubMed collector initialized
2025-09-09 19:54:13,997 - pubmed_collector_enhanced - INFO - Starting bulk collection for 1 conditions
2025-09-09 19:54:13,998 - pubmed_collector_enhanced - INFO - Processing condition 1/1: [IBS,]
2025-09-09 19:54:13,998 - pubmed_collector_enhanced - INFO - Starting collection for condition: [IBS,]
2025-09-09 19:54:13,998 - pubmed_collector_enhanced - INFO - Using query: ("[IBS,]"[Title/Abstract] OR "[IBS,]"[MeSH Terms]) AND (probiotic*[Title/Abstract] OR "Probiotics"[MeSH Terms] OR lactobacillus[Title/Abstract] OR bifidobacterium[Title/Abstract] OR "lactic acid bacteria"[Title/Abstract] OR saccharomyces[Title/Abstract] OR synbiotic*[Title/Abstract] OR "Bacillus subtilis"[Title/Abstract] OR "Streptococcus thermophilus"[Title/Abstract])
2025-09-09 19:54:14,791 - pubmed_collector_enhanced - INFO - search_papers completed in 0.79s
2025-09-09 19:54:17,077 - pubmed_collector_enhanced - INFO - Saved metadata for 50 papers to C:\Users\samis\Desktop\MyBiome\back_end\data\raw\metadata\pubmed_batch_1757444057.xml
2025-09-09 19:54:17,077 - pubmed_collector_enhanced - INFO - fetch_papers_metadata completed in 2.29s
2025-09-09 19:54:17,170 - pubmed_collector_enhanced - INFO - Attempting fulltext retrieval for 50 papers...
2025-09-09 19:54:17,170 - pubmed_collector_enhanced - INFO - Found 48 papers with fulltext potential
2025-09-09 19:54:17,170 - pubmed_collector_enhanced - INFO - Processing fulltext batch 1/3
2025-09-09 20:00:40,093 - pubmed_collector_enhanced - INFO - Enhanced PubMed collector initialized
2025-09-09 20:00:40,167 - pubmed_collector_enhanced - INFO - Starting bulk collection for 1 conditions
2025-09-09 20:00:40,167 - pubmed_collector_enhanced - INFO - Processing condition 1/1: [IBS,]
2025-09-09 20:00:40,168 - pubmed_collector_enhanced - INFO - Starting collection for condition: [IBS,]
2025-09-09 20:00:40,168 - pubmed_collector_enhanced - INFO - Using query: ("[IBS,]"[Title/Abstract] OR "[IBS,]"[MeSH Terms]) AND (probiotic*[Title/Abstract] OR "Probiotics"[MeSH Terms] OR lactobacillus[Title/Abstract] OR bifidobacterium[Title/Abstract] OR "lactic acid bacteria"[Title/Abstract] OR saccharomyces[Title/Abstract] OR synbiotic*[Title/Abstract] OR "Bacillus subtilis"[Title/Abstract] OR "Streptococcus thermophilus"[Title/Abstract])
2025-09-09 20:00:40,765 - pubmed_collector_enhanced - INFO - search_papers completed in 0.60s
2025-09-09 20:00:44,629 - pubmed_collector_enhanced - INFO - Saved metadata for 50 papers to C:\Users\samis\Desktop\MyBiome\back_end\data\raw\metadata\pubmed_batch_1757444444.xml
2025-09-09 20:00:44,629 - pubmed_collector_enhanced - INFO - fetch_papers_metadata completed in 3.86s
2025-09-09 20:00:44,679 - pubmed_collector_enhanced - INFO - Attempting fulltext retrieval for 50 papers...
2025-09-09 20:00:44,680 - pubmed_collector_enhanced - INFO - Found 48 papers with fulltext potential
2025-09-09 20:00:44,681 - pubmed_collector_enhanced - INFO - Processing fulltext batch 1/3
2025-09-09 20:02:59,848 - pubmed_collector_enhanced - INFO - Processing fulltext batch 2/3
2025-09-09 20:04:58,363 - pubmed_collector_enhanced - INFO - Processing fulltext batch 3/3
2025-09-09 20:05:31,373 - pubmed_collector_enhanced - INFO - Fulltext processing completed: {'total_candidates': 48, 'processed': 48, 'successful_pmc': 0, 'successful_unpaywall': 11, 'failed': 37, 'errors': ['37541528: No open access full text found', '37184752: No open access full text found', '34203002: No open access full text found', '36014888: No open access full text found', '37686889: No open access full text found', '39060737: No open access full text found', '35951774: No open access full text found', '37049488: No open access full text found', '30294792: No open access full text found', '38999862: No open access full text found', '28483500: No open access full text found', '31480656: No open access full text found', '31122802: No open access full text found', '28274108: No open access full text found', '34578939: No open access full text found', '25070051: No open access full text found', '39940404: No open access full text found', '36269141: No open access full text found', '38331656: No open access full text found', '34365915: No open access full text found', '38717445: No open access full text found', '32635661: No open access full text found', '32019158: No open access full text found', '33183883: No open access full text found', '32326347: No open access full text found', '33545934: No open access full text found', '36362056: No open access full text found', '33652763: No open access full text found', '39126817: No open access full text found', '38700306: No open access full text found', '32277872: No open access full text found', '23384803: No open access full text found', '26819502: No open access full text found', '27161354: No open access full text found', '20890316: No open access full text found', '21872090: No open access full text found', '33978391: No open access full text found']}
2025-09-09 20:05:31,373 - pubmed_collector_enhanced - INFO - Collection completed successfully: Successfully collected 50 papers
2025-09-09 20:05:31,373 - pubmed_collector_enhanced - INFO - collect_probiotics_by_condition completed in 291.21s
2025-09-09 20:05:31,374 - pubmed_collector_enhanced - INFO - Bulk collection results saved to C:\Users\samis\Desktop\MyBiome\back_end\data\raw\metadata\bulk_collection_results_1757444731.json
2025-09-09 20:05:31,374 - pubmed_collector_enhanced - INFO - Bulk collection completed: 50 papers across 1 conditions
2025-09-09 20:05:31,375 - pubmed_collector_enhanced - INFO - bulk_collect_conditions completed in 291.21s
2025-09-09 20:12:17,803 - pubmed_collector_enhanced - INFO - Enhanced PubMed collector initialized
2025-09-09 20:12:17,861 - pubmed_collector_enhanced - INFO - Starting bulk collection for 1 conditions
2025-09-09 20:12:17,861 - pubmed_collector_enhanced - INFO - Processing condition 1/1: IBS
2025-09-09 20:12:17,862 - pubmed_collector_enhanced - INFO - Starting collection for condition: IBS
2025-09-09 20:12:17,862 - pubmed_collector_enhanced - INFO - Using query: ("IBS"[Title/Abstract] OR "IBS"[MeSH Terms]) AND (probiotic*[Title/Abstract] OR "Probiotics"[MeSH Terms] OR lactobacillus[Title/Abstract] OR bifidobacterium[Title/Abstract] OR "lactic acid bacteria"[Title/Abstract] OR saccharomyces[Title/Abstract] OR synbiotic*[Title/Abstract] OR "Bacillus subtilis"[Title/Abstract] OR "Streptococcus thermophilus"[Title/Abstract])
2025-09-09 20:12:18,495 - pubmed_collector_enhanced - INFO - search_papers completed in 0.63s
2025-09-09 20:12:19,154 - pubmed_collector_enhanced - INFO - Saved metadata for 5 papers to C:\Users\samis\Desktop\MyBiome\back_end\data\raw\metadata\pubmed_batch_1757445139.xml
2025-09-09 20:12:19,154 - pubmed_collector_enhanced - INFO - fetch_papers_metadata completed in 0.66s
2025-09-09 20:12:19,169 - pubmed_collector_enhanced - INFO - Attempting fulltext retrieval for 5 papers...
2025-09-09 20:12:19,169 - pubmed_collector_enhanced - INFO - Found 4 papers with fulltext potential
2025-09-09 20:12:19,169 - pubmed_collector_enhanced - INFO - Processing fulltext batch 1/1
2025-09-09 20:12:37,291 - pubmed_collector_enhanced - INFO - Fulltext processing completed: {'total_candidates': 4, 'processed': 4, 'successful_pmc': 0, 'successful_unpaywall': 2, 'failed': 2, 'errors': ['37541528: No open access full text found', '37184752: No open access full text found']}
2025-09-09 20:12:37,291 - pubmed_collector_enhanced - INFO - Collection completed successfully: Successfully collected 5 papers
2025-09-09 20:12:37,291 - pubmed_collector_enhanced - INFO - collect_probiotics_by_condition completed in 19.43s
2025-09-09 20:12:37,291 - pubmed_collector_enhanced - INFO - Bulk collection results saved to C:\Users\samis\Desktop\MyBiome\back_end\data\raw\metadata\bulk_collection_results_1757445157.json
2025-09-09 20:12:37,291 - pubmed_collector_enhanced - INFO - Bulk collection completed: 5 papers across 1 conditions
2025-09-09 20:12:37,291 - pubmed_collector_enhanced - INFO - bulk_collect_conditions completed in 19.43s
2025-09-09 20:19:29,421 - pubmed_collector_enhanced - INFO - Enhanced PubMed collector initialized
2025-09-09 20:19:29,474 - pubmed_collector_enhanced - INFO - Starting bulk collection for 1 conditions
2025-09-09 20:19:29,474 - pubmed_collector_enhanced - INFO - Processing condition 1/1: test
2025-09-09 20:19:29,474 - pubmed_collector_enhanced - INFO - Starting collection for condition: test
2025-09-09 20:19:29,474 - pubmed_collector_enhanced - INFO - Using query: ("test"[Title/Abstract] OR "test"[MeSH Terms]) AND (probiotic*[Title/Abstract] OR "Probiotics"[MeSH Terms] OR lactobacillus[Title/Abstract] OR bifidobacterium[Title/Abstract] OR "lactic acid bacteria"[Title/Abstract] OR saccharomyces[Title/Abstract] OR synbiotic*[Title/Abstract] OR "Bacillus subtilis"[Title/Abstract] OR "Streptococcus thermophilus"[Title/Abstract])
2025-09-09 20:19:30,199 - pubmed_collector_enhanced - INFO - search_papers completed in 0.73s
2025-09-09 20:19:30,682 - pubmed_collector_enhanced - INFO - Saved metadata for 2 papers to C:\Users\samis\Desktop\MyBiome\back_end\data\raw\metadata\pubmed_batch_1757445570.xml
2025-09-09 20:19:30,682 - pubmed_collector_enhanced - INFO - fetch_papers_metadata completed in 0.48s
2025-09-09 20:19:30,699 - pubmed_collector_enhanced - INFO - Collection completed successfully: Successfully collected 2 papers
2025-09-09 20:19:30,699 - pubmed_collector_enhanced - INFO - collect_probiotics_by_condition completed in 1.23s
2025-09-09 20:19:30,699 - pubmed_collector_enhanced - INFO - Bulk collection results saved to C:\Users\samis\Desktop\MyBiome\back_end\data\raw\metadata\bulk_collection_results_1757445570.json
2025-09-09 20:19:30,699 - pubmed_collector_enhanced - INFO - Bulk collection completed: 2 papers across 1 conditions
2025-09-09 20:19:30,699 - pubmed_collector_enhanced - INFO - bulk_collect_conditions completed in 1.23s
2025-09-09 20:19:55,108 - pubmed_collector_enhanced - INFO - Enhanced PubMed collector initialized
2025-09-09 20:22:35,535 - pubmed_collector_enhanced - INFO - Enhanced PubMed collector initialized
2025-09-09 20:22:35,614 - pubmed_collector_enhanced - INFO - Starting bulk collection for 1 conditions
2025-09-09 20:22:35,614 - pubmed_collector_enhanced - INFO - Processing condition 1/1: [IBS,]
2025-09-09 20:22:35,614 - pubmed_collector_enhanced - INFO - Starting collection for condition: [IBS,]
2025-09-09 20:22:35,614 - pubmed_collector_enhanced - INFO - Using query: ("[IBS,]"[Title/Abstract] OR "[IBS,]"[MeSH Terms]) AND (probiotic*[Title/Abstract] OR "Probiotics"[MeSH Terms] OR lactobacillus[Title/Abstract] OR bifidobacterium[Title/Abstract] OR "lactic acid bacteria"[Title/Abstract] OR saccharomyces[Title/Abstract] OR synbiotic*[Title/Abstract] OR "Bacillus subtilis"[Title/Abstract] OR "Streptococcus thermophilus"[Title/Abstract])
2025-09-09 20:22:36,220 - pubmed_collector_enhanced - INFO - search_papers completed in 0.60s
2025-09-09 20:22:39,377 - pubmed_collector_enhanced - INFO - Saved metadata for 50 papers to C:\Users\samis\Desktop\MyBiome\back_end\data\raw\metadata\pubmed_batch_1757445759.xml
2025-09-09 20:22:39,377 - pubmed_collector_enhanced - INFO - fetch_papers_metadata completed in 3.16s
2025-09-09 20:22:39,431 - pubmed_collector_enhanced - INFO - Attempting fulltext retrieval for 50 papers...
2025-09-09 20:22:39,432 - pubmed_collector_enhanced - INFO - Found 48 papers with fulltext potential
2025-09-09 20:22:39,432 - pubmed_collector_enhanced - INFO - Processing fulltext batch 1/3
2025-09-09 20:23:38,786 - pubmed_collector_enhanced - INFO - Processing fulltext batch 2/3
2025-09-09 20:24:50,411 - pubmed_collector_enhanced - INFO - Processing fulltext batch 3/3
2025-09-09 20:25:13,167 - pubmed_collector_enhanced - INFO - Fulltext processing completed: {'total_candidates': 48, 'processed': 48, 'successful_pmc': 0, 'successful_unpaywall': 11, 'failed': 37, 'errors': ['37541528: No open access full text found', '37184752: No open access full text found', '34203002: No open access full text found', '36014888: No open access full text found', '37686889: No open access full text found', '39060737: No open access full text found', '35951774: No open access full text found', '37049488: No open access full text found', '30294792: No open access full text found', '38999862: No open access full text found', '28483500: No open access full text found', '31480656: No open access full text found', '31122802: No open access full text found', '28274108: No open access full text found', '34578939: No open access full text found', '25070051: No open access full text found', '39940404: No open access full text found', '36269141: No open access full text found', '38331656: No open access full text found', '34365915: No open access full text found', '38717445: No open access full text found', '32635661: No open access full text found', '32019158: No open access full text found', '33183883: No open access full text found', '32326347: No open access full text found', '33545934: No open access full text found', '36362056: No open access full text found', '33652763: No open access full text found', '39126817: No open access full text found', '38700306: No open access full text found', '32277872: No open access full text found', '23384803: No open access full text found', '26819502: No open access full text found', '27161354: No open access full text found', '20890316: No open access full text found', '21872090: No open access full text found', '33978391: No open access full text found']}
2025-09-09 20:25:13,167 - pubmed_collector_enhanced - INFO - Collection completed successfully: Successfully collected 50 papers
2025-09-09 20:25:13,168 - pubmed_collector_enhanced - INFO - collect_probiotics_by_condition completed in 157.55s
2025-09-09 20:25:13,169 - pubmed_collector_enhanced - INFO - Bulk collection results saved to C:\Users\samis\Desktop\MyBiome\back_end\data\raw\metadata\bulk_collection_results_1757445913.json
2025-09-09 20:25:13,169 - pubmed_collector_enhanced - INFO - Bulk collection completed: 50 papers across 1 conditions
2025-09-09 20:25:13,169 - pubmed_collector_enhanced - INFO - bulk_collect_conditions completed in 157.55s
2025-09-09 20:40:56,670 - pubmed_collector_enhanced - INFO - Enhanced PubMed collector initialized
2025-09-10 16:55:26,646 - pubmed_collector_enhanced - INFO - Enhanced PubMed collector initialized
2025-09-10 16:55:56,613 - pubmed_collector_enhanced - INFO - Enhanced PubMed collector initialized
2025-09-10 16:55:56,613 - pubmed_collector_enhanced - INFO - Starting collection for condition: IBS
2025-09-10 16:55:56,613 - pubmed_collector_enhanced - INFO - Using query: ("IBS"[Title/Abstract] OR "IBS"[MeSH Terms]) AND (probiotic*[Title/Abstract] OR "Probiotics"[MeSH Terms] OR lactobacillus[Title/Abstract] OR bifidobacterium[Title/Abstract] OR "lactic acid bacteria"[Title/Abstract] OR saccharomyces[Title/Abstract] OR synbiotic*[Title/Abstract] OR "Bacillus subtilis"[Title/Abstract] OR "Streptococcus thermophilus"[Title/Abstract])
2025-09-10 16:55:57,230 - pubmed_collector_enhanced - INFO - search_papers completed in 0.62s
2025-09-10 16:55:59,752 - pubmed_collector_enhanced - INFO - Saved metadata for 50 papers to C:\Users\samis\Desktop\MyBiome\back_end\data\raw\metadata\pubmed_batch_1757519759.xml
2025-09-10 16:55:59,752 - pubmed_collector_enhanced - INFO - fetch_papers_metadata completed in 2.52s
2025-09-10 16:55:59,829 - pubmed_collector_enhanced - INFO - Attempting fulltext retrieval for 50 papers...
2025-09-10 16:55:59,829 - pubmed_collector_enhanced - INFO - Found 48 papers with fulltext potential
2025-09-10 16:55:59,829 - pubmed_collector_enhanced - INFO - Processing fulltext batch 1/3
2025-09-10 16:56:57,696 - pubmed_collector_enhanced - INFO - Processing fulltext batch 2/3
2025-09-12 20:28:20,886 - src.paper_collection.pubmed_collector - INFO - Enhanced PubMed collector initialized
2025-09-13 19:01:28,672 - src.paper_collection.pubmed_collector - INFO - Enhanced PubMed collector initialized
2025-09-13 19:01:28,672 - src.paper_collection.pubmed_collector - INFO - Enhanced PubMed collector initialized
2025-09-13 20:14:05,831 - src.paper_collection.pubmed_collector - INFO - Enhanced PubMed collector initialized
2025-09-13 20:14:05,831 - src.paper_collection.pubmed_collector - INFO - Enhanced PubMed collector initialized
2025-09-13 20:14:18,230 - src.paper_collection.pubmed_collector - INFO - Enhanced PubMed collector initialized
2025-09-13 20:14:18,230 - src.paper_collection.pubmed_collector - INFO - Enhanced PubMed collector initialized
2025-09-13 20:17:10,356 - src.paper_collection.pubmed_collector - INFO - Enhanced PubMed collector initialized
2025-09-13 20:17:10,356 - src.paper_collection.pubmed_collector - INFO - Enhanced PubMed collector initialized
2025-09-13 20:17:35,485 - src.paper_collection.pubmed_collector - INFO - Enhanced PubMed collector initialized
2025-09-13 20:17:35,485 - src.paper_collection.pubmed_collector - INFO - Enhanced PubMed collector initialized
2025-09-13 20:25:02,629 - src.paper_collection.pubmed_collector - INFO - Enhanced PubMed collector initialized
2025-09-13 20:25:02,629 - src.paper_collection.pubmed_collector - INFO - Enhanced PubMed collector initialized
2025-09-13 20:25:30,875 - src.paper_collection.pubmed_collector - INFO - Enhanced PubMed collector initialized
2025-09-13 20:32:50,739 - src.paper_collection.pubmed_collector - INFO - Enhanced PubMed collector initialized
2025-09-13 20:33:01,884 - src.paper_collection.pubmed_collector - INFO - Enhanced PubMed collector initialized
2025-09-13 20:33:01,884 - src.paper_collection.pubmed_collector - INFO - Enhanced PubMed collector initialized
2025-09-14 18:23:11,719 - src.paper_collection.pubmed_collector - INFO - Enhanced PubMed collector initialized
2025-09-14 18:23:11,719 - src.paper_collection.pubmed_collector - INFO - Starting intervention collection for condition: IBS
2025-09-14 18:23:11,719 - src.paper_collection.pubmed_collector - INFO - Using intervention query: ("IBS"[Title/Abstract] OR "IBS"[MeSH Terms]) AND (strength training[Title/Abstract] OR nutrition[Title/Abstract] OR hormone therapy[Title/Abstract] OR HIIT[Title/Abstract] OR meditation[Title/Abstract...
2025-09-14 18:23:12,570 - src.paper_collection.pubmed_collector - ERROR - Error searching PubMed: 414 Client Error: Request-URI Too Long for url: https://eutils.ncbi.nlm.nih.gov/entrez/eutils/esearch.fcgi?db=pubmed&term=%28%22IBS%22%5BTitle%2FAbstract%5D+OR+%22IBS%22%5BMeSH+Terms%5D%29+AND+%28strength+training%5BTitle%2FAbstract%5D+OR+nutrition%5BTitle%2FAbstract%5D+OR+hormone+therapy%5BTitle%2FAbstract%5D+OR+HIIT%5BTitle%2FAbstract%5D+OR+meditation%5BTitle%2FAbstract%5D+OR+cycling%5BTitle%2FAbstract%5D+OR+anti-inflammatory%5BTitle%2FAbstract%5D+OR+stress+reduction%5BTitle%2FAbstract%5D+OR+herbal+supplement%5BTitle%2FAbstract%5D+OR+sleep+intervention%5BTitle%2FAbstract%5D+OR+%22Vitamins%22%5BMeSH+Terms%5D+OR+corticosteroid%5BTitle%2FAbstract%5D+OR+wellness+program%5BTitle%2FAbstract%5D+OR+intervention%5BTitle%2FAbstract%5D+OR+%22Life+Style%22%5BMeSH+Terms%5D+OR+health+promotion%5BTitle%2FAbstract%5D+OR+ACE+inhibitor%5BTitle%2FAbstract%5D+OR+aerobic+exercise%5BTitle%2FAbstract%5D+OR+%22Diet+Therapy%22%5BMeSH+Terms%5D+OR+time+management%5BTitle%2FAbstract%5D+OR+%22Physical+Fitness%22%5BMeSH+Terms%5D+OR+micronutrient%5BTitle%2FAbstract%5D+OR+resistance+training%5BTitle%2FAbstract%5D+OR+group+therapy%5BTitle%2FAbstract%5D+OR+supplementation%5BTitle%2FAbstract%5D+OR+training%5BTitle%2FAbstract%5D+OR+macronutrient%5BTitle%2FAbstract%5D+OR+dietary+pattern%5BTitle%2FAbstract%5D+OR+antibiotic%5BTitle%2FAbstract%5D+OR+probiotic%5BTitle%2FAbstract%5D+OR+protein+supplement%5BTitle%2FAbstract%5D+OR+intermittent+fasting%5BTitle%2FAbstract%5D+OR+physical+activity%5BTitle%2FAbstract%5D+OR+mindfulness%5BTitle%2FAbstract%5D+OR+pharmaceutical%5BTitle%2FAbstract%5D+OR+botanical+extract%5BTitle%2FAbstract%5D+OR+NSAID%5BTitle%2FAbstract%5D+OR+cardiovascular+exercise%5BTitle%2FAbstract%5D+OR+fish+oil%5BTitle%2FAbstract%5D+OR+low+fat+diet%5BTitle%2FAbstract%5D+OR+vitamin+D%5BTitle%2FAbstract%5D+OR+diet%5BTitle%2FAbstract%5D+OR+massage+therapy%5BTitle%2FAbstract%5D+OR+alcohol+reduction%5BTitle%2FAbstract%5D+OR+individual+therapy%5BTitle%2FAbstract%5D+OR+%22Behavior+Therapy%22%5BMeSH+Terms%5D+OR+relaxation%5BTitle%2FAbstract%5D+OR+%22Dietary+Supplements%22%5BMeSH+Terms%5D+OR+drug+therapy%5BTitle%2FAbstract%5D+OR+behavior+change%5BTitle%2FAbstract%5D+OR+nutraceutical%5BTitle%2FAbstract%5D+OR+%22high+intensity+interval+training%22%5BTitle%2FAbstract%5D+OR+walking%5BTitle%2FAbstract%5D+OR+peer+support%5BTitle%2FAbstract%5D+OR+yoga%5BTitle%2FAbstract%5D+OR+anxiolytic%5BTitle%2FAbstract%5D+OR+weight+training%5BTitle%2FAbstract%5D+OR+vitamin%5BTitle%2FAbstract%5D+OR+pharmacological%5BTitle%2FAbstract%5D+OR+bifidobacterium%5BTitle%2FAbstract%5D+OR+exercise%5BTitle%2FAbstract%5D+OR+SSRI%5BTitle%2FAbstract%5D+OR+behavioral+intervention%5BTitle%2FAbstract%5D+OR+%22Diet%22%5BMeSH+Terms%5D+OR+omega-3%5BTitle%2FAbstract%5D+OR+diabetes+medication%5BTitle%2FAbstract%5D+OR+endurance+training%5BTitle%2FAbstract%5D+OR+antihypertensive%5BTitle%2FAbstract%5D+OR+ACT%5BTitle%2FAbstract%5D+OR+pilates%5BTitle%2FAbstract%5D+OR+treatment%5BTitle%2FAbstract%5D+OR+lactobacillus%5BTitle%2FAbstract%5D+OR+amino+acid%5BTitle%2FAbstract%5D+OR+rehabilitation%5BTitle%2FAbstract%5D+OR+low+carb+diet%5BTitle%2FAbstract%5D+OR+cognitive+behavioral+therapy%5BTitle%2FAbstract%5D+OR+stress+management%5BTitle%2FAbstract%5D+OR+acceptance+commitment+therapy%5BTitle%2FAbstract%5D+OR+benzodiazepine%5BTitle%2FAbstract%5D+OR+acupuncture%5BTitle%2FAbstract%5D+OR+flexibility+training%5BTitle%2FAbstract%5D+OR+psychotherapy%5BTitle%2FAbstract%5D+OR+dialectical+behavior+therapy%5BTitle%2FAbstract%5D+OR+mineral+supplement%5BTitle%2FAbstract%5D+OR+food+intervention%5BTitle%2FAbstract%5D+OR+%22Pharmaceutical+Preparations%22%5BMeSH+Terms%5D+OR+physical+therapy%5BTitle%2FAbstract%5D+OR+prebiotic%5BTitle%2FAbstract%5D+OR+DASH+diet%5BTitle%2FAbstract%5D+OR+vegetarian+diet%5BTitle%2FAbstract%5D+OR+vegan+diet%5BTitle%2FAbstract%5D+OR+beta+blocker%5BTitle%2FAbstract%5D+OR+occupational+therapy%5BTitle%2FAbstract%5D+OR+magnesium%5BTitle%2FAbstract%5D+OR+therapy%5BTitle%2FAbstract%5D+OR+caloric+restriction%5BTitle%2FAbstract%5D+OR+%22Behavioral+Therapy%22%5BMeSH+Terms%5D+OR+%22Physical+Therapy+Modalities%22%5BMeSH+Terms%5D+OR+running%5BTitle%2FAbstract%5D+OR+lifestyle+intervention%5BTitle%2FAbstract%5D+OR+%22Minerals%22%5BMeSH+Terms%5D+OR+behavior+modification%5BTitle%2FAbstract%5D+OR+antidepressant%5BTitle%2FAbstract%5D+OR+physiotherapy%5BTitle%2FAbstract%5D+OR+%22Drug+Therapy%22%5BMeSH+Terms%5D+OR+dietary+intervention%5BTitle%2FAbstract%5D+OR+%22Exercise+Therapy%22%5BMeSH+Terms%5D+OR+sleep+hygiene%5BTitle%2FAbstract%5D+OR+%22Psychotherapy%22%5BMeSH+Terms%5D+OR+chiropractic%5BTitle%2FAbstract%5D+OR+swimming%5BTitle%2FAbstract%5D+OR+%22ascorbic+acid%22%5BTitle%2FAbstract%5D+OR+counseling%5BTitle%2FAbstract%5D+OR+supplement%5BTitle%2FAbstract%5D+OR+DBT%5BTitle%2FAbstract%5D+OR+medication%5BTitle%2FAbstract%5D+OR+ketogenic+diet%5BTitle%2FAbstract%5D+OR+metformin%5BTitle%2FAbstract%5D+OR+smoking+cessation%5BTitle%2FAbstract%5D+OR+lifestyle+modification%5BTitle%2FAbstract%5D+OR+immunosuppressant%5BTitle%2FAbstract%5D+OR+calcium%5BTitle%2FAbstract%5D+OR+%22Exercise%22%5BMeSH+Terms%5D+OR+fiber+supplement%5BTitle%2FAbstract%5D+OR+balance+training%5BTitle%2FAbstract%5D+OR+CBT%5BTitle%2FAbstract%5D+OR+self-care%5BTitle%2FAbstract%5D+OR+antipsychotic%5BTitle%2FAbstract%5D+OR+insulin%5BTitle%2FAbstract%5D+OR+zinc%5BTitle%2FAbstract%5D+OR+social+support%5BTitle%2FAbstract%5D+OR+iron%5BTitle%2FAbstract%5D+OR+nutritional+intervention%5BTitle%2FAbstract%5D+OR+environmental+modification%5BTitle%2FAbstract%5D+OR+vitamin+B%5BTitle%2FAbstract%5D+OR+antioxidant%5BTitle%2FAbstract%5D+OR+mediterranean+diet%5BTitle%2FAbstract%5D+OR+%22Nutritional+Sciences%22%5BMeSH+Terms%5D%29+AND+%28%22Randomized+Controlled+Trial%22%5BPublication+Type%5D+OR+%22Clinical+Trial%22%5BPublication+Type%5D+OR+%22Controlled+Clinical+Trial%22%5BPublication+Type%5D+OR+randomized%5BTitle%2FAbstract%5D+OR+controlled+trial%5BTitle%2FAbstract%5D+OR+intervention+study%5BTitle%2FAbstract%5D+OR+clinical+trial%5BTitle%2FAbstract%5D+OR+RCT%5BTitle%2FAbstract%5D%29+AND+2020%3A3000%5Bpdat%5D&retmax=5&retmode=json&email=samisena%40outlook.com
2025-09-14 18:23:12,570 - src.paper_collection.pubmed_collector - INFO - search_papers completed in 0.85s
2025-09-14 18:23:12,570 - src.paper_collection.pubmed_collector - INFO - collect_interventions_by_condition completed in 0.85s
