2025-09-14 18:23:34,168 - src.paper_collection.semantic_scholar_enrichment - INFO - Starting full Semantic Scholar enrichment pipeline
2025-09-14 18:23:34,168 - src.paper_collection.semantic_scholar_enrichment - INFO - === Step 1: Enriching existing papers ===
2025-09-14 18:23:34,168 - src.paper_collection.semantic_scholar_enrichment - INFO - Starting Semantic Scholar enrichment of existing papers
2025-09-14 18:23:34,168 - src.paper_collection.semantic_scholar_enrichment - INFO - Found 2 papers to enrich with Semantic Scholar data
2025-09-14 18:23:34,646 - src.paper_collection.semantic_scholar_enrichment - INFO - Progress: 0/2 papers processed
2025-09-14 18:23:35,660 - src.paper_collection.semantic_scholar_enrichment - INFO - S2 enrichment completed: 0 enriched, 0 failed
2025-09-14 18:23:35,660 - src.paper_collection.semantic_scholar_enrichment - INFO - === Step 2: Discovering similar papers ===
2025-09-14 18:23:35,660 - src.paper_collection.semantic_scholar_enrichment - WARNING - Skipping similar paper discovery - no papers were enriched
2025-09-14 18:23:35,661 - src.paper_collection.semantic_scholar_enrichment - INFO - Full S2 enrichment pipeline completed in 1.5s
2025-09-14 18:23:35,661 - src.paper_collection.semantic_scholar_enrichment - INFO - Results: 0 enriched, 0 new papers discovered
2025-09-14 18:24:08,854 - src.paper_collection.semantic_scholar_enrichment - INFO - Starting full Semantic Scholar enrichment pipeline
2025-09-14 18:24:08,854 - src.paper_collection.semantic_scholar_enrichment - INFO - === Step 1: Enriching existing papers ===
2025-09-14 18:24:08,854 - src.paper_collection.semantic_scholar_enrichment - INFO - Starting Semantic Scholar enrichment of existing papers
2025-09-14 18:24:08,854 - src.paper_collection.semantic_scholar_enrichment - INFO - Found 0 papers to enrich with Semantic Scholar data
2025-09-14 18:24:08,854 - src.paper_collection.semantic_scholar_enrichment - INFO - No papers need S2 enrichment
2025-09-14 18:24:08,860 - src.paper_collection.semantic_scholar_enrichment - INFO - === Step 2: Discovering similar papers ===
2025-09-14 18:24:08,860 - src.paper_collection.semantic_scholar_enrichment - WARNING - Skipping similar paper discovery - no papers were enriched
2025-09-14 18:24:08,860 - src.paper_collection.semantic_scholar_enrichment - INFO - Full S2 enrichment pipeline completed in 0.0s
2025-09-14 18:24:08,860 - src.paper_collection.semantic_scholar_enrichment - INFO - Results: 0 enriched, 0 new papers discovered
2025-09-14 18:24:38,164 - src.paper_collection.semantic_scholar_enrichment - INFO - Starting full Semantic Scholar enrichment pipeline
2025-09-14 18:24:38,164 - src.paper_collection.semantic_scholar_enrichment - INFO - === Step 1: Enriching existing papers ===
2025-09-14 18:24:38,164 - src.paper_collection.semantic_scholar_enrichment - INFO - Starting Semantic Scholar enrichment of existing papers
2025-09-14 18:24:38,164 - src.paper_collection.semantic_scholar_enrichment - INFO - Found 2 papers to enrich with Semantic Scholar data
2025-09-14 18:24:38,880 - src.paper_collection.semantic_scholar_enrichment - INFO - Progress: 0/2 papers processed
2025-09-14 18:24:39,888 - src.paper_collection.semantic_scholar_enrichment - INFO - S2 enrichment completed: 0 enriched, 0 failed
2025-09-14 18:24:39,888 - src.paper_collection.semantic_scholar_enrichment - INFO - === Step 2: Discovering similar papers ===
2025-09-14 18:24:39,888 - src.paper_collection.semantic_scholar_enrichment - WARNING - Skipping similar paper discovery - no papers were enriched
2025-09-14 18:24:39,888 - src.paper_collection.semantic_scholar_enrichment - INFO - Full S2 enrichment pipeline completed in 1.7s
2025-09-14 18:24:39,888 - src.paper_collection.semantic_scholar_enrichment - INFO - Results: 0 enriched, 0 new papers discovered
2025-09-14 18:25:17,681 - src.paper_collection.semantic_scholar_enrichment - INFO - Starting full Semantic Scholar enrichment pipeline
2025-09-14 18:25:17,681 - src.paper_collection.semantic_scholar_enrichment - INFO - === Step 1: Enriching existing papers ===
2025-09-14 18:25:17,681 - src.paper_collection.semantic_scholar_enrichment - INFO - Starting Semantic Scholar enrichment of existing papers
2025-09-14 18:25:17,681 - src.paper_collection.semantic_scholar_enrichment - INFO - Found 2 papers to enrich with Semantic Scholar data
2025-09-14 18:25:18,082 - src.paper_collection.semantic_scholar_enrichment - INFO - Progress: 0/2 papers processed
2025-09-14 18:25:19,092 - src.paper_collection.semantic_scholar_enrichment - INFO - S2 enrichment completed: 0 enriched, 0 failed
2025-09-14 18:25:19,092 - src.paper_collection.semantic_scholar_enrichment - INFO - === Step 2: Discovering similar papers ===
2025-09-14 18:25:19,092 - src.paper_collection.semantic_scholar_enrichment - WARNING - Skipping similar paper discovery - no papers were enriched
2025-09-14 18:25:19,092 - src.paper_collection.semantic_scholar_enrichment - INFO - Full S2 enrichment pipeline completed in 1.4s
2025-09-14 18:25:19,092 - src.paper_collection.semantic_scholar_enrichment - INFO - Results: 0 enriched, 0 new papers discovered
2025-09-14 18:26:27,566 - src.paper_collection.semantic_scholar_enrichment - INFO - Starting full Semantic Scholar enrichment pipeline
2025-09-14 18:26:27,566 - src.paper_collection.semantic_scholar_enrichment - INFO - === Step 1: Enriching existing papers ===
2025-09-14 18:26:27,566 - src.paper_collection.semantic_scholar_enrichment - INFO - Starting Semantic Scholar enrichment of existing papers
2025-09-14 18:26:27,566 - src.paper_collection.semantic_scholar_enrichment - INFO - Found 1 papers to enrich with Semantic Scholar data
2025-09-14 18:26:27,855 - src.paper_collection.semantic_scholar_enrichment - ERROR - Error enriching paper batch: 400 Client Error: Bad Request for url: https://api.semanticscholar.org/graph/v1/paper/batch?fields=paperId%2Ctitle%2Cabstract%2Cyear%2Cauthors%2Cjournal%2CcitationCount%2CinfluentialCitationCount%2CfieldsOfStudy%2Ctldr%2Cembedding
2025-09-14 18:26:27,855 - src.paper_collection.semantic_scholar_enrichment - INFO - Progress: 1/1 papers processed
2025-09-14 18:26:28,867 - src.paper_collection.semantic_scholar_enrichment - INFO - S2 enrichment completed: 0 enriched, 1 failed
2025-09-14 18:26:28,867 - src.paper_collection.semantic_scholar_enrichment - INFO - === Step 2: Discovering similar papers ===
2025-09-14 18:26:28,867 - src.paper_collection.semantic_scholar_enrichment - WARNING - Skipping similar paper discovery - no papers were enriched
2025-09-14 18:26:28,867 - src.paper_collection.semantic_scholar_enrichment - INFO - Full S2 enrichment pipeline completed in 1.3s
2025-09-14 18:26:28,867 - src.paper_collection.semantic_scholar_enrichment - INFO - Results: 0 enriched, 0 new papers discovered
2025-09-14 18:26:54,674 - src.paper_collection.semantic_scholar_enrichment - INFO - Starting full Semantic Scholar enrichment pipeline
2025-09-14 18:26:54,675 - src.paper_collection.semantic_scholar_enrichment - INFO - === Step 1: Enriching existing papers ===
2025-09-14 18:26:54,675 - src.paper_collection.semantic_scholar_enrichment - INFO - Starting Semantic Scholar enrichment of existing papers
2025-09-14 18:26:54,675 - src.paper_collection.semantic_scholar_enrichment - INFO - Found 1 papers to enrich with Semantic Scholar data
2025-09-14 18:26:55,232 - src.paper_collection.semantic_scholar_enrichment - ERROR - Error enriching paper batch: 400 Client Error: Bad Request for url: https://api.semanticscholar.org/graph/v1/paper/batch?fields=paperId%2Ctitle%2Cabstract%2Cyear%2Cauthors%2Cjournal%2CcitationCount%2CinfluentialCitationCount%2CfieldsOfStudy%2Ctldr%2CexternalIds
2025-09-14 18:26:55,233 - src.paper_collection.semantic_scholar_enrichment - INFO - Progress: 1/1 papers processed
2025-09-14 18:26:56,244 - src.paper_collection.semantic_scholar_enrichment - INFO - S2 enrichment completed: 0 enriched, 1 failed
2025-09-14 18:26:56,244 - src.paper_collection.semantic_scholar_enrichment - INFO - === Step 2: Discovering similar papers ===
2025-09-14 18:26:56,244 - src.paper_collection.semantic_scholar_enrichment - WARNING - Skipping similar paper discovery - no papers were enriched
2025-09-14 18:26:56,244 - src.paper_collection.semantic_scholar_enrichment - INFO - Full S2 enrichment pipeline completed in 1.6s
2025-09-14 18:26:56,244 - src.paper_collection.semantic_scholar_enrichment - INFO - Results: 0 enriched, 0 new papers discovered
2025-09-14 18:27:10,290 - src.paper_collection.semantic_scholar_enrichment - INFO - Starting full Semantic Scholar enrichment pipeline
2025-09-14 18:27:10,290 - src.paper_collection.semantic_scholar_enrichment - INFO - === Step 1: Enriching existing papers ===
2025-09-14 18:27:10,290 - src.paper_collection.semantic_scholar_enrichment - INFO - Starting Semantic Scholar enrichment of existing papers
2025-09-14 18:27:10,290 - src.paper_collection.semantic_scholar_enrichment - INFO - Found 1 papers to enrich with Semantic Scholar data
2025-09-14 18:27:10,887 - src.paper_collection.semantic_scholar_enrichment - ERROR - Error enriching paper batch: 400 Client Error: Bad Request for url: https://api.semanticscholar.org/graph/v1/paper/batch?fields=paperId%2Ctitle%2Cabstract%2Cyear%2Cauthors%2Cjournal%2CcitationCount%2CinfluentialCitationCount%2CfieldsOfStudy%2Ctldr%2CexternalIds
2025-09-14 18:27:10,887 - src.paper_collection.semantic_scholar_enrichment - INFO - Progress: 1/1 papers processed
2025-09-14 18:27:11,887 - src.paper_collection.semantic_scholar_enrichment - INFO - S2 enrichment completed: 0 enriched, 1 failed
2025-09-14 18:27:11,887 - src.paper_collection.semantic_scholar_enrichment - INFO - === Step 2: Discovering similar papers ===
2025-09-14 18:27:11,887 - src.paper_collection.semantic_scholar_enrichment - WARNING - Skipping similar paper discovery - no papers were enriched
2025-09-14 18:27:11,887 - src.paper_collection.semantic_scholar_enrichment - INFO - Full S2 enrichment pipeline completed in 1.6s
2025-09-14 18:27:11,887 - src.paper_collection.semantic_scholar_enrichment - INFO - Results: 0 enriched, 0 new papers discovered
2025-09-14 18:27:42,333 - src.paper_collection.semantic_scholar_enrichment - INFO - Starting full Semantic Scholar enrichment pipeline
2025-09-14 18:27:42,333 - src.paper_collection.semantic_scholar_enrichment - INFO - === Step 1: Enriching existing papers ===
2025-09-14 18:27:42,333 - src.paper_collection.semantic_scholar_enrichment - INFO - Starting Semantic Scholar enrichment of existing papers
2025-09-14 18:27:42,333 - src.paper_collection.semantic_scholar_enrichment - INFO - Found 1 papers to enrich with Semantic Scholar data
2025-09-14 18:27:42,902 - src.paper_collection.semantic_scholar_enrichment - INFO - Progress: 1/1 papers processed
2025-09-14 18:27:43,911 - src.paper_collection.semantic_scholar_enrichment - INFO - S2 enrichment completed: 1 enriched, 0 failed
2025-09-14 18:27:43,911 - src.paper_collection.semantic_scholar_enrichment - INFO - === Step 2: Discovering similar papers ===
2025-09-14 18:27:43,911 - src.paper_collection.semantic_scholar_enrichment - INFO - Starting similar paper discovery via Semantic Scholar
2025-09-14 18:27:43,912 - src.paper_collection.semantic_scholar_enrichment - INFO - Using 2 papers as seeds for similarity search
2025-09-14 18:27:44,683 - src.paper_collection.semantic_scholar_enrichment - WARNING - Failed to get similar papers for PMID 25646566: 404 Client Error: Not Found for url: https://api.semanticscholar.org/graph/v1/paper/PMID:25646566/recommendations?fields=paperId%2Ctitle%2Cabstract%2Cyear%2Cauthors%2Cjournal%2CcitationCount%2Ctldr&limit=5
2025-09-14 18:27:45,525 - src.paper_collection.semantic_scholar_enrichment - WARNING - Failed to get similar papers for PMID 33486083: 404 Client Error: Not Found for url: https://api.semanticscholar.org/graph/v1/paper/PMID:33486083/recommendations?fields=paperId%2Ctitle%2Cabstract%2Cyear%2Cauthors%2Cjournal%2CcitationCount%2Ctldr&limit=5
2025-09-14 18:27:45,525 - src.paper_collection.semantic_scholar_enrichment - INFO - Similar paper discovery completed: 0 new papers found, 0 duplicates skipped
2025-09-14 18:27:45,525 - src.paper_collection.semantic_scholar_enrichment - INFO - Full S2 enrichment pipeline completed in 3.2s
2025-09-14 18:27:45,525 - src.paper_collection.semantic_scholar_enrichment - INFO - Results: 1 enriched, 0 new papers discovered
2025-09-14 18:28:12,006 - src.paper_collection.semantic_scholar_enrichment - INFO - Starting full Semantic Scholar enrichment pipeline
2025-09-14 18:28:12,006 - src.paper_collection.semantic_scholar_enrichment - INFO - === Step 1: Enriching existing papers ===
2025-09-14 18:28:12,006 - src.paper_collection.semantic_scholar_enrichment - INFO - Starting Semantic Scholar enrichment of existing papers
2025-09-14 18:28:12,006 - src.paper_collection.semantic_scholar_enrichment - INFO - Found 0 papers to enrich with Semantic Scholar data
2025-09-14 18:28:12,006 - src.paper_collection.semantic_scholar_enrichment - INFO - No papers need S2 enrichment
2025-09-14 18:28:12,006 - src.paper_collection.semantic_scholar_enrichment - INFO - === Step 2: Discovering similar papers ===
2025-09-14 18:28:12,006 - src.paper_collection.semantic_scholar_enrichment - WARNING - Skipping similar paper discovery - no papers were enriched
2025-09-14 18:28:12,006 - src.paper_collection.semantic_scholar_enrichment - INFO - Full S2 enrichment pipeline completed in 0.0s
2025-09-14 18:28:12,006 - src.paper_collection.semantic_scholar_enrichment - INFO - Results: 0 enriched, 0 new papers discovered
2025-09-14 18:28:23,432 - src.paper_collection.semantic_scholar_enrichment - INFO - Starting full Semantic Scholar enrichment pipeline
2025-09-14 18:28:23,432 - src.paper_collection.semantic_scholar_enrichment - INFO - === Step 1: Enriching existing papers ===
2025-09-14 18:28:23,432 - src.paper_collection.semantic_scholar_enrichment - INFO - Starting Semantic Scholar enrichment of existing papers
2025-09-14 18:28:23,432 - src.paper_collection.semantic_scholar_enrichment - INFO - Found 0 papers to enrich with Semantic Scholar data
2025-09-14 18:28:23,433 - src.paper_collection.semantic_scholar_enrichment - INFO - No papers need S2 enrichment
2025-09-14 18:28:23,433 - src.paper_collection.semantic_scholar_enrichment - INFO - === Step 2: Discovering similar papers ===
2025-09-14 18:28:23,433 - src.paper_collection.semantic_scholar_enrichment - WARNING - Skipping similar paper discovery - no papers were enriched
2025-09-14 18:28:23,433 - src.paper_collection.semantic_scholar_enrichment - INFO - Full S2 enrichment pipeline completed in 0.0s
2025-09-14 18:28:23,433 - src.paper_collection.semantic_scholar_enrichment - INFO - Results: 0 enriched, 0 new papers discovered
2025-09-14 18:28:37,849 - src.paper_collection.semantic_scholar_enrichment - INFO - Starting full Semantic Scholar enrichment pipeline
2025-09-14 18:28:37,849 - src.paper_collection.semantic_scholar_enrichment - INFO - === Step 1: Enriching existing papers ===
2025-09-14 18:28:37,849 - src.paper_collection.semantic_scholar_enrichment - INFO - Starting Semantic Scholar enrichment of existing papers
2025-09-14 18:28:37,849 - src.paper_collection.semantic_scholar_enrichment - INFO - Found 0 papers to enrich with Semantic Scholar data
2025-09-14 18:28:37,849 - src.paper_collection.semantic_scholar_enrichment - INFO - No papers need S2 enrichment
2025-09-14 18:28:37,849 - src.paper_collection.semantic_scholar_enrichment - INFO - === Step 2: Discovering similar papers ===
2025-09-14 18:28:37,849 - src.paper_collection.semantic_scholar_enrichment - WARNING - Skipping similar paper discovery - no papers were enriched
2025-09-14 18:28:37,849 - src.paper_collection.semantic_scholar_enrichment - INFO - Full S2 enrichment pipeline completed in 0.0s
2025-09-14 18:28:37,849 - src.paper_collection.semantic_scholar_enrichment - INFO - Results: 0 enriched, 0 new papers discovered
2025-09-16 19:41:24,020 - src.paper_collection.semantic_scholar_enrichment - INFO - Starting full Semantic Scholar enrichment pipeline
2025-09-16 19:41:24,020 - src.paper_collection.semantic_scholar_enrichment - INFO - === Step 1: Enriching existing papers ===
2025-09-16 19:41:24,020 - src.paper_collection.semantic_scholar_enrichment - INFO - Starting Semantic Scholar enrichment of existing papers
2025-09-16 19:41:24,020 - src.paper_collection.semantic_scholar_enrichment - INFO - Found 10 papers to enrich with Semantic Scholar data
2025-09-16 19:41:24,560 - src.paper_collection.semantic_scholar_enrichment - INFO - Progress: 9/10 papers processed
2025-09-16 19:41:25,569 - src.paper_collection.semantic_scholar_enrichment - INFO - S2 enrichment completed: 9 enriched, 0 failed
2025-09-16 19:41:25,569 - src.paper_collection.semantic_scholar_enrichment - INFO - === Step 2: Discovering similar papers ===
2025-09-16 19:41:25,569 - src.paper_collection.semantic_scholar_enrichment - INFO - Starting similar paper discovery via Semantic Scholar
2025-09-16 19:41:25,570 - src.paper_collection.semantic_scholar_enrichment - INFO - Using 11 papers as seeds for similarity search
2025-09-16 19:41:26,337 - src.paper_collection.semantic_scholar_enrichment - WARNING - Failed to get similar papers for PMID 25646566: 404 Client Error: Not Found for url: https://api.semanticscholar.org/graph/v1/paper/PMID:25646566/recommendations?fields=paperId%2Ctitle%2Cabstract%2Cyear%2Cauthors%2Cjournal%2CcitationCount%2Ctldr&limit=5
2025-09-16 19:41:27,123 - src.paper_collection.semantic_scholar_enrichment - WARNING - Failed to get similar papers for PMID 33486083: 404 Client Error: Not Found for url: https://api.semanticscholar.org/graph/v1/paper/PMID:33486083/recommendations?fields=paperId%2Ctitle%2Cabstract%2Cyear%2Cauthors%2Cjournal%2CcitationCount%2Ctldr&limit=5
2025-09-16 19:41:27,936 - src.paper_collection.semantic_scholar_enrichment - WARNING - Failed to get similar papers for PMID 40908534: 404 Client Error: Not Found for url: https://api.semanticscholar.org/graph/v1/paper/PMID:40908534/recommendations?fields=paperId%2Ctitle%2Cabstract%2Cyear%2Cauthors%2Cjournal%2CcitationCount%2Ctldr&limit=5
2025-09-16 19:41:27,936 - src.paper_collection.semantic_scholar_enrichment - WARNING - Failed to get similar papers for PMID 40904246: Circuit breaker open for get_similar_papers
2025-09-16 19:41:27,937 - src.paper_collection.semantic_scholar_enrichment - WARNING - Failed to get similar papers for PMID 40891151: Circuit breaker open for get_similar_papers
2025-09-16 19:41:27,937 - src.paper_collection.semantic_scholar_enrichment - WARNING - Failed to get similar papers for PMID 40851355: Circuit breaker open for get_similar_papers
2025-09-16 19:41:27,937 - src.paper_collection.semantic_scholar_enrichment - WARNING - Failed to get similar papers for PMID 40786128: Circuit breaker open for get_similar_papers
2025-09-16 19:41:27,937 - src.paper_collection.semantic_scholar_enrichment - WARNING - Failed to get similar papers for PMID 40765115: Circuit breaker open for get_similar_papers
2025-09-16 19:41:27,937 - src.paper_collection.semantic_scholar_enrichment - WARNING - Failed to get similar papers for PMID 40728847: Circuit breaker open for get_similar_papers
2025-09-16 19:41:27,937 - src.paper_collection.semantic_scholar_enrichment - WARNING - Failed to get similar papers for PMID 40712106: Circuit breaker open for get_similar_papers
2025-09-16 19:41:27,937 - src.paper_collection.semantic_scholar_enrichment - WARNING - Failed to get similar papers for PMID 40706614: Circuit breaker open for get_similar_papers
2025-09-16 19:41:27,937 - src.paper_collection.semantic_scholar_enrichment - INFO - Similar paper discovery completed: 0 new papers found, 0 duplicates skipped
2025-09-16 19:41:27,937 - src.paper_collection.semantic_scholar_enrichment - INFO - Full S2 enrichment pipeline completed in 3.9s
2025-09-16 19:41:27,937 - src.paper_collection.semantic_scholar_enrichment - INFO - Results: 9 enriched, 0 new papers discovered
