2025-09-25 19:56:32,888 - INFO - Created backup: data/processed/intervention_research_simple_migration_backup_20250925_195632.db
2025-09-25 19:56:32,892 - INFO - Found 871 records to migrate
2025-09-25 19:56:32,909 - INFO - Processed 100/871 records...
2025-09-25 19:56:32,931 - INFO - Processed 200/871 records...
2025-09-25 19:56:32,949 - INFO - Processed 300/871 records...
2025-09-25 19:56:32,970 - INFO - Processed 400/871 records...
2025-09-25 19:56:32,990 - INFO - Processed 500/871 records...
2025-09-25 19:56:33,011 - INFO - Processed 600/871 records...
2025-09-25 19:56:33,029 - INFO - Processed 700/871 records...
2025-09-25 19:56:33,049 - INFO - Processed 800/871 records...
2025-09-25 19:56:33,063 - INFO - 
================================================================================
MIGRATION COMPLETE
================================================================================
Total records processed: 871
Successful: 871
Errors: 0
Success rate: 100.0%
Backup created: data/processed/intervention_research_simple_migration_backup_20250925_195632.db
================================================================================
        
